Sender: LSF System <lsfadmin@r01n21>
Subject: Job 3776330: <explicit_heat_problem> in cluster <sustchpc> Done

Job <explicit_heat_problem> was submitted from host <login02> by user <mae-lizj> in cluster <sustchpc> at Fri May 27 20:27:13 2022.
Job was executed on host(s) <r01n21>, in queue <ser>, as user <mae-lizj> in cluster <sustchpc> at Fri May 27 20:27:13 2022.
</work/mae-lizj> was used as the home directory.
</work/mae-lizj/HPC_testing/final_project/explicit_Euler> was used as the working directory.
Started at Fri May 27 20:27:13 2022.
Terminated at Fri May 27 20:27:17 2022.
Results reported at Fri May 27 20:27:17 2022.

Your job looked like:

------------------------------------------------------------
# LSBATCH: User input
#!/bin/bash
#BSUB -J explicit_heat_problem
#BSUB -q ser
#BSUB -n 1
#BSUB -e %J.err
#BSUB -o %J.out

module purge
module load intel/2018.4
module load mpi/intel/2018.4

mpirun -np 1 ./explicit_heat.out -ksp_type gmres \
  -ksp_gmres_restart 30 -ksp_rtol 1.0e-10 \
  -ksp_atol 1.0e-50 -ksp_max_it 1500 \
  -ksp_gmres_modifiedgramschmidt \
  -pc_type asm \
  -sub_ksp_type richardson \
  -sub_pc_type icc -ksp_monitor_short \
  -ksp_converged_reason \
  -ksp_view \
  -log_view > $LSB_JOBID.log 2>&1

------------------------------------------------------------

Successfully completed.

Resource usage summary:

    CPU time :                                   2.00 sec.
    Max Memory :                                 24 MB
    Average Memory :                             12.00 MB
    Total Requested Memory :                     -
    Delta Memory :                               -
    Max Swap :                                   -
    Max Processes :                              7
    Max Threads :                                9
    Run time :                                   4 sec.
    Turnaround time :                            4 sec.

The output (if any) follows:



PS:

Read file <3776330.err> for stderr output of this job.

