n = 500
dx = 0.002000
beta = 2.500000
Mat Object: 1 MPI processes
  type: seqaij
row 0: (0, 6.)  (1, -2.5) 
row 1: (0, -2.5)  (1, 6.)  (2, -2.5) 
row 2: (1, -2.5)  (2, 6.)  (3, -2.5) 
row 3: (2, -2.5)  (3, 6.)  (4, -2.5) 
row 4: (3, -2.5)  (4, 6.)  (5, -2.5) 
row 5: (4, -2.5)  (5, 6.)  (6, -2.5) 
row 6: (5, -2.5)  (6, 6.)  (7, -2.5) 
row 7: (6, -2.5)  (7, 6.)  (8, -2.5) 
row 8: (7, -2.5)  (8, 6.)  (9, -2.5) 
row 9: (8, -2.5)  (9, 6.)  (10, -2.5) 
row 10: (9, -2.5)  (10, 6.)  (11, -2.5) 
row 11: (10, -2.5)  (11, 6.)  (12, -2.5) 
row 12: (11, -2.5)  (12, 6.)  (13, -2.5) 
row 13: (12, -2.5)  (13, 6.)  (14, -2.5) 
row 14: (13, -2.5)  (14, 6.)  (15, -2.5) 
row 15: (14, -2.5)  (15, 6.)  (16, -2.5) 
row 16: (15, -2.5)  (16, 6.)  (17, -2.5) 
row 17: (16, -2.5)  (17, 6.)  (18, -2.5) 
row 18: (17, -2.5)  (18, 6.)  (19, -2.5) 
row 19: (18, -2.5)  (19, 6.)  (20, -2.5) 
row 20: (19, -2.5)  (20, 6.)  (21, -2.5) 
row 21: (20, -2.5)  (21, 6.)  (22, -2.5) 
row 22: (21, -2.5)  (22, 6.)  (23, -2.5) 
row 23: (22, -2.5)  (23, 6.)  (24, -2.5) 
row 24: (23, -2.5)  (24, 6.)  (25, -2.5) 
row 25: (24, -2.5)  (25, 6.)  (26, -2.5) 
row 26: (25, -2.5)  (26, 6.)  (27, -2.5) 
row 27: (26, -2.5)  (27, 6.)  (28, -2.5) 
row 28: (27, -2.5)  (28, 6.)  (29, -2.5) 
row 29: (28, -2.5)  (29, 6.)  (30, -2.5) 
row 30: (29, -2.5)  (30, 6.)  (31, -2.5) 
row 31: (30, -2.5)  (31, 6.)  (32, -2.5) 
row 32: (31, -2.5)  (32, 6.)  (33, -2.5) 
row 33: (32, -2.5)  (33, 6.)  (34, -2.5) 
row 34: (33, -2.5)  (34, 6.)  (35, -2.5) 
row 35: (34, -2.5)  (35, 6.)  (36, -2.5) 
row 36: (35, -2.5)  (36, 6.)  (37, -2.5) 
row 37: (36, -2.5)  (37, 6.)  (38, -2.5) 
row 38: (37, -2.5)  (38, 6.)  (39, -2.5) 
row 39: (38, -2.5)  (39, 6.)  (40, -2.5) 
row 40: (39, -2.5)  (40, 6.)  (41, -2.5) 
row 41: (40, -2.5)  (41, 6.)  (42, -2.5) 
row 42: (41, -2.5)  (42, 6.)  (43, -2.5) 
row 43: (42, -2.5)  (43, 6.)  (44, -2.5) 
row 44: (43, -2.5)  (44, 6.)  (45, -2.5) 
row 45: (44, -2.5)  (45, 6.)  (46, -2.5) 
row 46: (45, -2.5)  (46, 6.)  (47, -2.5) 
row 47: (46, -2.5)  (47, 6.)  (48, -2.5) 
row 48: (47, -2.5)  (48, 6.)  (49, -2.5) 
row 49: (48, -2.5)  (49, 6.)  (50, -2.5) 
row 50: (49, -2.5)  (50, 6.)  (51, -2.5) 
row 51: (50, -2.5)  (51, 6.)  (52, -2.5) 
row 52: (51, -2.5)  (52, 6.)  (53, -2.5) 
row 53: (52, -2.5)  (53, 6.)  (54, -2.5) 
row 54: (53, -2.5)  (54, 6.)  (55, -2.5) 
row 55: (54, -2.5)  (55, 6.)  (56, -2.5) 
row 56: (55, -2.5)  (56, 6.)  (57, -2.5) 
row 57: (56, -2.5)  (57, 6.)  (58, -2.5) 
row 58: (57, -2.5)  (58, 6.)  (59, -2.5) 
row 59: (58, -2.5)  (59, 6.)  (60, -2.5) 
row 60: (59, -2.5)  (60, 6.)  (61, -2.5) 
row 61: (60, -2.5)  (61, 6.)  (62, -2.5) 
row 62: (61, -2.5)  (62, 6.)  (63, -2.5) 
row 63: (62, -2.5)  (63, 6.)  (64, -2.5) 
row 64: (63, -2.5)  (64, 6.)  (65, -2.5) 
row 65: (64, -2.5)  (65, 6.)  (66, -2.5) 
row 66: (65, -2.5)  (66, 6.)  (67, -2.5) 
row 67: (66, -2.5)  (67, 6.)  (68, -2.5) 
row 68: (67, -2.5)  (68, 6.)  (69, -2.5) 
row 69: (68, -2.5)  (69, 6.)  (70, -2.5) 
row 70: (69, -2.5)  (70, 6.)  (71, -2.5) 
row 71: (70, -2.5)  (71, 6.)  (72, -2.5) 
row 72: (71, -2.5)  (72, 6.)  (73, -2.5) 
row 73: (72, -2.5)  (73, 6.)  (74, -2.5) 
row 74: (73, -2.5)  (74, 6.)  (75, -2.5) 
row 75: (74, -2.5)  (75, 6.)  (76, -2.5) 
row 76: (75, -2.5)  (76, 6.)  (77, -2.5) 
row 77: (76, -2.5)  (77, 6.)  (78, -2.5) 
row 78: (77, -2.5)  (78, 6.)  (79, -2.5) 
row 79: (78, -2.5)  (79, 6.)  (80, -2.5) 
row 80: (79, -2.5)  (80, 6.)  (81, -2.5) 
row 81: (80, -2.5)  (81, 6.)  (82, -2.5) 
row 82: (81, -2.5)  (82, 6.)  (83, -2.5) 
row 83: (82, -2.5)  (83, 6.)  (84, -2.5) 
row 84: (83, -2.5)  (84, 6.)  (85, -2.5) 
row 85: (84, -2.5)  (85, 6.)  (86, -2.5) 
row 86: (85, -2.5)  (86, 6.)  (87, -2.5) 
row 87: (86, -2.5)  (87, 6.)  (88, -2.5) 
row 88: (87, -2.5)  (88, 6.)  (89, -2.5) 
row 89: (88, -2.5)  (89, 6.)  (90, -2.5) 
row 90: (89, -2.5)  (90, 6.)  (91, -2.5) 
row 91: (90, -2.5)  (91, 6.)  (92, -2.5) 
row 92: (91, -2.5)  (92, 6.)  (93, -2.5) 
row 93: (92, -2.5)  (93, 6.)  (94, -2.5) 
row 94: (93, -2.5)  (94, 6.)  (95, -2.5) 
row 95: (94, -2.5)  (95, 6.)  (96, -2.5) 
row 96: (95, -2.5)  (96, 6.)  (97, -2.5) 
row 97: (96, -2.5)  (97, 6.)  (98, -2.5) 
row 98: (97, -2.5)  (98, 6.)  (99, -2.5) 
row 99: (98, -2.5)  (99, 6.)  (100, -2.5) 
row 100: (99, -2.5)  (100, 6.)  (101, -2.5) 
row 101: (100, -2.5)  (101, 6.)  (102, -2.5) 
row 102: (101, -2.5)  (102, 6.)  (103, -2.5) 
row 103: (102, -2.5)  (103, 6.)  (104, -2.5) 
row 104: (103, -2.5)  (104, 6.)  (105, -2.5) 
row 105: (104, -2.5)  (105, 6.)  (106, -2.5) 
row 106: (105, -2.5)  (106, 6.)  (107, -2.5) 
row 107: (106, -2.5)  (107, 6.)  (108, -2.5) 
row 108: (107, -2.5)  (108, 6.)  (109, -2.5) 
row 109: (108, -2.5)  (109, 6.)  (110, -2.5) 
row 110: (109, -2.5)  (110, 6.)  (111, -2.5) 
row 111: (110, -2.5)  (111, 6.)  (112, -2.5) 
row 112: (111, -2.5)  (112, 6.)  (113, -2.5) 
row 113: (112, -2.5)  (113, 6.)  (114, -2.5) 
row 114: (113, -2.5)  (114, 6.)  (115, -2.5) 
row 115: (114, -2.5)  (115, 6.)  (116, -2.5) 
row 116: (115, -2.5)  (116, 6.)  (117, -2.5) 
row 117: (116, -2.5)  (117, 6.)  (118, -2.5) 
row 118: (117, -2.5)  (118, 6.)  (119, -2.5) 
row 119: (118, -2.5)  (119, 6.)  (120, -2.5) 
row 120: (119, -2.5)  (120, 6.)  (121, -2.5) 
row 121: (120, -2.5)  (121, 6.)  (122, -2.5) 
row 122: (121, -2.5)  (122, 6.)  (123, -2.5) 
row 123: (122, -2.5)  (123, 6.)  (124, -2.5) 
row 124: (123, -2.5)  (124, 6.)  (125, -2.5) 
row 125: (124, -2.5)  (125, 6.)  (126, -2.5) 
row 126: (125, -2.5)  (126, 6.)  (127, -2.5) 
row 127: (126, -2.5)  (127, 6.)  (128, -2.5) 
row 128: (127, -2.5)  (128, 6.)  (129, -2.5) 
row 129: (128, -2.5)  (129, 6.)  (130, -2.5) 
row 130: (129, -2.5)  (130, 6.)  (131, -2.5) 
row 131: (130, -2.5)  (131, 6.)  (132, -2.5) 
row 132: (131, -2.5)  (132, 6.)  (133, -2.5) 
row 133: (132, -2.5)  (133, 6.)  (134, -2.5) 
row 134: (133, -2.5)  (134, 6.)  (135, -2.5) 
row 135: (134, -2.5)  (135, 6.)  (136, -2.5) 
row 136: (135, -2.5)  (136, 6.)  (137, -2.5) 
row 137: (136, -2.5)  (137, 6.)  (138, -2.5) 
row 138: (137, -2.5)  (138, 6.)  (139, -2.5) 
row 139: (138, -2.5)  (139, 6.)  (140, -2.5) 
row 140: (139, -2.5)  (140, 6.)  (141, -2.5) 
row 141: (140, -2.5)  (141, 6.)  (142, -2.5) 
row 142: (141, -2.5)  (142, 6.)  (143, -2.5) 
row 143: (142, -2.5)  (143, 6.)  (144, -2.5) 
row 144: (143, -2.5)  (144, 6.)  (145, -2.5) 
row 145: (144, -2.5)  (145, 6.)  (146, -2.5) 
row 146: (145, -2.5)  (146, 6.)  (147, -2.5) 
row 147: (146, -2.5)  (147, 6.)  (148, -2.5) 
row 148: (147, -2.5)  (148, 6.)  (149, -2.5) 
row 149: (148, -2.5)  (149, 6.)  (150, -2.5) 
row 150: (149, -2.5)  (150, 6.)  (151, -2.5) 
row 151: (150, -2.5)  (151, 6.)  (152, -2.5) 
row 152: (151, -2.5)  (152, 6.)  (153, -2.5) 
row 153: (152, -2.5)  (153, 6.)  (154, -2.5) 
row 154: (153, -2.5)  (154, 6.)  (155, -2.5) 
row 155: (154, -2.5)  (155, 6.)  (156, -2.5) 
row 156: (155, -2.5)  (156, 6.)  (157, -2.5) 
row 157: (156, -2.5)  (157, 6.)  (158, -2.5) 
row 158: (157, -2.5)  (158, 6.)  (159, -2.5) 
row 159: (158, -2.5)  (159, 6.)  (160, -2.5) 
row 160: (159, -2.5)  (160, 6.)  (161, -2.5) 
row 161: (160, -2.5)  (161, 6.)  (162, -2.5) 
row 162: (161, -2.5)  (162, 6.)  (163, -2.5) 
row 163: (162, -2.5)  (163, 6.)  (164, -2.5) 
row 164: (163, -2.5)  (164, 6.)  (165, -2.5) 
row 165: (164, -2.5)  (165, 6.)  (166, -2.5) 
row 166: (165, -2.5)  (166, 6.)  (167, -2.5) 
row 167: (166, -2.5)  (167, 6.)  (168, -2.5) 
row 168: (167, -2.5)  (168, 6.)  (169, -2.5) 
row 169: (168, -2.5)  (169, 6.)  (170, -2.5) 
row 170: (169, -2.5)  (170, 6.)  (171, -2.5) 
row 171: (170, -2.5)  (171, 6.)  (172, -2.5) 
row 172: (171, -2.5)  (172, 6.)  (173, -2.5) 
row 173: (172, -2.5)  (173, 6.)  (174, -2.5) 
row 174: (173, -2.5)  (174, 6.)  (175, -2.5) 
row 175: (174, -2.5)  (175, 6.)  (176, -2.5) 
row 176: (175, -2.5)  (176, 6.)  (177, -2.5) 
row 177: (176, -2.5)  (177, 6.)  (178, -2.5) 
row 178: (177, -2.5)  (178, 6.)  (179, -2.5) 
row 179: (178, -2.5)  (179, 6.)  (180, -2.5) 
row 180: (179, -2.5)  (180, 6.)  (181, -2.5) 
row 181: (180, -2.5)  (181, 6.)  (182, -2.5) 
row 182: (181, -2.5)  (182, 6.)  (183, -2.5) 
row 183: (182, -2.5)  (183, 6.)  (184, -2.5) 
row 184: (183, -2.5)  (184, 6.)  (185, -2.5) 
row 185: (184, -2.5)  (185, 6.)  (186, -2.5) 
row 186: (185, -2.5)  (186, 6.)  (187, -2.5) 
row 187: (186, -2.5)  (187, 6.)  (188, -2.5) 
row 188: (187, -2.5)  (188, 6.)  (189, -2.5) 
row 189: (188, -2.5)  (189, 6.)  (190, -2.5) 
row 190: (189, -2.5)  (190, 6.)  (191, -2.5) 
row 191: (190, -2.5)  (191, 6.)  (192, -2.5) 
row 192: (191, -2.5)  (192, 6.)  (193, -2.5) 
row 193: (192, -2.5)  (193, 6.)  (194, -2.5) 
row 194: (193, -2.5)  (194, 6.)  (195, -2.5) 
row 195: (194, -2.5)  (195, 6.)  (196, -2.5) 
row 196: (195, -2.5)  (196, 6.)  (197, -2.5) 
row 197: (196, -2.5)  (197, 6.)  (198, -2.5) 
row 198: (197, -2.5)  (198, 6.)  (199, -2.5) 
row 199: (198, -2.5)  (199, 6.)  (200, -2.5) 
row 200: (199, -2.5)  (200, 6.)  (201, -2.5) 
row 201: (200, -2.5)  (201, 6.)  (202, -2.5) 
row 202: (201, -2.5)  (202, 6.)  (203, -2.5) 
row 203: (202, -2.5)  (203, 6.)  (204, -2.5) 
row 204: (203, -2.5)  (204, 6.)  (205, -2.5) 
row 205: (204, -2.5)  (205, 6.)  (206, -2.5) 
row 206: (205, -2.5)  (206, 6.)  (207, -2.5) 
row 207: (206, -2.5)  (207, 6.)  (208, -2.5) 
row 208: (207, -2.5)  (208, 6.)  (209, -2.5) 
row 209: (208, -2.5)  (209, 6.)  (210, -2.5) 
row 210: (209, -2.5)  (210, 6.)  (211, -2.5) 
row 211: (210, -2.5)  (211, 6.)  (212, -2.5) 
row 212: (211, -2.5)  (212, 6.)  (213, -2.5) 
row 213: (212, -2.5)  (213, 6.)  (214, -2.5) 
row 214: (213, -2.5)  (214, 6.)  (215, -2.5) 
row 215: (214, -2.5)  (215, 6.)  (216, -2.5) 
row 216: (215, -2.5)  (216, 6.)  (217, -2.5) 
row 217: (216, -2.5)  (217, 6.)  (218, -2.5) 
row 218: (217, -2.5)  (218, 6.)  (219, -2.5) 
row 219: (218, -2.5)  (219, 6.)  (220, -2.5) 
row 220: (219, -2.5)  (220, 6.)  (221, -2.5) 
row 221: (220, -2.5)  (221, 6.)  (222, -2.5) 
row 222: (221, -2.5)  (222, 6.)  (223, -2.5) 
row 223: (222, -2.5)  (223, 6.)  (224, -2.5) 
row 224: (223, -2.5)  (224, 6.)  (225, -2.5) 
row 225: (224, -2.5)  (225, 6.)  (226, -2.5) 
row 226: (225, -2.5)  (226, 6.)  (227, -2.5) 
row 227: (226, -2.5)  (227, 6.)  (228, -2.5) 
row 228: (227, -2.5)  (228, 6.)  (229, -2.5) 
row 229: (228, -2.5)  (229, 6.)  (230, -2.5) 
row 230: (229, -2.5)  (230, 6.)  (231, -2.5) 
row 231: (230, -2.5)  (231, 6.)  (232, -2.5) 
row 232: (231, -2.5)  (232, 6.)  (233, -2.5) 
row 233: (232, -2.5)  (233, 6.)  (234, -2.5) 
row 234: (233, -2.5)  (234, 6.)  (235, -2.5) 
row 235: (234, -2.5)  (235, 6.)  (236, -2.5) 
row 236: (235, -2.5)  (236, 6.)  (237, -2.5) 
row 237: (236, -2.5)  (237, 6.)  (238, -2.5) 
row 238: (237, -2.5)  (238, 6.)  (239, -2.5) 
row 239: (238, -2.5)  (239, 6.)  (240, -2.5) 
row 240: (239, -2.5)  (240, 6.)  (241, -2.5) 
row 241: (240, -2.5)  (241, 6.)  (242, -2.5) 
row 242: (241, -2.5)  (242, 6.)  (243, -2.5) 
row 243: (242, -2.5)  (243, 6.)  (244, -2.5) 
row 244: (243, -2.5)  (244, 6.)  (245, -2.5) 
row 245: (244, -2.5)  (245, 6.)  (246, -2.5) 
row 246: (245, -2.5)  (246, 6.)  (247, -2.5) 
row 247: (246, -2.5)  (247, 6.)  (248, -2.5) 
row 248: (247, -2.5)  (248, 6.)  (249, -2.5) 
row 249: (248, -2.5)  (249, 6.)  (250, -2.5) 
row 250: (249, -2.5)  (250, 6.)  (251, -2.5) 
row 251: (250, -2.5)  (251, 6.)  (252, -2.5) 
row 252: (251, -2.5)  (252, 6.)  (253, -2.5) 
row 253: (252, -2.5)  (253, 6.)  (254, -2.5) 
row 254: (253, -2.5)  (254, 6.)  (255, -2.5) 
row 255: (254, -2.5)  (255, 6.)  (256, -2.5) 
row 256: (255, -2.5)  (256, 6.)  (257, -2.5) 
row 257: (256, -2.5)  (257, 6.)  (258, -2.5) 
row 258: (257, -2.5)  (258, 6.)  (259, -2.5) 
row 259: (258, -2.5)  (259, 6.)  (260, -2.5) 
row 260: (259, -2.5)  (260, 6.)  (261, -2.5) 
row 261: (260, -2.5)  (261, 6.)  (262, -2.5) 
row 262: (261, -2.5)  (262, 6.)  (263, -2.5) 
row 263: (262, -2.5)  (263, 6.)  (264, -2.5) 
row 264: (263, -2.5)  (264, 6.)  (265, -2.5) 
row 265: (264, -2.5)  (265, 6.)  (266, -2.5) 
row 266: (265, -2.5)  (266, 6.)  (267, -2.5) 
row 267: (266, -2.5)  (267, 6.)  (268, -2.5) 
row 268: (267, -2.5)  (268, 6.)  (269, -2.5) 
row 269: (268, -2.5)  (269, 6.)  (270, -2.5) 
row 270: (269, -2.5)  (270, 6.)  (271, -2.5) 
row 271: (270, -2.5)  (271, 6.)  (272, -2.5) 
row 272: (271, -2.5)  (272, 6.)  (273, -2.5) 
row 273: (272, -2.5)  (273, 6.)  (274, -2.5) 
row 274: (273, -2.5)  (274, 6.)  (275, -2.5) 
row 275: (274, -2.5)  (275, 6.)  (276, -2.5) 
row 276: (275, -2.5)  (276, 6.)  (277, -2.5) 
row 277: (276, -2.5)  (277, 6.)  (278, -2.5) 
row 278: (277, -2.5)  (278, 6.)  (279, -2.5) 
row 279: (278, -2.5)  (279, 6.)  (280, -2.5) 
row 280: (279, -2.5)  (280, 6.)  (281, -2.5) 
row 281: (280, -2.5)  (281, 6.)  (282, -2.5) 
row 282: (281, -2.5)  (282, 6.)  (283, -2.5) 
row 283: (282, -2.5)  (283, 6.)  (284, -2.5) 
row 284: (283, -2.5)  (284, 6.)  (285, -2.5) 
row 285: (284, -2.5)  (285, 6.)  (286, -2.5) 
row 286: (285, -2.5)  (286, 6.)  (287, -2.5) 
row 287: (286, -2.5)  (287, 6.)  (288, -2.5) 
row 288: (287, -2.5)  (288, 6.)  (289, -2.5) 
row 289: (288, -2.5)  (289, 6.)  (290, -2.5) 
row 290: (289, -2.5)  (290, 6.)  (291, -2.5) 
row 291: (290, -2.5)  (291, 6.)  (292, -2.5) 
row 292: (291, -2.5)  (292, 6.)  (293, -2.5) 
row 293: (292, -2.5)  (293, 6.)  (294, -2.5) 
row 294: (293, -2.5)  (294, 6.)  (295, -2.5) 
row 295: (294, -2.5)  (295, 6.)  (296, -2.5) 
row 296: (295, -2.5)  (296, 6.)  (297, -2.5) 
row 297: (296, -2.5)  (297, 6.)  (298, -2.5) 
row 298: (297, -2.5)  (298, 6.)  (299, -2.5) 
row 299: (298, -2.5)  (299, 6.)  (300, -2.5) 
row 300: (299, -2.5)  (300, 6.)  (301, -2.5) 
row 301: (300, -2.5)  (301, 6.)  (302, -2.5) 
row 302: (301, -2.5)  (302, 6.)  (303, -2.5) 
row 303: (302, -2.5)  (303, 6.)  (304, -2.5) 
row 304: (303, -2.5)  (304, 6.)  (305, -2.5) 
row 305: (304, -2.5)  (305, 6.)  (306, -2.5) 
row 306: (305, -2.5)  (306, 6.)  (307, -2.5) 
row 307: (306, -2.5)  (307, 6.)  (308, -2.5) 
row 308: (307, -2.5)  (308, 6.)  (309, -2.5) 
row 309: (308, -2.5)  (309, 6.)  (310, -2.5) 
row 310: (309, -2.5)  (310, 6.)  (311, -2.5) 
row 311: (310, -2.5)  (311, 6.)  (312, -2.5) 
row 312: (311, -2.5)  (312, 6.)  (313, -2.5) 
row 313: (312, -2.5)  (313, 6.)  (314, -2.5) 
row 314: (313, -2.5)  (314, 6.)  (315, -2.5) 
row 315: (314, -2.5)  (315, 6.)  (316, -2.5) 
row 316: (315, -2.5)  (316, 6.)  (317, -2.5) 
row 317: (316, -2.5)  (317, 6.)  (318, -2.5) 
row 318: (317, -2.5)  (318, 6.)  (319, -2.5) 
row 319: (318, -2.5)  (319, 6.)  (320, -2.5) 
row 320: (319, -2.5)  (320, 6.)  (321, -2.5) 
row 321: (320, -2.5)  (321, 6.)  (322, -2.5) 
row 322: (321, -2.5)  (322, 6.)  (323, -2.5) 
row 323: (322, -2.5)  (323, 6.)  (324, -2.5) 
row 324: (323, -2.5)  (324, 6.)  (325, -2.5) 
row 325: (324, -2.5)  (325, 6.)  (326, -2.5) 
row 326: (325, -2.5)  (326, 6.)  (327, -2.5) 
row 327: (326, -2.5)  (327, 6.)  (328, -2.5) 
row 328: (327, -2.5)  (328, 6.)  (329, -2.5) 
row 329: (328, -2.5)  (329, 6.)  (330, -2.5) 
row 330: (329, -2.5)  (330, 6.)  (331, -2.5) 
row 331: (330, -2.5)  (331, 6.)  (332, -2.5) 
row 332: (331, -2.5)  (332, 6.)  (333, -2.5) 
row 333: (332, -2.5)  (333, 6.)  (334, -2.5) 
row 334: (333, -2.5)  (334, 6.)  (335, -2.5) 
row 335: (334, -2.5)  (335, 6.)  (336, -2.5) 
row 336: (335, -2.5)  (336, 6.)  (337, -2.5) 
row 337: (336, -2.5)  (337, 6.)  (338, -2.5) 
row 338: (337, -2.5)  (338, 6.)  (339, -2.5) 
row 339: (338, -2.5)  (339, 6.)  (340, -2.5) 
row 340: (339, -2.5)  (340, 6.)  (341, -2.5) 
row 341: (340, -2.5)  (341, 6.)  (342, -2.5) 
row 342: (341, -2.5)  (342, 6.)  (343, -2.5) 
row 343: (342, -2.5)  (343, 6.)  (344, -2.5) 
row 344: (343, -2.5)  (344, 6.)  (345, -2.5) 
row 345: (344, -2.5)  (345, 6.)  (346, -2.5) 
row 346: (345, -2.5)  (346, 6.)  (347, -2.5) 
row 347: (346, -2.5)  (347, 6.)  (348, -2.5) 
row 348: (347, -2.5)  (348, 6.)  (349, -2.5) 
row 349: (348, -2.5)  (349, 6.)  (350, -2.5) 
row 350: (349, -2.5)  (350, 6.)  (351, -2.5) 
row 351: (350, -2.5)  (351, 6.)  (352, -2.5) 
row 352: (351, -2.5)  (352, 6.)  (353, -2.5) 
row 353: (352, -2.5)  (353, 6.)  (354, -2.5) 
row 354: (353, -2.5)  (354, 6.)  (355, -2.5) 
row 355: (354, -2.5)  (355, 6.)  (356, -2.5) 
row 356: (355, -2.5)  (356, 6.)  (357, -2.5) 
row 357: (356, -2.5)  (357, 6.)  (358, -2.5) 
row 358: (357, -2.5)  (358, 6.)  (359, -2.5) 
row 359: (358, -2.5)  (359, 6.)  (360, -2.5) 
row 360: (359, -2.5)  (360, 6.)  (361, -2.5) 
row 361: (360, -2.5)  (361, 6.)  (362, -2.5) 
row 362: (361, -2.5)  (362, 6.)  (363, -2.5) 
row 363: (362, -2.5)  (363, 6.)  (364, -2.5) 
row 364: (363, -2.5)  (364, 6.)  (365, -2.5) 
row 365: (364, -2.5)  (365, 6.)  (366, -2.5) 
row 366: (365, -2.5)  (366, 6.)  (367, -2.5) 
row 367: (366, -2.5)  (367, 6.)  (368, -2.5) 
row 368: (367, -2.5)  (368, 6.)  (369, -2.5) 
row 369: (368, -2.5)  (369, 6.)  (370, -2.5) 
row 370: (369, -2.5)  (370, 6.)  (371, -2.5) 
row 371: (370, -2.5)  (371, 6.)  (372, -2.5) 
row 372: (371, -2.5)  (372, 6.)  (373, -2.5) 
row 373: (372, -2.5)  (373, 6.)  (374, -2.5) 
row 374: (373, -2.5)  (374, 6.)  (375, -2.5) 
row 375: (374, -2.5)  (375, 6.)  (376, -2.5) 
row 376: (375, -2.5)  (376, 6.)  (377, -2.5) 
row 377: (376, -2.5)  (377, 6.)  (378, -2.5) 
row 378: (377, -2.5)  (378, 6.)  (379, -2.5) 
row 379: (378, -2.5)  (379, 6.)  (380, -2.5) 
row 380: (379, -2.5)  (380, 6.)  (381, -2.5) 
row 381: (380, -2.5)  (381, 6.)  (382, -2.5) 
row 382: (381, -2.5)  (382, 6.)  (383, -2.5) 
row 383: (382, -2.5)  (383, 6.)  (384, -2.5) 
row 384: (383, -2.5)  (384, 6.)  (385, -2.5) 
row 385: (384, -2.5)  (385, 6.)  (386, -2.5) 
row 386: (385, -2.5)  (386, 6.)  (387, -2.5) 
row 387: (386, -2.5)  (387, 6.)  (388, -2.5) 
row 388: (387, -2.5)  (388, 6.)  (389, -2.5) 
row 389: (388, -2.5)  (389, 6.)  (390, -2.5) 
row 390: (389, -2.5)  (390, 6.)  (391, -2.5) 
row 391: (390, -2.5)  (391, 6.)  (392, -2.5) 
row 392: (391, -2.5)  (392, 6.)  (393, -2.5) 
row 393: (392, -2.5)  (393, 6.)  (394, -2.5) 
row 394: (393, -2.5)  (394, 6.)  (395, -2.5) 
row 395: (394, -2.5)  (395, 6.)  (396, -2.5) 
row 396: (395, -2.5)  (396, 6.)  (397, -2.5) 
row 397: (396, -2.5)  (397, 6.)  (398, -2.5) 
row 398: (397, -2.5)  (398, 6.)  (399, -2.5) 
row 399: (398, -2.5)  (399, 6.)  (400, -2.5) 
row 400: (399, -2.5)  (400, 6.)  (401, -2.5) 
row 401: (400, -2.5)  (401, 6.)  (402, -2.5) 
row 402: (401, -2.5)  (402, 6.)  (403, -2.5) 
row 403: (402, -2.5)  (403, 6.)  (404, -2.5) 
row 404: (403, -2.5)  (404, 6.)  (405, -2.5) 
row 405: (404, -2.5)  (405, 6.)  (406, -2.5) 
row 406: (405, -2.5)  (406, 6.)  (407, -2.5) 
row 407: (406, -2.5)  (407, 6.)  (408, -2.5) 
row 408: (407, -2.5)  (408, 6.)  (409, -2.5) 
row 409: (408, -2.5)  (409, 6.)  (410, -2.5) 
row 410: (409, -2.5)  (410, 6.)  (411, -2.5) 
row 411: (410, -2.5)  (411, 6.)  (412, -2.5) 
row 412: (411, -2.5)  (412, 6.)  (413, -2.5) 
row 413: (412, -2.5)  (413, 6.)  (414, -2.5) 
row 414: (413, -2.5)  (414, 6.)  (415, -2.5) 
row 415: (414, -2.5)  (415, 6.)  (416, -2.5) 
row 416: (415, -2.5)  (416, 6.)  (417, -2.5) 
row 417: (416, -2.5)  (417, 6.)  (418, -2.5) 
row 418: (417, -2.5)  (418, 6.)  (419, -2.5) 
row 419: (418, -2.5)  (419, 6.)  (420, -2.5) 
row 420: (419, -2.5)  (420, 6.)  (421, -2.5) 
row 421: (420, -2.5)  (421, 6.)  (422, -2.5) 
row 422: (421, -2.5)  (422, 6.)  (423, -2.5) 
row 423: (422, -2.5)  (423, 6.)  (424, -2.5) 
row 424: (423, -2.5)  (424, 6.)  (425, -2.5) 
row 425: (424, -2.5)  (425, 6.)  (426, -2.5) 
row 426: (425, -2.5)  (426, 6.)  (427, -2.5) 
row 427: (426, -2.5)  (427, 6.)  (428, -2.5) 
row 428: (427, -2.5)  (428, 6.)  (429, -2.5) 
row 429: (428, -2.5)  (429, 6.)  (430, -2.5) 
row 430: (429, -2.5)  (430, 6.)  (431, -2.5) 
row 431: (430, -2.5)  (431, 6.)  (432, -2.5) 
row 432: (431, -2.5)  (432, 6.)  (433, -2.5) 
row 433: (432, -2.5)  (433, 6.)  (434, -2.5) 
row 434: (433, -2.5)  (434, 6.)  (435, -2.5) 
row 435: (434, -2.5)  (435, 6.)  (436, -2.5) 
row 436: (435, -2.5)  (436, 6.)  (437, -2.5) 
row 437: (436, -2.5)  (437, 6.)  (438, -2.5) 
row 438: (437, -2.5)  (438, 6.)  (439, -2.5) 
row 439: (438, -2.5)  (439, 6.)  (440, -2.5) 
row 440: (439, -2.5)  (440, 6.)  (441, -2.5) 
row 441: (440, -2.5)  (441, 6.)  (442, -2.5) 
row 442: (441, -2.5)  (442, 6.)  (443, -2.5) 
row 443: (442, -2.5)  (443, 6.)  (444, -2.5) 
row 444: (443, -2.5)  (444, 6.)  (445, -2.5) 
row 445: (444, -2.5)  (445, 6.)  (446, -2.5) 
row 446: (445, -2.5)  (446, 6.)  (447, -2.5) 
row 447: (446, -2.5)  (447, 6.)  (448, -2.5) 
row 448: (447, -2.5)  (448, 6.)  (449, -2.5) 
row 449: (448, -2.5)  (449, 6.)  (450, -2.5) 
row 450: (449, -2.5)  (450, 6.)  (451, -2.5) 
row 451: (450, -2.5)  (451, 6.)  (452, -2.5) 
row 452: (451, -2.5)  (452, 6.)  (453, -2.5) 
row 453: (452, -2.5)  (453, 6.)  (454, -2.5) 
row 454: (453, -2.5)  (454, 6.)  (455, -2.5) 
row 455: (454, -2.5)  (455, 6.)  (456, -2.5) 
row 456: (455, -2.5)  (456, 6.)  (457, -2.5) 
row 457: (456, -2.5)  (457, 6.)  (458, -2.5) 
row 458: (457, -2.5)  (458, 6.)  (459, -2.5) 
row 459: (458, -2.5)  (459, 6.)  (460, -2.5) 
row 460: (459, -2.5)  (460, 6.)  (461, -2.5) 
row 461: (460, -2.5)  (461, 6.)  (462, -2.5) 
row 462: (461, -2.5)  (462, 6.)  (463, -2.5) 
row 463: (462, -2.5)  (463, 6.)  (464, -2.5) 
row 464: (463, -2.5)  (464, 6.)  (465, -2.5) 
row 465: (464, -2.5)  (465, 6.)  (466, -2.5) 
row 466: (465, -2.5)  (466, 6.)  (467, -2.5) 
row 467: (466, -2.5)  (467, 6.)  (468, -2.5) 
row 468: (467, -2.5)  (468, 6.)  (469, -2.5) 
row 469: (468, -2.5)  (469, 6.)  (470, -2.5) 
row 470: (469, -2.5)  (470, 6.)  (471, -2.5) 
row 471: (470, -2.5)  (471, 6.)  (472, -2.5) 
row 472: (471, -2.5)  (472, 6.)  (473, -2.5) 
row 473: (472, -2.5)  (473, 6.)  (474, -2.5) 
row 474: (473, -2.5)  (474, 6.)  (475, -2.5) 
row 475: (474, -2.5)  (475, 6.)  (476, -2.5) 
row 476: (475, -2.5)  (476, 6.)  (477, -2.5) 
row 477: (476, -2.5)  (477, 6.)  (478, -2.5) 
row 478: (477, -2.5)  (478, 6.)  (479, -2.5) 
row 479: (478, -2.5)  (479, 6.)  (480, -2.5) 
row 480: (479, -2.5)  (480, 6.)  (481, -2.5) 
row 481: (480, -2.5)  (481, 6.)  (482, -2.5) 
row 482: (481, -2.5)  (482, 6.)  (483, -2.5) 
row 483: (482, -2.5)  (483, 6.)  (484, -2.5) 
row 484: (483, -2.5)  (484, 6.)  (485, -2.5) 
row 485: (484, -2.5)  (485, 6.)  (486, -2.5) 
row 486: (485, -2.5)  (486, 6.)  (487, -2.5) 
row 487: (486, -2.5)  (487, 6.)  (488, -2.5) 
row 488: (487, -2.5)  (488, 6.)  (489, -2.5) 
row 489: (488, -2.5)  (489, 6.)  (490, -2.5) 
row 490: (489, -2.5)  (490, 6.)  (491, -2.5) 
row 491: (490, -2.5)  (491, 6.)  (492, -2.5) 
row 492: (491, -2.5)  (492, 6.)  (493, -2.5) 
row 493: (492, -2.5)  (493, 6.)  (494, -2.5) 
row 494: (493, -2.5)  (494, 6.)  (495, -2.5) 
row 495: (494, -2.5)  (495, 6.)  (496, -2.5) 
row 496: (495, -2.5)  (496, 6.)  (497, -2.5) 
row 497: (496, -2.5)  (497, 6.)  (498, -2.5) 
row 498: (497, -2.5)  (498, 6.)  (499, -2.5) 
row 499: (498, -2.5)  (499, 6.)  (500, -2.5) 
row 500: (499, -2.5)  (500, 6.) 
Vec Object: 1 MPI processes
  type: seq
0.
6.28314e-08
1.2566e-07
1.88484e-07
2.51301e-07
3.14108e-07
3.76902e-07
4.39681e-07
5.02443e-07
5.65185e-07
6.27905e-07
6.906e-07
7.53268e-07
8.15906e-07
8.78512e-07
9.41083e-07
1.00362e-06
1.06611e-06
1.12856e-06
1.19097e-06
1.25333e-06
1.31564e-06
1.3779e-06
1.44011e-06
1.50226e-06
1.56434e-06
1.62637e-06
1.68833e-06
1.75023e-06
1.81206e-06
1.87381e-06
1.93549e-06
1.9971e-06
2.05863e-06
2.12007e-06
2.18143e-06
2.24271e-06
2.30389e-06
2.36499e-06
2.42599e-06
2.4869e-06
2.54771e-06
2.60842e-06
2.66902e-06
2.72952e-06
2.78991e-06
2.85019e-06
2.91036e-06
2.97042e-06
3.03035e-06
3.09017e-06
3.14987e-06
3.20944e-06
3.26888e-06
3.3282e-06
3.38738e-06
3.44643e-06
3.50534e-06
3.56412e-06
3.62275e-06
3.68125e-06
3.73959e-06
3.79779e-06
3.85584e-06
3.91374e-06
3.97148e-06
4.02906e-06
4.08649e-06
4.14376e-06
4.20086e-06
4.25779e-06
4.31456e-06
4.37116e-06
4.42758e-06
4.48383e-06
4.5399e-06
4.5958e-06
4.65151e-06
4.70704e-06
4.76238e-06
4.81754e-06
4.8725e-06
4.92727e-06
4.98185e-06
5.03623e-06
5.09041e-06
5.1444e-06
5.19817e-06
5.25175e-06
5.30511e-06
5.35827e-06
5.41121e-06
5.46394e-06
5.51646e-06
5.56876e-06
5.62083e-06
5.67269e-06
5.72432e-06
5.77573e-06
5.8269e-06
5.87785e-06
5.92857e-06
5.97905e-06
6.0293e-06
6.0793e-06
6.12907e-06
6.1786e-06
6.22788e-06
6.27691e-06
6.3257e-06
6.37424e-06
6.42253e-06
6.47056e-06
6.51834e-06
6.56586e-06
6.61312e-06
6.66012e-06
6.70686e-06
6.75333e-06
6.79953e-06
6.84547e-06
6.89114e-06
6.93653e-06
6.98165e-06
7.0265e-06
7.07107e-06
7.11536e-06
7.15936e-06
7.20309e-06
7.24653e-06
7.28969e-06
7.33255e-06
7.37513e-06
7.41742e-06
7.45941e-06
7.50111e-06
7.54251e-06
7.58362e-06
7.62443e-06
7.66493e-06
7.70513e-06
7.74503e-06
7.78462e-06
7.82391e-06
7.86288e-06
7.90155e-06
7.9399e-06
7.97794e-06
8.01567e-06
8.05308e-06
8.09017e-06
8.12694e-06
8.16339e-06
8.19952e-06
8.23533e-06
8.27081e-06
8.30596e-06
8.34078e-06
8.37528e-06
8.40945e-06
8.44328e-06
8.47678e-06
8.50994e-06
8.54277e-06
8.57527e-06
8.60742e-06
8.63923e-06
8.67071e-06
8.70184e-06
8.73262e-06
8.76307e-06
8.79316e-06
8.82291e-06
8.85231e-06
8.88136e-06
8.91007e-06
8.93841e-06
8.96641e-06
8.99405e-06
9.02134e-06
9.04827e-06
9.07484e-06
9.10106e-06
9.12692e-06
9.15241e-06
9.17755e-06
9.20232e-06
9.22673e-06
9.25077e-06
9.27445e-06
9.29776e-06
9.32071e-06
9.34329e-06
9.3655e-06
9.38734e-06
9.40881e-06
9.42991e-06
9.45063e-06
9.47098e-06
9.49096e-06
9.51057e-06
9.52979e-06
9.54865e-06
9.56712e-06
9.58522e-06
9.60294e-06
9.62028e-06
9.63724e-06
9.65382e-06
9.67001e-06
9.68583e-06
9.70127e-06
9.71632e-06
9.73099e-06
9.74527e-06
9.75917e-06
9.77268e-06
9.78581e-06
9.79855e-06
9.81091e-06
9.82287e-06
9.83445e-06
9.84564e-06
9.85645e-06
9.86686e-06
9.87688e-06
9.88652e-06
9.89576e-06
9.90461e-06
9.91308e-06
9.92115e-06
9.92883e-06
9.93611e-06
9.94301e-06
9.94951e-06
9.95562e-06
9.96134e-06
9.96666e-06
9.97159e-06
9.97613e-06
9.98027e-06
9.98402e-06
9.98737e-06
9.99033e-06
9.99289e-06
9.99507e-06
9.99684e-06
9.99822e-06
9.99921e-06
9.9998e-06
1e-05
9.9998e-06
9.99921e-06
9.99822e-06
9.99684e-06
9.99507e-06
9.99289e-06
9.99033e-06
9.98737e-06
9.98402e-06
9.98027e-06
9.97613e-06
9.97159e-06
9.96666e-06
9.96134e-06
9.95562e-06
9.94951e-06
9.94301e-06
9.93611e-06
9.92883e-06
9.92115e-06
9.91308e-06
9.90461e-06
9.89576e-06
9.88652e-06
9.87688e-06
9.86686e-06
9.85645e-06
9.84564e-06
9.83445e-06
9.82287e-06
9.81091e-06
9.79855e-06
9.78581e-06
9.77268e-06
9.75917e-06
9.74527e-06
9.73099e-06
9.71632e-06
9.70127e-06
9.68583e-06
9.67001e-06
9.65382e-06
9.63724e-06
9.62028e-06
9.60294e-06
9.58522e-06
9.56712e-06
9.54865e-06
9.52979e-06
9.51057e-06
9.49096e-06
9.47098e-06
9.45063e-06
9.42991e-06
9.40881e-06
9.38734e-06
9.3655e-06
9.34329e-06
9.32071e-06
9.29776e-06
9.27445e-06
9.25077e-06
9.22673e-06
9.20232e-06
9.17755e-06
9.15241e-06
9.12692e-06
9.10106e-06
9.07484e-06
9.04827e-06
9.02134e-06
8.99405e-06
8.96641e-06
8.93841e-06
8.91007e-06
8.88136e-06
8.85231e-06
8.82291e-06
8.79316e-06
8.76307e-06
8.73262e-06
8.70184e-06
8.67071e-06
8.63923e-06
8.60742e-06
8.57527e-06
8.54277e-06
8.50994e-06
8.47678e-06
8.44328e-06
8.40945e-06
8.37528e-06
8.34078e-06
8.30596e-06
8.27081e-06
8.23533e-06
8.19952e-06
8.16339e-06
8.12694e-06
8.09017e-06
8.05308e-06
8.01567e-06
7.97794e-06
7.9399e-06
7.90155e-06
7.86288e-06
7.82391e-06
7.78462e-06
7.74503e-06
7.70513e-06
7.66493e-06
7.62443e-06
7.58362e-06
7.54251e-06
7.50111e-06
7.45941e-06
7.41742e-06
7.37513e-06
7.33255e-06
7.28969e-06
7.24653e-06
7.20309e-06
7.15936e-06
7.11536e-06
7.07107e-06
7.0265e-06
6.98165e-06
6.93653e-06
6.89114e-06
6.84547e-06
6.79953e-06
6.75333e-06
6.70686e-06
6.66012e-06
6.61312e-06
6.56586e-06
6.51834e-06
6.47056e-06
6.42253e-06
6.37424e-06
6.3257e-06
6.27691e-06
6.22788e-06
6.1786e-06
6.12907e-06
6.0793e-06
6.0293e-06
5.97905e-06
5.92857e-06
5.87785e-06
5.8269e-06
5.77573e-06
5.72432e-06
5.67269e-06
5.62083e-06
5.56876e-06
5.51646e-06
5.46394e-06
5.41121e-06
5.35827e-06
5.30511e-06
5.25175e-06
5.19817e-06
5.1444e-06
5.09041e-06
5.03623e-06
4.98185e-06
4.92727e-06
4.8725e-06
4.81754e-06
4.76238e-06
4.70704e-06
4.65151e-06
4.5958e-06
4.5399e-06
4.48383e-06
4.42758e-06
4.37116e-06
4.31456e-06
4.25779e-06
4.20086e-06
4.14376e-06
4.08649e-06
4.02906e-06
3.97148e-06
3.91374e-06
3.85584e-06
3.79779e-06
3.73959e-06
3.68125e-06
3.62275e-06
3.56412e-06
3.50534e-06
3.44643e-06
3.38738e-06
3.3282e-06
3.26888e-06
3.20944e-06
3.14987e-06
3.09017e-06
3.03035e-06
2.97042e-06
2.91036e-06
2.85019e-06
2.78991e-06
2.72952e-06
2.66902e-06
2.60842e-06
2.54771e-06
2.4869e-06
2.42599e-06
2.36499e-06
2.30389e-06
2.24271e-06
2.18143e-06
2.12007e-06
2.05863e-06
1.9971e-06
1.93549e-06
1.87381e-06
1.81206e-06
1.75023e-06
1.68833e-06
1.62637e-06
1.56434e-06
1.50226e-06
1.44011e-06
1.3779e-06
1.31564e-06
1.25333e-06
1.19097e-06
1.12856e-06
1.06611e-06
1.00362e-06
9.41083e-07
8.78512e-07
8.15906e-07
7.53268e-07
6.906e-07
6.27905e-07
5.65185e-07
5.02443e-07
4.39681e-07
3.76902e-07
3.14108e-07
2.51301e-07
1.88484e-07
1.2566e-07
6.28314e-08
0.
Vec Object: 1 MPI processes
  type: seq
0.
0.00109134
0.00172794
0.00236448
0.00300095
0.00363731
0.00427355
0.00490964
0.00554556
0.00618127
0.00681676
0.00745199
0.00808695
0.00872161
0.00935594
0.00998992
0.0106235
0.0112567
0.0118895
0.0125218
0.0131537
0.013785
0.0144158
0.0150461
0.0156758
0.0163049
0.0169334
0.0175612
0.0181883
0.0188148
0.0194405
0.0200655
0.0206896
0.021313
0.0219356
0.0225573
0.0231782
0.0237981
0.0244172
0.0250352
0.0256524
0.0262685
0.0268836
0.0274976
0.0281106
0.0287225
0.0293333
0.029943
0.0305514
0.0311587
0.0317648
0.0323696
0.0329732
0.0335755
0.0341765
0.0347762
0.0353745
0.0359714
0.0365669
0.037161
0.0377537
0.0383448
0.0389345
0.0395227
0.0401093
0.0406944
0.0412778
0.0418597
0.0424399
0.0430184
0.0435953
0.0441705
0.044744
0.0453157
0.0458856
0.0464537
0.0470201
0.0475845
0.0481472
0.0487079
0.0492667
0.0498236
0.0503786
0.0509316
0.0514826
0.0520316
0.0525785
0.0531234
0.0536662
0.0542069
0.0547455
0.055282
0.0558162
0.0563483
0.0568782
0.0574059
0.0579313
0.0584544
0.0589753
0.0594938
0.06001
0.0605239
0.0610354
0.0615445
0.0620511
0.0625554
0.0630572
0.0635565
0.0640534
0.0645477
0.0650395
0.0655287
0.0660154
0.0664995
0.066981
0.0674598
0.0679361
0.0684096
0.0688805
0.0693486
0.0698141
0.0702768
0.0707367
0.0711939
0.0716483
0.0720999
0.0725486
0.0729945
0.0734375
0.0738777
0.0743149
0.0747493
0.0751807
0.0756091
0.0760346
0.0764571
0.0768766
0.0772931
0.0777066
0.078117
0.0785243
0.0789286
0.0793297
0.0797278
0.0801227
0.0805144
0.080903
0.0812885
0.0816707
0.0820497
0.0824256
0.0827981
0.0831675
0.0835335
0.0838963
0.0842558
0.084612
0.0849648
0.0853143
0.0856605
0.0860033
0.0863427
0.0866788
0.0870114
0.0873406
0.0876664
0.0879888
0.0883076
0.0886231
0.088935
0.0892434
0.0895484
0.0898498
0.0901477
0.0904421
0.0907329
0.0910201
0.0913038
0.0915838
0.0918603
0.0921332
0.0924024
0.092668
0.09293
0.0931884
0.093443
0.093694
0.0939413
0.094185
0.0944249
0.0946611
0.0948936
0.0951224
0.0953474
0.0955687
0.0957862
0.096
0.09621
0.0964162
0.0966186
0.0968172
0.097012
0.0972031
0.0973902
0.0975736
0.0977531
0.0979288
0.0981007
0.0982687
0.0984328
0.098593
0.0987494
0.0989019
0.0990505
0.0991953
0.0993361
0.099473
0.099606
0.0997351
0.0998603
0.0999816
0.100099
0.100212
0.100322
0.100427
0.100529
0.100626
0.10072
0.10081
0.100896
0.100977
0.101055
0.101129
0.101199
0.101265
0.101327
0.101384
0.101438
0.101488
0.101534
0.101576
0.101614
0.101648
0.101678
0.101704
0.101726
0.101744
0.101758
0.101768
0.101774
0.101776
0.101774
0.101768
0.101758
0.101744
0.101726
0.101704
0.101678
0.101648
0.101614
0.101576
0.101534
0.101488
0.101438
0.101384
0.101327
0.101265
0.101199
0.101129
0.101055
0.100977
0.100896
0.10081
0.10072
0.100626
0.100529
0.100427
0.100322
0.100212
0.100099
0.0999816
0.0998603
0.0997351
0.099606
0.099473
0.0993361
0.0991953
0.0990505
0.0989019
0.0987494
0.098593
0.0984328
0.0982687
0.0981007
0.0979288
0.0977531
0.0975736
0.0973902
0.0972031
0.097012
0.0968172
0.0966186
0.0964162
0.09621
0.096
0.0957862
0.0955687
0.0953474
0.0951224
0.0948936
0.0946611
0.0944249
0.094185
0.0939413
0.093694
0.093443
0.0931884
0.09293
0.092668
0.0924024
0.0921332
0.0918603
0.0915838
0.0913038
0.0910201
0.0907329
0.0904421
0.0901477
0.0898498
0.0895484
0.0892434
0.088935
0.0886231
0.0883076
0.0879888
0.0876664
0.0873406
0.0870114
0.0866788
0.0863427
0.0860033
0.0856605
0.0853143
0.0849648
0.084612
0.0842558
0.0838963
0.0835335
0.0831675
0.0827981
0.0824256
0.0820497
0.0816707
0.0812885
0.080903
0.0805144
0.0801227
0.0797278
0.0793297
0.0789286
0.0785243
0.078117
0.0777066
0.0772931
0.0768766
0.0764571
0.0760346
0.0756091
0.0751807
0.0747493
0.0743149
0.0738777
0.0734375
0.0729945
0.0725486
0.0720999
0.0716483
0.0711939
0.0707367
0.0702768
0.0698141
0.0693486
0.0688805
0.0684096
0.0679361
0.0674598
0.066981
0.0664995
0.0660154
0.0655287
0.0650395
0.0645477
0.0640534
0.0635565
0.0630572
0.0625554
0.0620511
0.0615445
0.0610354
0.0605239
0.06001
0.0594938
0.0589753
0.0584544
0.0579313
0.0574059
0.0568782
0.0563483
0.0558162
0.055282
0.0547455
0.0542069
0.0536662
0.0531234
0.0525785
0.0520316
0.0514826
0.0509316
0.0503786
0.0498236
0.0492667
0.0487079
0.0481472
0.0475845
0.0470201
0.0464537
0.0458856
0.0453157
0.044744
0.0441705
0.0435953
0.0430184
0.0424399
0.0418597
0.0412778
0.0406944
0.0401093
0.0395227
0.0389345
0.0383448
0.0377537
0.037161
0.0365669
0.0359714
0.0353745
0.0347762
0.0341765
0.0335755
0.0329732
0.0323696
0.0317648
0.0311587
0.0305514
0.029943
0.0293333
0.0287225
0.0281106
0.0274976
0.0268836
0.0262685
0.0256524
0.0250352
0.0244172
0.0237981
0.0231782
0.0225573
0.0219356
0.021313
0.0206896
0.0200655
0.0194405
0.0188148
0.0181883
0.0175612
0.0169334
0.0163049
0.0156758
0.0150461
0.0144158
0.013785
0.0131537
0.0125218
0.0118895
0.0112567
0.0106235
0.00998992
0.00935594
0.00872161
0.00808695
0.00745199
0.00681676
0.00618127
0.00554556
0.00490964
0.00427355
0.00363731
0.00300095
0.00236448
0.00172794
0.00109134
0.
************************************************************************************************************************
***             WIDEN YOUR WINDOW TO 120 CHARACTERS.  Use 'enscript -r -fCourier9' to print this document            ***
************************************************************************************************************************

---------------------------------------------- PETSc Performance Summary: ----------------------------------------------



      ##########################################################
      #                                                        #
      #                       WARNING!!!                       #
      #                                                        #
      #   This code was compiled with a debugging option.      #
      #   To get timing results run ./configure                #
      #   using --with-debugging=no, the performance will      #
      #   be generally two or three times faster.              #
      #                                                        #
      ##########################################################


./implicit_heat.out on a  named r01n03 with 1 processor, by mae-lizj Thu Jun  9 13:57:01 2022
Using Petsc Release Version 3.16.6, Mar 30, 2022 

                         Max       Max/Min     Avg       Total
Time (sec):           2.796e+02     1.000   2.796e+02
Objects:              5.000e+01     1.000   5.000e+01
Flop:                 2.560e+11     1.000   2.560e+11  2.560e+11
Flop/sec:             9.153e+08     1.000   9.153e+08  9.153e+08
Memory:               5.880e+05     1.000   5.880e+05  5.880e+05
MPI Messages:         0.000e+00     0.000   0.000e+00  0.000e+00
MPI Message Lengths:  0.000e+00     0.000   0.000e+00  0.000e+00
MPI Reductions:       0.000e+00     0.000

Flop counting convention: 1 flop = 1 real number operation of type (multiply/divide/add/subtract)
                            e.g., VecAXPY() for real vectors of length N --> 2N flop
                            and VecAXPY() for complex vectors of length N --> 8N flop

Summary of Stages:   ----- Time ------  ----- Flop ------  --- Messages ---  -- Message Lengths --  -- Reductions --
                        Avg     %Total     Avg     %Total    Count   %Total     Avg         %Total    Count   %Total
 0:      Main Stage: 2.7965e+02 100.0%  2.5596e+11 100.0%  0.000e+00   0.0%  0.000e+00        0.0%  0.000e+00   0.0%

------------------------------------------------------------------------------------------------------------------------
See the 'Profiling' chapter of the users' manual for details on interpreting output.
Phase summary info:
   Count: number of times phase was executed
   Time and Flop: Max - maximum over all processors
                  Ratio - ratio of maximum to minimum over all processors
   Mess: number of messages sent
   AvgLen: average message length (bytes)
   Reduct: number of global reductions
   Global: entire computation
   Stage: stages of a computation. Set stages with PetscLogStagePush() and PetscLogStagePop().
      %T - percent time in this phase         %F - percent flop in this phase
      %M - percent messages in this phase     %L - percent message lengths in this phase
      %R - percent reductions in this phase
   Total Mflop/s: 10e-6 * (sum of flop over all processors)/(max time over all processors)
------------------------------------------------------------------------------------------------------------------------


      ##########################################################
      #                                                        #
      #                       WARNING!!!                       #
      #                                                        #
      #   This code was compiled with a debugging option.      #
      #   To get timing results run ./configure                #
      #   using --with-debugging=no, the performance will      #
      #   be generally two or three times faster.              #
      #                                                        #
      ##########################################################


Event                Count      Time (sec)     Flop                              --- Global ---  --- Stage ----  Total
                   Max Ratio  Max     Ratio   Max  Ratio  Mess   AvgLen  Reduct  %T %F %M %L %R  %T %F %M %L %R Mflop/s
------------------------------------------------------------------------------------------------------------------------

--- Event Stage 0: Main Stage

VecView                3 1.0 5.6429e-03 1.0 0.00e+00 0.0 0.0e+00 0.0e+00 0.0e+00  0  0  0  0  0   0  0  0  0  0     0
VecDot           105706835 1.0 4.3362e+01 1.0 1.06e+11 1.0 0.0e+00 0.0e+00 0.0e+00 16 41  0  0  0  16 41  0  0  0  2440
VecNorm          8115103 1.0 2.7018e+00 1.0 8.12e+09 1.0 0.0e+00 0.0e+00 0.0e+00  1  3  0  0  0   1  3  0  0  0  3007
VecScale         8115103 1.0 3.3418e+00 1.0 4.07e+09 1.0 0.0e+00 0.0e+00 0.0e+00  1  2  0  0  0   1  2  0  0  0  1217
VecCopy           600041 1.0 2.7005e-01 1.0 0.00e+00 0.0 0.0e+00 0.0e+00 0.0e+00  0  0  0  0  0   0  0  0  0  0     0
VecSet            600081 1.0 2.7489e-01 1.0 0.00e+00 0.0 0.0e+00 0.0e+00 0.0e+00  0  0  0  0  0   0  0  0  0  0     0
VecAXPY          106306220 1.0 4.4818e+01 1.0 1.07e+11 1.0 0.0e+00 0.0e+00 0.0e+00 16 42  0  0  0  16 42  0  0  0  2377
VecMAXPY          300041 1.0 2.0537e+00 1.0 7.83e+09 1.0 0.0e+00 0.0e+00 0.0e+00  1  3  0  0  0   1  3  0  0  0  3813
VecAssemblyBegin  300002 1.0 4.8530e-02 1.0 0.00e+00 0.0 0.0e+00 0.0e+00 0.0e+00  0  0  0  0  0   0  0  0  0  0     0
VecAssemblyEnd    300002 1.0 4.9892e-02 1.0 0.00e+00 0.0 0.0e+00 0.0e+00 0.0e+00  0  0  0  0  0   0  0  0  0  0     0
VecPointwiseMult 8115103 1.0 4.2508e+00 1.0 4.07e+09 1.0 0.0e+00 0.0e+00 0.0e+00  2  2  0  0  0   2  2  0  0  0   956
VecNormalize     8115103 1.0 1.0714e+01 1.0 1.22e+10 1.0 0.0e+00 0.0e+00 0.0e+00  4  5  0  0  0   4  5  0  0  0  1138
MatMult          7815103 1.0 2.9991e+01 1.0 1.95e+10 1.0 0.0e+00 0.0e+00 0.0e+00 11  8  0  0  0  11  8  0  0  0   652
MatAssemblyBegin       1 1.0 0.0000e+00 0.0 0.00e+00 0.0 0.0e+00 0.0e+00 0.0e+00  0  0  0  0  0   0  0  0  0  0     0
MatAssemblyEnd         1 1.0 5.8174e-05 1.0 0.00e+00 0.0 0.0e+00 0.0e+00 0.0e+00  0  0  0  0  0   0  0  0  0  0     0
MatView                1 1.0 3.5372e-03 1.0 0.00e+00 0.0 0.0e+00 0.0e+00 0.0e+00  0  0  0  0  0   0  0  0  0  0     0
KSPSetUp               1 1.0 1.6594e-04 1.0 0.00e+00 0.0 0.0e+00 0.0e+00 0.0e+00  0  0  0  0  0   0  0  0  0  0     0
KSPSolve          300000 1.0 2.7824e+02 1.0 2.56e+11 1.0 0.0e+00 0.0e+00 0.0e+00 99100  0  0  0  99100  0  0  0   919
KSPGMRESOrthog   7815062 1.0 1.9941e+02 1.0 2.12e+11 1.0 0.0e+00 0.0e+00 0.0e+00 71 83  0  0  0  71 83  0  0  0  1062
PCSetUp                1 1.0 1.1921e-05 1.0 0.00e+00 0.0 0.0e+00 0.0e+00 0.0e+00  0  0  0  0  0   0  0  0  0  0     0
PCApply          8115103 1.0 8.1761e+00 1.0 4.07e+09 1.0 0.0e+00 0.0e+00 0.0e+00  3  2  0  0  0   3  2  0  0  0   497
------------------------------------------------------------------------------------------------------------------------

Memory usage is given in bytes:

Object Type          Creations   Destructions     Memory  Descendants' Mem.
Reports information only for process 0.

--- Event Stage 0: Main Stage

              Vector    38              1         5632     0.
              Matrix     1              0            0     0.
              Viewer     4              2         1680     0.
       Krylov Solver     1              0            0     0.
      Preconditioner     1              0            0     0.
    Distributed Mesh     1              0            0     0.
   Star Forest Graph     2              0            0     0.
     Discrete System     1              0            0     0.
           Weak Form     1              0            0     0.
========================================================================================================================
Average time to get PetscTime(): 0.
#PETSc Option Table entries:
-ksp_atol 1.0e-50
-ksp_gmres_modifiedgramschmidt
-ksp_gmres_restart 30
-ksp_max_it 1500
-ksp_rtol 1.0e-10
-ksp_type gmres
-log_view
-pc_type jacobi
#End of PETSc Option Table entries
Compiled without FORTRAN kernels
Compiled with full precision matrices (default)
sizeof(short) 2 sizeof(int) 4 sizeof(long) 8 sizeof(void*) 8 sizeof(PetscScalar) 8 sizeof(PetscInt) 4
Configure options: --prefix=/work/mae-lizj/lib/petsc-3.16.6 --with-blaslapack-dir=/share/intel/2018u4/compilers_and_libraries_2018.5.274/linux/mkl --with- debugging=no --download-hypre --download-metis --download-hdf5=/work/mae-lizj/HPC_testing/homework4/hdf5-1.12.1.tar.gz --with-mpi-dir=/share/intel/2018u4/compilers_and_libraries_2018.5.274/linux/mpi/intel64 COPTFLAGS="-O3 -march=native -mtune=native" CXXPTFLAGS="-O3 -march=native - mtune=native" FOPTFLAGS="-O3 -march=native -mtune=native"
-----------------------------------------
Libraries compiled on 2022-05-08 14:25:15 on login03 
Machine characteristics: Linux-3.10.0-862.el7.x86_64-x86_64-with-redhat-7.5-Maipo
Using PETSc directory: /work/mae-lizj/lib/petsc-3.16.6
Using PETSc arch: 
-----------------------------------------

Using C compiler: /share/intel/2018u4/compilers_and_libraries_2018.5.274/linux/mpi/intel64/bin/mpiicc  -fPIC -wd1572 -Wno-unknown-pragmas -O3 -march=native -mtune=native  -std=c99 
Using Fortran compiler: /share/intel/2018u4/compilers_and_libraries_2018.5.274/linux/mpi/intel64/bin/mpiifort  -fPIC -O3 -march=native -mtune=native     -std=c99
-----------------------------------------

Using include paths: -I/work/mae-lizj/lib/petsc-3.16.6/include -I/share/intel/2018u4/compilers_and_libraries_2018.5.274/linux/mpi/intel64/include
-----------------------------------------

Using C linker: /share/intel/2018u4/compilers_and_libraries_2018.5.274/linux/mpi/intel64/bin/mpiicc
Using Fortran linker: /share/intel/2018u4/compilers_and_libraries_2018.5.274/linux/mpi/intel64/bin/mpiifort
Using libraries: -Wl,-rpath,/work/mae-lizj/lib/petsc-3.16.6/lib -L/work/mae-lizj/lib/petsc-3.16.6/lib -lpetsc -Wl,-rpath,/work/mae-lizj/lib/petsc-3.16.6/lib -L/work/mae-lizj/lib/petsc-3.16.6/lib -Wl,-rpath,/share/intel/2018u4/compilers_and_libraries_2018.5.274/linux/mkl/lib/intel64 -L/share/intel/2018u4/compilers_and_libraries_2018.5.274/linux/mkl/lib/intel64 -Wl,-rpath,/share/intel/2018u4/compilers_and_libraries_2018.5.274/linux/mpi/intel64/lib/release_mt -L/share/intel/2018u4/compilers_and_libraries_2018.5.274/linux/mpi/intel64/lib/release_mt -Wl,-rpath,/share/intel/2018u4/compilers_and_libraries_2018.5.274/linux/mpi/intel64/lib -L/share/intel/2018u4/compilers_and_libraries_2018.5.274/linux/mpi/intel64/lib -Wl,-rpath,/share/intel/2018u4/compilers_and_libraries_2018.5.274/linux/tbb/lib/intel64_lin/gcc4.4 -L/share/intel/2018u4/compilers_and_libraries_2018.5.274/linux/tbb/lib/intel64_lin/gcc4.4 -Wl,-rpath,/share/intel/2018u4/compilers_and_libraries_2018.5.274/linux/daal/lib/intel64_lin -L/share/intel/2018u4/compilers_and_libraries_2018.5.274/linux/daal/lib/intel64_lin -Wl,-rpath,/share/intel/2018u4/compilers_and_libraries_2018.5.274/linux/tbb/lib/intel64/gcc4.4 -L/share/intel/2018u4/compilers_and_libraries_2018.5.274/linux/tbb/lib/intel64/gcc4.4 -Wl,-rpath,/share/intel/2018u4/compilers_and_libraries_2018.5.274/linux/compiler/lib/intel64 -L/share/intel/2018u4/compilers_and_libraries_2018.5.274/linux/compiler/lib/intel64 -Wl,-rpath,/share/intel/2018u4/compilers_and_libraries_2018.5.274/linux/ipp/lib/intel64 -L/share/intel/2018u4/compilers_and_libraries_2018.5.274/linux/ipp/lib/intel64 -Wl,-rpath,/share/intel/2018u4/compilers_and_libraries_2018.5.274/linux/compiler/lib/intel64_lin -L/share/intel/2018u4/compilers_and_libraries_2018.5.274/linux/compiler/lib/intel64_lin -Wl,-rpath,/usr/lib/gcc/x86_64-redhat-linux/4.8.5 -L/usr/lib/gcc/x86_64-redhat-linux/4.8.5 -Wl,-rpath,/opt/intel/mpi-rt/2017.0.0/intel64/lib/release_mt -Wl,-rpath,/opt/intel/mpi-rt/2017.0.0/intel64/lib -lHYPRE -lmkl_intel_lp64 -lmkl_core -lmkl_sequential -lpthread -lhdf5_hl -lhdf5 -lmetis -lX11 -lstdc++ -ldl -lmpifort -lmpi -lmpigi -lrt -lpthread -lifport -lifcoremt_pic -limf -lsvml -lm -lipgo -lirc -lgcc_s -lirc_s -lquadmath -lstdc++ -ldl
-----------------------------------------



      ##########################################################
      #                                                        #
      #                       WARNING!!!                       #
      #                                                        #
      #   This code was compiled with a debugging option.      #
      #   To get timing results run ./configure                #
      #   using --with-debugging=no, the performance will      #
      #   be generally two or three times faster.              #
      #                                                        #
      ##########################################################


