Sender: LSF System <lsfadmin@r01n04>
Subject: Job 3808396: <implicit_heat_problem> in cluster <sustchpc> Done

Job <implicit_heat_problem> was submitted from host <login02> by user <mae-lizj> in cluster <sustchpc> at Tue May 31 23:36:56 2022.
Job was executed on host(s) <r01n04>, in queue <ser>, as user <mae-lizj> in cluster <sustchpc> at Tue May 31 23:36:58 2022.
</work/mae-lizj> was used as the home directory.
</work/mae-lizj/HPC_testing/final_project/implicit_Euler> was used as the working directory.
Started at Tue May 31 23:36:58 2022.
Terminated at Tue May 31 23:37:50 2022.
Results reported at Tue May 31 23:37:50 2022.

Your job looked like:

------------------------------------------------------------
# LSBATCH: User input
#!/bin/bash
#BSUB -J implicit_heat_problem
#BSUB -q ser
#BSUB -n 1
#BSUB -e %J.err
#BSUB -o %J.out

module purge
module load intel/2018.4
module load mpi/intel/2018.4

mpirun -np 1 ./implicit_heat.out -ksp_type gmres \
  -ksp_gmres_restart 30 -ksp_rtol 1.0e-10 \
  -ksp_atol 1.0e-50 -ksp_max_it 1500 \
  -ksp_gmres_modifiedgramschmidt \
  -pc_type jacobi  > $LSB_JOBID.log 2>&1


------------------------------------------------------------

Successfully completed.

Resource usage summary:

    CPU time :                                   50.05 sec.
    Max Memory :                                 26 MB
    Average Memory :                             26.00 MB
    Total Requested Memory :                     -
    Delta Memory :                               -
    Max Swap :                                   -
    Max Processes :                              7
    Max Threads :                                9
    Run time :                                   51 sec.
    Turnaround time :                            54 sec.

The output (if any) follows:



PS:

Read file <3808396.err> for stderr output of this job.

