==293284== Memcheck, a memory error detector
==293284== Copyright (C) 2002-2017, and GNU GPL'd, by Julian Seward et al.
==293284== Using Valgrind-3.14.0 and LibVEX; rerun with -h for copyright info
==293284== Command: /share/intel/2018u4/compilers_and_libraries_2018.5.274/linux/mpi/intel64/bin/mpirun ./implicit_heat.out
==293284== 
==293286== 
==293286== HEAP SUMMARY:
==293286==     in use at exit: 52,554 bytes in 1,135 blocks
==293286==   total heap usage: 1,680 allocs, 545 frees, 88,865 bytes allocated
==293286== 
==293286== LEAK SUMMARY:
==293286==    definitely lost: 0 bytes in 0 blocks
==293286==    indirectly lost: 0 bytes in 0 blocks
==293286==      possibly lost: 0 bytes in 0 blocks
==293286==    still reachable: 52,554 bytes in 1,135 blocks
==293286==         suppressed: 0 bytes in 0 blocks
==293286== Rerun with --leak-check=full to see details of leaked memory
==293286== 
==293286== For counts of detected and suppressed errors, rerun with: -v
==293286== ERROR SUMMARY: 0 errors from 0 contexts (suppressed: 0 from 0)
n = 100
dx = 0.010000
dt = 0.000010
beta = 0.100000
restart = 0
Mat Object: 1 MPI processes
  type: seqaij
row 0: (0, 1.2)  (1, -0.1) 
row 1: (0, -0.1)  (1, 1.2)  (2, -0.1) 
row 2: (1, -0.1)  (2, 1.2)  (3, -0.1) 
row 3: (2, -0.1)  (3, 1.2)  (4, -0.1) 
row 4: (3, -0.1)  (4, 1.2)  (5, -0.1) 
row 5: (4, -0.1)  (5, 1.2)  (6, -0.1) 
row 6: (5, -0.1)  (6, 1.2)  (7, -0.1) 
row 7: (6, -0.1)  (7, 1.2)  (8, -0.1) 
row 8: (7, -0.1)  (8, 1.2)  (9, -0.1) 
row 9: (8, -0.1)  (9, 1.2)  (10, -0.1) 
row 10: (9, -0.1)  (10, 1.2)  (11, -0.1) 
row 11: (10, -0.1)  (11, 1.2)  (12, -0.1) 
row 12: (11, -0.1)  (12, 1.2)  (13, -0.1) 
row 13: (12, -0.1)  (13, 1.2)  (14, -0.1) 
row 14: (13, -0.1)  (14, 1.2)  (15, -0.1) 
row 15: (14, -0.1)  (15, 1.2)  (16, -0.1) 
row 16: (15, -0.1)  (16, 1.2)  (17, -0.1) 
row 17: (16, -0.1)  (17, 1.2)  (18, -0.1) 
row 18: (17, -0.1)  (18, 1.2)  (19, -0.1) 
row 19: (18, -0.1)  (19, 1.2)  (20, -0.1) 
row 20: (19, -0.1)  (20, 1.2)  (21, -0.1) 
row 21: (20, -0.1)  (21, 1.2)  (22, -0.1) 
row 22: (21, -0.1)  (22, 1.2)  (23, -0.1) 
row 23: (22, -0.1)  (23, 1.2)  (24, -0.1) 
row 24: (23, -0.1)  (24, 1.2)  (25, -0.1) 
row 25: (24, -0.1)  (25, 1.2)  (26, -0.1) 
row 26: (25, -0.1)  (26, 1.2)  (27, -0.1) 
row 27: (26, -0.1)  (27, 1.2)  (28, -0.1) 
row 28: (27, -0.1)  (28, 1.2)  (29, -0.1) 
row 29: (28, -0.1)  (29, 1.2)  (30, -0.1) 
row 30: (29, -0.1)  (30, 1.2)  (31, -0.1) 
row 31: (30, -0.1)  (31, 1.2)  (32, -0.1) 
row 32: (31, -0.1)  (32, 1.2)  (33, -0.1) 
row 33: (32, -0.1)  (33, 1.2)  (34, -0.1) 
row 34: (33, -0.1)  (34, 1.2)  (35, -0.1) 
row 35: (34, -0.1)  (35, 1.2)  (36, -0.1) 
row 36: (35, -0.1)  (36, 1.2)  (37, -0.1) 
row 37: (36, -0.1)  (37, 1.2)  (38, -0.1) 
row 38: (37, -0.1)  (38, 1.2)  (39, -0.1) 
row 39: (38, -0.1)  (39, 1.2)  (40, -0.1) 
row 40: (39, -0.1)  (40, 1.2)  (41, -0.1) 
row 41: (40, -0.1)  (41, 1.2)  (42, -0.1) 
row 42: (41, -0.1)  (42, 1.2)  (43, -0.1) 
row 43: (42, -0.1)  (43, 1.2)  (44, -0.1) 
row 44: (43, -0.1)  (44, 1.2)  (45, -0.1) 
row 45: (44, -0.1)  (45, 1.2)  (46, -0.1) 
row 46: (45, -0.1)  (46, 1.2)  (47, -0.1) 
row 47: (46, -0.1)  (47, 1.2)  (48, -0.1) 
row 48: (47, -0.1)  (48, 1.2)  (49, -0.1) 
row 49: (48, -0.1)  (49, 1.2)  (50, -0.1) 
row 50: (49, -0.1)  (50, 1.2)  (51, -0.1) 
row 51: (50, -0.1)  (51, 1.2)  (52, -0.1) 
row 52: (51, -0.1)  (52, 1.2)  (53, -0.1) 
row 53: (52, -0.1)  (53, 1.2)  (54, -0.1) 
row 54: (53, -0.1)  (54, 1.2)  (55, -0.1) 
row 55: (54, -0.1)  (55, 1.2)  (56, -0.1) 
row 56: (55, -0.1)  (56, 1.2)  (57, -0.1) 
row 57: (56, -0.1)  (57, 1.2)  (58, -0.1) 
row 58: (57, -0.1)  (58, 1.2)  (59, -0.1) 
row 59: (58, -0.1)  (59, 1.2)  (60, -0.1) 
row 60: (59, -0.1)  (60, 1.2)  (61, -0.1) 
row 61: (60, -0.1)  (61, 1.2)  (62, -0.1) 
row 62: (61, -0.1)  (62, 1.2)  (63, -0.1) 
row 63: (62, -0.1)  (63, 1.2)  (64, -0.1) 
row 64: (63, -0.1)  (64, 1.2)  (65, -0.1) 
row 65: (64, -0.1)  (65, 1.2)  (66, -0.1) 
row 66: (65, -0.1)  (66, 1.2)  (67, -0.1) 
row 67: (66, -0.1)  (67, 1.2)  (68, -0.1) 
row 68: (67, -0.1)  (68, 1.2)  (69, -0.1) 
row 69: (68, -0.1)  (69, 1.2)  (70, -0.1) 
row 70: (69, -0.1)  (70, 1.2)  (71, -0.1) 
row 71: (70, -0.1)  (71, 1.2)  (72, -0.1) 
row 72: (71, -0.1)  (72, 1.2)  (73, -0.1) 
row 73: (72, -0.1)  (73, 1.2)  (74, -0.1) 
row 74: (73, -0.1)  (74, 1.2)  (75, -0.1) 
row 75: (74, -0.1)  (75, 1.2)  (76, -0.1) 
row 76: (75, -0.1)  (76, 1.2)  (77, -0.1) 
row 77: (76, -0.1)  (77, 1.2)  (78, -0.1) 
row 78: (77, -0.1)  (78, 1.2)  (79, -0.1) 
row 79: (78, -0.1)  (79, 1.2)  (80, -0.1) 
row 80: (79, -0.1)  (80, 1.2)  (81, -0.1) 
row 81: (80, -0.1)  (81, 1.2)  (82, -0.1) 
row 82: (81, -0.1)  (82, 1.2)  (83, -0.1) 
row 83: (82, -0.1)  (83, 1.2)  (84, -0.1) 
row 84: (83, -0.1)  (84, 1.2)  (85, -0.1) 
row 85: (84, -0.1)  (85, 1.2)  (86, -0.1) 
row 86: (85, -0.1)  (86, 1.2)  (87, -0.1) 
row 87: (86, -0.1)  (87, 1.2)  (88, -0.1) 
row 88: (87, -0.1)  (88, 1.2)  (89, -0.1) 
row 89: (88, -0.1)  (89, 1.2)  (90, -0.1) 
row 90: (89, -0.1)  (90, 1.2)  (91, -0.1) 
row 91: (90, -0.1)  (91, 1.2)  (92, -0.1) 
row 92: (91, -0.1)  (92, 1.2)  (93, -0.1) 
row 93: (92, -0.1)  (93, 1.2)  (94, -0.1) 
row 94: (93, -0.1)  (94, 1.2)  (95, -0.1) 
row 95: (94, -0.1)  (95, 1.2)  (96, -0.1) 
row 96: (95, -0.1)  (96, 1.2)  (97, -0.1) 
row 97: (96, -0.1)  (97, 1.2)  (98, -0.1) 
row 98: (97, -0.1)  (98, 1.2)  (99, -0.1) 
row 99: (98, -0.1)  (99, 1.2)  (100, -0.1) 
row 100: (99, -0.1)  (100, 1.2) 
Vec Object: 1 MPI processes
  type: seq
0.
3.14108e-07
6.27905e-07
9.41083e-07
1.25333e-06
1.56434e-06
1.87381e-06
2.18143e-06
2.4869e-06
2.78991e-06
3.09017e-06
3.38738e-06
3.68125e-06
3.97148e-06
4.25779e-06
4.5399e-06
4.81754e-06
5.09041e-06
5.35827e-06
5.62083e-06
5.87785e-06
6.12907e-06
6.37424e-06
6.61312e-06
6.84547e-06
7.07107e-06
7.28969e-06
7.50111e-06
7.70513e-06
7.90155e-06
8.09017e-06
8.27081e-06
8.44328e-06
8.60742e-06
8.76307e-06
8.91007e-06
9.04827e-06
9.17755e-06
9.29776e-06
9.40881e-06
9.51057e-06
9.60294e-06
9.68583e-06
9.75917e-06
9.82287e-06
9.87688e-06
9.92115e-06
9.95562e-06
9.98027e-06
9.99507e-06
1e-05
9.99507e-06
9.98027e-06
9.95562e-06
9.92115e-06
9.87688e-06
9.82287e-06
9.75917e-06
9.68583e-06
9.60294e-06
9.51057e-06
9.40881e-06
9.29776e-06
9.17755e-06
9.04827e-06
8.91007e-06
8.76307e-06
8.60742e-06
8.44328e-06
8.27081e-06
8.09017e-06
7.90155e-06
7.70513e-06
7.50111e-06
7.28969e-06
7.07107e-06
6.84547e-06
6.61312e-06
6.37424e-06
6.12907e-06
5.87785e-06
5.62083e-06
5.35827e-06
5.09041e-06
4.81754e-06
4.5399e-06
4.25779e-06
3.97148e-06
3.68125e-06
3.38738e-06
3.09017e-06
2.78991e-06
2.4869e-06
2.18143e-06
1.87381e-06
1.56434e-06
1.25333e-06
9.41083e-07
6.27905e-07
3.14108e-07
0.
Vec Object: implicit_heat_b 1 MPI processes
  type: seq
0.
0.00347219
0.00665188
0.0098253
0.0129893
0.0161408
0.0192766
0.0223937
0.025489
0.0285594
0.0316019
0.0346135
0.0375912
0.0405322
0.0434334
0.046292
0.0491052
0.0518703
0.0545844
0.057245
0.0598493
0.0623949
0.0648792
0.0672998
0.0696542
0.0719401
0.0741554
0.0762977
0.0783651
0.0803554
0.0822667
0.084097
0.0858447
0.0875079
0.0890851
0.0905746
0.091975
0.093285
0.0945032
0.0956283
0.0966595
0.0975955
0.0984354
0.0991785
0.099824
0.100371
0.10082
0.101169
0.101419
0.101569
0.101619
0.101569
0.101419
0.101169
0.10082
0.100371
0.099824
0.0991785
0.0984354
0.0975955
0.0966595
0.0956283
0.0945032
0.093285
0.091975
0.0905746
0.0890851
0.0875079
0.0858447
0.084097
0.0822667
0.0803554
0.0783651
0.0762977
0.0741554
0.0719401
0.0696542
0.0672998
0.0648792
0.0623949
0.0598493
0.057245
0.0545844
0.0518703
0.0491052
0.046292
0.0434334
0.0405322
0.0375912
0.0346135
0.0316019
0.0285594
0.025489
0.0223937
0.0192766
0.0161408
0.0129893
0.0098253
0.00665188
0.00347219
0.
==294402== 
==294402== HEAP SUMMARY:
==294402==     in use at exit: 54,884 bytes in 1,223 blocks
==294402==   total heap usage: 3,408 allocs, 2,185 frees, 141,147 bytes allocated
==294402== 
==294402== LEAK SUMMARY:
==294402==    definitely lost: 10 bytes in 1 blocks
==294402==    indirectly lost: 0 bytes in 0 blocks
==294402==      possibly lost: 0 bytes in 0 blocks
==294402==    still reachable: 54,874 bytes in 1,222 blocks
==294402==         suppressed: 0 bytes in 0 blocks
==294402== Rerun with --leak-check=full to see details of leaked memory
==294402== 
==294402== For counts of detected and suppressed errors, rerun with: -v
==294402== ERROR SUMMARY: 0 errors from 0 contexts (suppressed: 0 from 0)
==293284== 
==293284== HEAP SUMMARY:
==293284==     in use at exit: 58,325 bytes in 1,208 blocks
==293284==   total heap usage: 3,691 allocs, 2,483 frees, 147,299 bytes allocated
==293284== 
==293284== LEAK SUMMARY:
==293284==    definitely lost: 0 bytes in 0 blocks
==293284==    indirectly lost: 0 bytes in 0 blocks
==293284==      possibly lost: 0 bytes in 0 blocks
==293284==    still reachable: 58,325 bytes in 1,208 blocks
==293284==         suppressed: 0 bytes in 0 blocks
==293284== Rerun with --leak-check=full to see details of leaked memory
==293284== 
==293284== For counts of detected and suppressed errors, rerun with: -v
==293284== ERROR SUMMARY: 0 errors from 0 contexts (suppressed: 0 from 0)
