n = 200
dx = 0.005000
beta = 0.004000
Mat Object: 1 MPI processes
  type: seqaij
row 0: (0, 1.008)  (1, -0.004) 
row 1: (0, -0.004)  (1, 1.008)  (2, -0.004) 
row 2: (1, -0.004)  (2, 1.008)  (3, -0.004) 
row 3: (2, -0.004)  (3, 1.008)  (4, -0.004) 
row 4: (3, -0.004)  (4, 1.008)  (5, -0.004) 
row 5: (4, -0.004)  (5, 1.008)  (6, -0.004) 
row 6: (5, -0.004)  (6, 1.008)  (7, -0.004) 
row 7: (6, -0.004)  (7, 1.008)  (8, -0.004) 
row 8: (7, -0.004)  (8, 1.008)  (9, -0.004) 
row 9: (8, -0.004)  (9, 1.008)  (10, -0.004) 
row 10: (9, -0.004)  (10, 1.008)  (11, -0.004) 
row 11: (10, -0.004)  (11, 1.008)  (12, -0.004) 
row 12: (11, -0.004)  (12, 1.008)  (13, -0.004) 
row 13: (12, -0.004)  (13, 1.008)  (14, -0.004) 
row 14: (13, -0.004)  (14, 1.008)  (15, -0.004) 
row 15: (14, -0.004)  (15, 1.008)  (16, -0.004) 
row 16: (15, -0.004)  (16, 1.008)  (17, -0.004) 
row 17: (16, -0.004)  (17, 1.008)  (18, -0.004) 
row 18: (17, -0.004)  (18, 1.008)  (19, -0.004) 
row 19: (18, -0.004)  (19, 1.008)  (20, -0.004) 
row 20: (19, -0.004)  (20, 1.008)  (21, -0.004) 
row 21: (20, -0.004)  (21, 1.008)  (22, -0.004) 
row 22: (21, -0.004)  (22, 1.008)  (23, -0.004) 
row 23: (22, -0.004)  (23, 1.008)  (24, -0.004) 
row 24: (23, -0.004)  (24, 1.008)  (25, -0.004) 
row 25: (24, -0.004)  (25, 1.008)  (26, -0.004) 
row 26: (25, -0.004)  (26, 1.008)  (27, -0.004) 
row 27: (26, -0.004)  (27, 1.008)  (28, -0.004) 
row 28: (27, -0.004)  (28, 1.008)  (29, -0.004) 
row 29: (28, -0.004)  (29, 1.008)  (30, -0.004) 
row 30: (29, -0.004)  (30, 1.008)  (31, -0.004) 
row 31: (30, -0.004)  (31, 1.008)  (32, -0.004) 
row 32: (31, -0.004)  (32, 1.008)  (33, -0.004) 
row 33: (32, -0.004)  (33, 1.008)  (34, -0.004) 
row 34: (33, -0.004)  (34, 1.008)  (35, -0.004) 
row 35: (34, -0.004)  (35, 1.008)  (36, -0.004) 
row 36: (35, -0.004)  (36, 1.008)  (37, -0.004) 
row 37: (36, -0.004)  (37, 1.008)  (38, -0.004) 
row 38: (37, -0.004)  (38, 1.008)  (39, -0.004) 
row 39: (38, -0.004)  (39, 1.008)  (40, -0.004) 
row 40: (39, -0.004)  (40, 1.008)  (41, -0.004) 
row 41: (40, -0.004)  (41, 1.008)  (42, -0.004) 
row 42: (41, -0.004)  (42, 1.008)  (43, -0.004) 
row 43: (42, -0.004)  (43, 1.008)  (44, -0.004) 
row 44: (43, -0.004)  (44, 1.008)  (45, -0.004) 
row 45: (44, -0.004)  (45, 1.008)  (46, -0.004) 
row 46: (45, -0.004)  (46, 1.008)  (47, -0.004) 
row 47: (46, -0.004)  (47, 1.008)  (48, -0.004) 
row 48: (47, -0.004)  (48, 1.008)  (49, -0.004) 
row 49: (48, -0.004)  (49, 1.008)  (50, -0.004) 
row 50: (49, -0.004)  (50, 1.008)  (51, -0.004) 
row 51: (50, -0.004)  (51, 1.008)  (52, -0.004) 
row 52: (51, -0.004)  (52, 1.008)  (53, -0.004) 
row 53: (52, -0.004)  (53, 1.008)  (54, -0.004) 
row 54: (53, -0.004)  (54, 1.008)  (55, -0.004) 
row 55: (54, -0.004)  (55, 1.008)  (56, -0.004) 
row 56: (55, -0.004)  (56, 1.008)  (57, -0.004) 
row 57: (56, -0.004)  (57, 1.008)  (58, -0.004) 
row 58: (57, -0.004)  (58, 1.008)  (59, -0.004) 
row 59: (58, -0.004)  (59, 1.008)  (60, -0.004) 
row 60: (59, -0.004)  (60, 1.008)  (61, -0.004) 
row 61: (60, -0.004)  (61, 1.008)  (62, -0.004) 
row 62: (61, -0.004)  (62, 1.008)  (63, -0.004) 
row 63: (62, -0.004)  (63, 1.008)  (64, -0.004) 
row 64: (63, -0.004)  (64, 1.008)  (65, -0.004) 
row 65: (64, -0.004)  (65, 1.008)  (66, -0.004) 
row 66: (65, -0.004)  (66, 1.008)  (67, -0.004) 
row 67: (66, -0.004)  (67, 1.008)  (68, -0.004) 
row 68: (67, -0.004)  (68, 1.008)  (69, -0.004) 
row 69: (68, -0.004)  (69, 1.008)  (70, -0.004) 
row 70: (69, -0.004)  (70, 1.008)  (71, -0.004) 
row 71: (70, -0.004)  (71, 1.008)  (72, -0.004) 
row 72: (71, -0.004)  (72, 1.008)  (73, -0.004) 
row 73: (72, -0.004)  (73, 1.008)  (74, -0.004) 
row 74: (73, -0.004)  (74, 1.008)  (75, -0.004) 
row 75: (74, -0.004)  (75, 1.008)  (76, -0.004) 
row 76: (75, -0.004)  (76, 1.008)  (77, -0.004) 
row 77: (76, -0.004)  (77, 1.008)  (78, -0.004) 
row 78: (77, -0.004)  (78, 1.008)  (79, -0.004) 
row 79: (78, -0.004)  (79, 1.008)  (80, -0.004) 
row 80: (79, -0.004)  (80, 1.008)  (81, -0.004) 
row 81: (80, -0.004)  (81, 1.008)  (82, -0.004) 
row 82: (81, -0.004)  (82, 1.008)  (83, -0.004) 
row 83: (82, -0.004)  (83, 1.008)  (84, -0.004) 
row 84: (83, -0.004)  (84, 1.008)  (85, -0.004) 
row 85: (84, -0.004)  (85, 1.008)  (86, -0.004) 
row 86: (85, -0.004)  (86, 1.008)  (87, -0.004) 
row 87: (86, -0.004)  (87, 1.008)  (88, -0.004) 
row 88: (87, -0.004)  (88, 1.008)  (89, -0.004) 
row 89: (88, -0.004)  (89, 1.008)  (90, -0.004) 
row 90: (89, -0.004)  (90, 1.008)  (91, -0.004) 
row 91: (90, -0.004)  (91, 1.008)  (92, -0.004) 
row 92: (91, -0.004)  (92, 1.008)  (93, -0.004) 
row 93: (92, -0.004)  (93, 1.008)  (94, -0.004) 
row 94: (93, -0.004)  (94, 1.008)  (95, -0.004) 
row 95: (94, -0.004)  (95, 1.008)  (96, -0.004) 
row 96: (95, -0.004)  (96, 1.008)  (97, -0.004) 
row 97: (96, -0.004)  (97, 1.008)  (98, -0.004) 
row 98: (97, -0.004)  (98, 1.008)  (99, -0.004) 
row 99: (98, -0.004)  (99, 1.008)  (100, -0.004) 
row 100: (99, -0.004)  (100, 1.008)  (101, -0.004) 
row 101: (100, -0.004)  (101, 1.008)  (102, -0.004) 
row 102: (101, -0.004)  (102, 1.008)  (103, -0.004) 
row 103: (102, -0.004)  (103, 1.008)  (104, -0.004) 
row 104: (103, -0.004)  (104, 1.008)  (105, -0.004) 
row 105: (104, -0.004)  (105, 1.008)  (106, -0.004) 
row 106: (105, -0.004)  (106, 1.008)  (107, -0.004) 
row 107: (106, -0.004)  (107, 1.008)  (108, -0.004) 
row 108: (107, -0.004)  (108, 1.008)  (109, -0.004) 
row 109: (108, -0.004)  (109, 1.008)  (110, -0.004) 
row 110: (109, -0.004)  (110, 1.008)  (111, -0.004) 
row 111: (110, -0.004)  (111, 1.008)  (112, -0.004) 
row 112: (111, -0.004)  (112, 1.008)  (113, -0.004) 
row 113: (112, -0.004)  (113, 1.008)  (114, -0.004) 
row 114: (113, -0.004)  (114, 1.008)  (115, -0.004) 
row 115: (114, -0.004)  (115, 1.008)  (116, -0.004) 
row 116: (115, -0.004)  (116, 1.008)  (117, -0.004) 
row 117: (116, -0.004)  (117, 1.008)  (118, -0.004) 
row 118: (117, -0.004)  (118, 1.008)  (119, -0.004) 
row 119: (118, -0.004)  (119, 1.008)  (120, -0.004) 
row 120: (119, -0.004)  (120, 1.008)  (121, -0.004) 
row 121: (120, -0.004)  (121, 1.008)  (122, -0.004) 
row 122: (121, -0.004)  (122, 1.008)  (123, -0.004) 
row 123: (122, -0.004)  (123, 1.008)  (124, -0.004) 
row 124: (123, -0.004)  (124, 1.008)  (125, -0.004) 
row 125: (124, -0.004)  (125, 1.008)  (126, -0.004) 
row 126: (125, -0.004)  (126, 1.008)  (127, -0.004) 
row 127: (126, -0.004)  (127, 1.008)  (128, -0.004) 
row 128: (127, -0.004)  (128, 1.008)  (129, -0.004) 
row 129: (128, -0.004)  (129, 1.008)  (130, -0.004) 
row 130: (129, -0.004)  (130, 1.008)  (131, -0.004) 
row 131: (130, -0.004)  (131, 1.008)  (132, -0.004) 
row 132: (131, -0.004)  (132, 1.008)  (133, -0.004) 
row 133: (132, -0.004)  (133, 1.008)  (134, -0.004) 
row 134: (133, -0.004)  (134, 1.008)  (135, -0.004) 
row 135: (134, -0.004)  (135, 1.008)  (136, -0.004) 
row 136: (135, -0.004)  (136, 1.008)  (137, -0.004) 
row 137: (136, -0.004)  (137, 1.008)  (138, -0.004) 
row 138: (137, -0.004)  (138, 1.008)  (139, -0.004) 
row 139: (138, -0.004)  (139, 1.008)  (140, -0.004) 
row 140: (139, -0.004)  (140, 1.008)  (141, -0.004) 
row 141: (140, -0.004)  (141, 1.008)  (142, -0.004) 
row 142: (141, -0.004)  (142, 1.008)  (143, -0.004) 
row 143: (142, -0.004)  (143, 1.008)  (144, -0.004) 
row 144: (143, -0.004)  (144, 1.008)  (145, -0.004) 
row 145: (144, -0.004)  (145, 1.008)  (146, -0.004) 
row 146: (145, -0.004)  (146, 1.008)  (147, -0.004) 
row 147: (146, -0.004)  (147, 1.008)  (148, -0.004) 
row 148: (147, -0.004)  (148, 1.008)  (149, -0.004) 
row 149: (148, -0.004)  (149, 1.008)  (150, -0.004) 
row 150: (149, -0.004)  (150, 1.008)  (151, -0.004) 
row 151: (150, -0.004)  (151, 1.008)  (152, -0.004) 
row 152: (151, -0.004)  (152, 1.008)  (153, -0.004) 
row 153: (152, -0.004)  (153, 1.008)  (154, -0.004) 
row 154: (153, -0.004)  (154, 1.008)  (155, -0.004) 
row 155: (154, -0.004)  (155, 1.008)  (156, -0.004) 
row 156: (155, -0.004)  (156, 1.008)  (157, -0.004) 
row 157: (156, -0.004)  (157, 1.008)  (158, -0.004) 
row 158: (157, -0.004)  (158, 1.008)  (159, -0.004) 
row 159: (158, -0.004)  (159, 1.008)  (160, -0.004) 
row 160: (159, -0.004)  (160, 1.008)  (161, -0.004) 
row 161: (160, -0.004)  (161, 1.008)  (162, -0.004) 
row 162: (161, -0.004)  (162, 1.008)  (163, -0.004) 
row 163: (162, -0.004)  (163, 1.008)  (164, -0.004) 
row 164: (163, -0.004)  (164, 1.008)  (165, -0.004) 
row 165: (164, -0.004)  (165, 1.008)  (166, -0.004) 
row 166: (165, -0.004)  (166, 1.008)  (167, -0.004) 
row 167: (166, -0.004)  (167, 1.008)  (168, -0.004) 
row 168: (167, -0.004)  (168, 1.008)  (169, -0.004) 
row 169: (168, -0.004)  (169, 1.008)  (170, -0.004) 
row 170: (169, -0.004)  (170, 1.008)  (171, -0.004) 
row 171: (170, -0.004)  (171, 1.008)  (172, -0.004) 
row 172: (171, -0.004)  (172, 1.008)  (173, -0.004) 
row 173: (172, -0.004)  (173, 1.008)  (174, -0.004) 
row 174: (173, -0.004)  (174, 1.008)  (175, -0.004) 
row 175: (174, -0.004)  (175, 1.008)  (176, -0.004) 
row 176: (175, -0.004)  (176, 1.008)  (177, -0.004) 
row 177: (176, -0.004)  (177, 1.008)  (178, -0.004) 
row 178: (177, -0.004)  (178, 1.008)  (179, -0.004) 
row 179: (178, -0.004)  (179, 1.008)  (180, -0.004) 
row 180: (179, -0.004)  (180, 1.008)  (181, -0.004) 
row 181: (180, -0.004)  (181, 1.008)  (182, -0.004) 
row 182: (181, -0.004)  (182, 1.008)  (183, -0.004) 
row 183: (182, -0.004)  (183, 1.008)  (184, -0.004) 
row 184: (183, -0.004)  (184, 1.008)  (185, -0.004) 
row 185: (184, -0.004)  (185, 1.008)  (186, -0.004) 
row 186: (185, -0.004)  (186, 1.008)  (187, -0.004) 
row 187: (186, -0.004)  (187, 1.008)  (188, -0.004) 
row 188: (187, -0.004)  (188, 1.008)  (189, -0.004) 
row 189: (188, -0.004)  (189, 1.008)  (190, -0.004) 
row 190: (189, -0.004)  (190, 1.008)  (191, -0.004) 
row 191: (190, -0.004)  (191, 1.008)  (192, -0.004) 
row 192: (191, -0.004)  (192, 1.008)  (193, -0.004) 
row 193: (192, -0.004)  (193, 1.008)  (194, -0.004) 
row 194: (193, -0.004)  (194, 1.008)  (195, -0.004) 
row 195: (194, -0.004)  (195, 1.008)  (196, -0.004) 
row 196: (195, -0.004)  (196, 1.008)  (197, -0.004) 
row 197: (196, -0.004)  (197, 1.008)  (198, -0.004) 
row 198: (197, -0.004)  (198, 1.008)  (199, -0.004) 
row 199: (198, -0.004)  (199, 1.008)  (200, -0.004) 
row 200: (199, -0.004)  (200, 1.008) 
Vec Object: 1 MPI processes
  type: seq
0.
1.57073e-09
3.14108e-09
4.71065e-09
6.27905e-09
7.84591e-09
9.41083e-09
1.09734e-08
1.25333e-08
1.40901e-08
1.56434e-08
1.71929e-08
1.87381e-08
2.02787e-08
2.18143e-08
2.33445e-08
2.4869e-08
2.63873e-08
2.78991e-08
2.9404e-08
3.09017e-08
3.23917e-08
3.38738e-08
3.53475e-08
3.68125e-08
3.82683e-08
3.97148e-08
4.11514e-08
4.25779e-08
4.39939e-08
4.5399e-08
4.6793e-08
4.81754e-08
4.95459e-08
5.09041e-08
5.22499e-08
5.35827e-08
5.49023e-08
5.62083e-08
5.75005e-08
5.87785e-08
6.0042e-08
6.12907e-08
6.25243e-08
6.37424e-08
6.49448e-08
6.61312e-08
6.73013e-08
6.84547e-08
6.95913e-08
7.07107e-08
7.18126e-08
7.28969e-08
7.39631e-08
7.50111e-08
7.60406e-08
7.70513e-08
7.8043e-08
7.90155e-08
7.99685e-08
8.09017e-08
8.1815e-08
8.27081e-08
8.35807e-08
8.44328e-08
8.5264e-08
8.60742e-08
8.68632e-08
8.76307e-08
8.83766e-08
8.91007e-08
8.98028e-08
9.04827e-08
9.11403e-08
9.17755e-08
9.2388e-08
9.29776e-08
9.35444e-08
9.40881e-08
9.46085e-08
9.51057e-08
9.55793e-08
9.60294e-08
9.64557e-08
9.68583e-08
9.7237e-08
9.75917e-08
9.79223e-08
9.82287e-08
9.85109e-08
9.87688e-08
9.90024e-08
9.92115e-08
9.93961e-08
9.95562e-08
9.96917e-08
9.98027e-08
9.9889e-08
9.99507e-08
9.99877e-08
1e-07
9.99877e-08
9.99507e-08
9.9889e-08
9.98027e-08
9.96917e-08
9.95562e-08
9.93961e-08
9.92115e-08
9.90024e-08
9.87688e-08
9.85109e-08
9.82287e-08
9.79223e-08
9.75917e-08
9.7237e-08
9.68583e-08
9.64557e-08
9.60294e-08
9.55793e-08
9.51057e-08
9.46085e-08
9.40881e-08
9.35444e-08
9.29776e-08
9.2388e-08
9.17755e-08
9.11403e-08
9.04827e-08
8.98028e-08
8.91007e-08
8.83766e-08
8.76307e-08
8.68632e-08
8.60742e-08
8.5264e-08
8.44328e-08
8.35807e-08
8.27081e-08
8.1815e-08
8.09017e-08
7.99685e-08
7.90155e-08
7.8043e-08
7.70513e-08
7.60406e-08
7.50111e-08
7.39631e-08
7.28969e-08
7.18126e-08
7.07107e-08
6.95913e-08
6.84547e-08
6.73013e-08
6.61312e-08
6.49448e-08
6.37424e-08
6.25243e-08
6.12907e-08
6.0042e-08
5.87785e-08
5.75005e-08
5.62083e-08
5.49023e-08
5.35827e-08
5.22499e-08
5.09041e-08
4.95459e-08
4.81754e-08
4.6793e-08
4.5399e-08
4.39939e-08
4.25779e-08
4.11514e-08
3.97148e-08
3.82683e-08
3.68125e-08
3.53475e-08
3.38738e-08
3.23917e-08
3.09017e-08
2.9404e-08
2.78991e-08
2.63873e-08
2.4869e-08
2.33445e-08
2.18143e-08
2.02787e-08
1.87381e-08
1.71929e-08
1.56434e-08
1.40901e-08
1.25333e-08
1.09734e-08
9.41083e-09
7.84591e-09
6.27905e-09
4.71065e-09
3.14108e-09
1.57073e-09
0.
Vec Object: 1 MPI processes
  type: seq
0.
0.00159786
0.00318898
0.00477932
0.00636848
0.00795607
0.0095417
0.011125
0.0127055
0.0142829
0.0158568
0.0174268
0.0189924
0.0205534
0.0221093
0.0236598
0.0252044
0.0267428
0.0282746
0.0297995
0.031317
0.0328267
0.0343284
0.0358216
0.0373059
0.0387811
0.0402467
0.0417023
0.0431477
0.0445824
0.0460061
0.0474185
0.0488192
0.0502078
0.0515841
0.0529476
0.0542981
0.0556351
0.0569585
0.0582678
0.0595627
0.0608429
0.0621081
0.063358
0.0645922
0.0658105
0.0670126
0.0681982
0.0693669
0.0705185
0.0716527
0.0727692
0.0738678
0.0749482
0.07601
0.0770532
0.0780773
0.0790821
0.0800674
0.081033
0.0819786
0.0829039
0.0838088
0.0846931
0.0855564
0.0863986
0.0872195
0.0880189
0.0887966
0.0895524
0.090286
0.0909974
0.0916864
0.0923527
0.0929962
0.0936168
0.0942143
0.0947886
0.0953395
0.0958668
0.0963705
0.0968504
0.0973064
0.0977384
0.0981464
0.09853
0.0988894
0.0992244
0.0995349
0.0998208
0.100082
0.100319
0.100531
0.100718
0.10088
0.101017
0.10113
0.101217
0.10128
0.101317
0.10133
0.101317
0.10128
0.101217
0.10113
0.101017
0.10088
0.100718
0.100531
0.100319
0.100082
0.0998208
0.0995349
0.0992244
0.0988894
0.09853
0.0981464
0.0977384
0.0973064
0.0968504
0.0963705
0.0958668
0.0953395
0.0947886
0.0942143
0.0936168
0.0929962
0.0923527
0.0916864
0.0909974
0.090286
0.0895524
0.0887966
0.0880189
0.0872195
0.0863986
0.0855564
0.0846931
0.0838088
0.0829039
0.0819786
0.081033
0.0800674
0.0790821
0.0780773
0.0770532
0.07601
0.0749482
0.0738678
0.0727692
0.0716527
0.0705185
0.0693669
0.0681982
0.0670126
0.0658105
0.0645922
0.063358
0.0621081
0.0608429
0.0595627
0.0582678
0.0569585
0.0556351
0.0542981
0.0529476
0.0515841
0.0502078
0.0488192
0.0474185
0.0460061
0.0445824
0.0431477
0.0417023
0.0402467
0.0387811
0.0373059
0.0358216
0.0343284
0.0328267
0.031317
0.0297995
0.0282746
0.0267428
0.0252044
0.0236598
0.0221093
0.0205534
0.0189924
0.0174268
0.0158568
0.0142829
0.0127055
0.011125
0.0095417
0.00795607
0.00636848
0.00477932
0.00318898
0.00159786
0.
************************************************************************************************************************
***             WIDEN YOUR WINDOW TO 120 CHARACTERS.  Use 'enscript -r -fCourier9' to print this document            ***
************************************************************************************************************************

---------------------------------------------- PETSc Performance Summary: ----------------------------------------------



      ##########################################################
      #                                                        #
      #                       WARNING!!!                       #
      #                                                        #
      #   This code was compiled with a debugging option.      #
      #   To get timing results run ./configure                #
      #   using --with-debugging=no, the performance will      #
      #   be generally two or three times faster.              #
      #                                                        #
      ##########################################################


./implicit_heat.out on a  named r01n06 with 1 processor, by mae-lizj Wed Jun  8 22:48:22 2022
Using Petsc Release Version 3.16.6, Mar 30, 2022 

                         Max       Max/Min     Avg       Total
Time (sec):           1.878e+03     1.000   1.878e+03
Objects:              3.100e+01     1.000   3.100e+01
Flop:                 5.538e+11     1.000   5.538e+11  5.538e+11
Flop/sec:             2.948e+08     1.000   2.948e+08  2.948e+08
Memory:               4.592e+05     1.000   4.592e+05  4.592e+05
MPI Messages:         0.000e+00     0.000   0.000e+00  0.000e+00
MPI Message Lengths:  0.000e+00     0.000   0.000e+00  0.000e+00
MPI Reductions:       0.000e+00     0.000

Flop counting convention: 1 flop = 1 real number operation of type (multiply/divide/add/subtract)
                            e.g., VecAXPY() for real vectors of length N --> 2N flop
                            and VecAXPY() for complex vectors of length N --> 8N flop

Summary of Stages:   ----- Time ------  ----- Flop ------  --- Messages ---  -- Message Lengths --  -- Reductions --
                        Avg     %Total     Avg     %Total    Count   %Total     Avg         %Total    Count   %Total
 0:      Main Stage: 1.8784e+03 100.0%  5.5383e+11 100.0%  0.000e+00   0.0%  0.000e+00        0.0%  0.000e+00   0.0%

------------------------------------------------------------------------------------------------------------------------
See the 'Profiling' chapter of the users' manual for details on interpreting output.
Phase summary info:
   Count: number of times phase was executed
   Time and Flop: Max - maximum over all processors
                  Ratio - ratio of maximum to minimum over all processors
   Mess: number of messages sent
   AvgLen: average message length (bytes)
   Reduct: number of global reductions
   Global: entire computation
   Stage: stages of a computation. Set stages with PetscLogStagePush() and PetscLogStagePop().
      %T - percent time in this phase         %F - percent flop in this phase
      %M - percent messages in this phase     %L - percent message lengths in this phase
      %R - percent reductions in this phase
   Total Mflop/s: 10e-6 * (sum of flop over all processors)/(max time over all processors)
------------------------------------------------------------------------------------------------------------------------


      ##########################################################
      #                                                        #
      #                       WARNING!!!                       #
      #                                                        #
      #   This code was compiled with a debugging option.      #
      #   To get timing results run ./configure                #
      #   using --with-debugging=no, the performance will      #
      #   be generally two or three times faster.              #
      #                                                        #
      ##########################################################


Event                Count      Time (sec)     Flop                              --- Global ---  --- Stage ----  Total
                   Max Ratio  Max     Ratio   Max  Ratio  Mess   AvgLen  Reduct  %T %F %M %L %R  %T %F %M %L %R Mflop/s
------------------------------------------------------------------------------------------------------------------------

--- Event Stage 0: Main Stage

VecView                3 1.0 1.4961e-03 1.0 0.00e+00 0.0 0.0e+00 0.0e+00 0.0e+00  0  0  0  0  0   0  0  0  0  0     0
VecDot           300000010 1.0 1.1165e+02 1.0 1.20e+11 1.0 0.0e+00 0.0e+00 0.0e+00  6 22  0  0  0   6 22  0  0  0  1077
VecNorm          150000005 1.0 5.0769e+01 1.0 6.02e+10 1.0 0.0e+00 0.0e+00 0.0e+00  3 11  0  0  0   3 11  0  0  0  1185
VecScale         150000005 1.0 5.8461e+01 1.0 3.02e+10 1.0 0.0e+00 0.0e+00 0.0e+00  3  5  0  0  0   3  5  0  0  0   516
VecCopy          60000002 1.0 2.4990e+01 1.0 0.00e+00 0.0 0.0e+00 0.0e+00 0.0e+00  1  0  0  0  0   1  0  0  0  0     0
VecSet           60000023 1.0 2.4480e+01 1.0 0.00e+00 0.0 0.0e+00 0.0e+00 0.0e+00  1  0  0  0  0   1  0  0  0  0     0
VecAXPY          360000012 1.0 1.4252e+02 1.0 1.45e+11 1.0 0.0e+00 0.0e+00 0.0e+00  8 26  0  0  0   8 26  0  0  0  1015
VecMAXPY         30000001 1.0 2.6338e+01 1.0 4.82e+10 1.0 0.0e+00 0.0e+00 0.0e+00  1  9  0  0  0   1  9  0  0  0  1832
VecAssemblyBegin 30000003 1.0 4.9769e+00 1.0 0.00e+00 0.0 0.0e+00 0.0e+00 0.0e+00  0  0  0  0  0   0  0  0  0  0     0
VecAssemblyEnd   30000003 1.0 4.7770e+00 1.0 0.00e+00 0.0 0.0e+00 0.0e+00 0.0e+00  0  0  0  0  0   0  0  0  0  0     0
VecPointwiseMult 150000005 1.0 6.6421e+01 1.0 3.02e+10 1.0 0.0e+00 0.0e+00 0.0e+00  4  5  0  0  0   4  5  0  0  0   454
VecNormalize     150000005 1.0 1.9904e+02 1.0 9.03e+10 1.0 0.0e+00 0.0e+00 0.0e+00 11 16  0  0  0  11 16  0  0  0   454
MatMult          120000004 1.0 2.1388e+02 1.0 1.20e+11 1.0 0.0e+00 0.0e+00 0.0e+00 11 22  0  0  0  11 22  0  0  0   562
MatAssemblyBegin       1 1.0 9.5367e-07 1.0 0.00e+00 0.0 0.0e+00 0.0e+00 0.0e+00  0  0  0  0  0   0  0  0  0  0     0
MatAssemblyEnd         1 1.0 2.3127e-05 1.0 0.00e+00 0.0 0.0e+00 0.0e+00 0.0e+00  0  0  0  0  0   0  0  0  0  0     0
MatView                1 1.0 1.4241e-03 1.0 0.00e+00 0.0 0.0e+00 0.0e+00 0.0e+00  0  0  0  0  0   0  0  0  0  0     0
KSPSetUp               1 1.0 1.4901e-04 1.0 0.00e+00 0.0 0.0e+00 0.0e+00 0.0e+00  0  0  0  0  0   0  0  0  0  0     0
KSPSolve         30000001 1.0 1.7504e+03 1.0 5.42e+11 1.0 0.0e+00 0.0e+00 0.0e+00 93 98  0  0  0  93 98  0  0  0   310
KSPGMRESOrthog   120000004 1.0 5.4846e+02 1.0 2.41e+11 1.0 0.0e+00 0.0e+00 0.0e+00 29 43  0  0  0  29 43  0  0  0   439
PCSetUp                1 1.0 1.0967e-05 1.0 0.00e+00 0.0 0.0e+00 0.0e+00 0.0e+00  0  0  0  0  0   0  0  0  0  0     0
PCApply          150000005 1.0 1.4052e+02 1.0 3.02e+10 1.0 0.0e+00 0.0e+00 0.0e+00  7  5  0  0  0   7  5  0  0  0   215
------------------------------------------------------------------------------------------------------------------------

Memory usage is given in bytes:

Object Type          Creations   Destructions     Memory  Descendants' Mem.
Reports information only for process 0.

--- Event Stage 0: Main Stage

              Vector    19              1         3232     0.
              Matrix     1              0            0     0.
              Viewer     4              2         1680     0.
       Krylov Solver     1              0            0     0.
      Preconditioner     1              0            0     0.
    Distributed Mesh     1              0            0     0.
   Star Forest Graph     2              0            0     0.
     Discrete System     1              0            0     0.
           Weak Form     1              0            0     0.
========================================================================================================================
Average time to get PetscTime(): 0.
#PETSc Option Table entries:
-ksp_atol 1.0e-50
-ksp_gmres_modifiedgramschmidt
-ksp_gmres_restart 30
-ksp_max_it 1500
-ksp_rtol 1.0e-10
-ksp_type gmres
-log_view
-pc_type jacobi
#End of PETSc Option Table entries
Compiled without FORTRAN kernels
Compiled with full precision matrices (default)
sizeof(short) 2 sizeof(int) 4 sizeof(long) 8 sizeof(void*) 8 sizeof(PetscScalar) 8 sizeof(PetscInt) 4
Configure options: --prefix=/work/mae-lizj/lib/petsc-3.16.6 --with-blaslapack-dir=/share/intel/2018u4/compilers_and_libraries_2018.5.274/linux/mkl --with- debugging=no --download-hypre --download-metis --download-hdf5=/work/mae-lizj/HPC_testing/homework4/hdf5-1.12.1.tar.gz --with-mpi-dir=/share/intel/2018u4/compilers_and_libraries_2018.5.274/linux/mpi/intel64 COPTFLAGS="-O3 -march=native -mtune=native" CXXPTFLAGS="-O3 -march=native - mtune=native" FOPTFLAGS="-O3 -march=native -mtune=native"
-----------------------------------------
Libraries compiled on 2022-05-08 14:25:15 on login03 
Machine characteristics: Linux-3.10.0-862.el7.x86_64-x86_64-with-redhat-7.5-Maipo
Using PETSc directory: /work/mae-lizj/lib/petsc-3.16.6
Using PETSc arch: 
-----------------------------------------

Using C compiler: /share/intel/2018u4/compilers_and_libraries_2018.5.274/linux/mpi/intel64/bin/mpiicc  -fPIC -wd1572 -Wno-unknown-pragmas -O3 -march=native -mtune=native  -std=c99 
Using Fortran compiler: /share/intel/2018u4/compilers_and_libraries_2018.5.274/linux/mpi/intel64/bin/mpiifort  -fPIC -O3 -march=native -mtune=native     -std=c99
-----------------------------------------

Using include paths: -I/work/mae-lizj/lib/petsc-3.16.6/include -I/share/intel/2018u4/compilers_and_libraries_2018.5.274/linux/mpi/intel64/include
-----------------------------------------

Using C linker: /share/intel/2018u4/compilers_and_libraries_2018.5.274/linux/mpi/intel64/bin/mpiicc
Using Fortran linker: /share/intel/2018u4/compilers_and_libraries_2018.5.274/linux/mpi/intel64/bin/mpiifort
Using libraries: -Wl,-rpath,/work/mae-lizj/lib/petsc-3.16.6/lib -L/work/mae-lizj/lib/petsc-3.16.6/lib -lpetsc -Wl,-rpath,/work/mae-lizj/lib/petsc-3.16.6/lib -L/work/mae-lizj/lib/petsc-3.16.6/lib -Wl,-rpath,/share/intel/2018u4/compilers_and_libraries_2018.5.274/linux/mkl/lib/intel64 -L/share/intel/2018u4/compilers_and_libraries_2018.5.274/linux/mkl/lib/intel64 -Wl,-rpath,/share/intel/2018u4/compilers_and_libraries_2018.5.274/linux/mpi/intel64/lib/release_mt -L/share/intel/2018u4/compilers_and_libraries_2018.5.274/linux/mpi/intel64/lib/release_mt -Wl,-rpath,/share/intel/2018u4/compilers_and_libraries_2018.5.274/linux/mpi/intel64/lib -L/share/intel/2018u4/compilers_and_libraries_2018.5.274/linux/mpi/intel64/lib -Wl,-rpath,/share/intel/2018u4/compilers_and_libraries_2018.5.274/linux/tbb/lib/intel64_lin/gcc4.4 -L/share/intel/2018u4/compilers_and_libraries_2018.5.274/linux/tbb/lib/intel64_lin/gcc4.4 -Wl,-rpath,/share/intel/2018u4/compilers_and_libraries_2018.5.274/linux/daal/lib/intel64_lin -L/share/intel/2018u4/compilers_and_libraries_2018.5.274/linux/daal/lib/intel64_lin -Wl,-rpath,/share/intel/2018u4/compilers_and_libraries_2018.5.274/linux/tbb/lib/intel64/gcc4.4 -L/share/intel/2018u4/compilers_and_libraries_2018.5.274/linux/tbb/lib/intel64/gcc4.4 -Wl,-rpath,/share/intel/2018u4/compilers_and_libraries_2018.5.274/linux/compiler/lib/intel64 -L/share/intel/2018u4/compilers_and_libraries_2018.5.274/linux/compiler/lib/intel64 -Wl,-rpath,/share/intel/2018u4/compilers_and_libraries_2018.5.274/linux/ipp/lib/intel64 -L/share/intel/2018u4/compilers_and_libraries_2018.5.274/linux/ipp/lib/intel64 -Wl,-rpath,/share/intel/2018u4/compilers_and_libraries_2018.5.274/linux/compiler/lib/intel64_lin -L/share/intel/2018u4/compilers_and_libraries_2018.5.274/linux/compiler/lib/intel64_lin -Wl,-rpath,/usr/lib/gcc/x86_64-redhat-linux/4.8.5 -L/usr/lib/gcc/x86_64-redhat-linux/4.8.5 -Wl,-rpath,/opt/intel/mpi-rt/2017.0.0/intel64/lib/release_mt -Wl,-rpath,/opt/intel/mpi-rt/2017.0.0/intel64/lib -lHYPRE -lmkl_intel_lp64 -lmkl_core -lmkl_sequential -lpthread -lhdf5_hl -lhdf5 -lmetis -lX11 -lstdc++ -ldl -lmpifort -lmpi -lmpigi -lrt -lpthread -lifport -lifcoremt_pic -limf -lsvml -lm -lipgo -lirc -lgcc_s -lirc_s -lquadmath -lstdc++ -ldl
-----------------------------------------



      ##########################################################
      #                                                        #
      #                       WARNING!!!                       #
      #                                                        #
      #   This code was compiled with a debugging option.      #
      #   To get timing results run ./configure                #
      #   using --with-debugging=no, the performance will      #
      #   be generally two or three times faster.              #
      #                                                        #
      ##########################################################


