n = 1000
dx = 0.001000
beta = 10.000000
Mat Object: 1 MPI processes
  type: seqaij
row 0: (0, 21.)  (1, -10.) 
row 1: (0, -10.)  (1, 21.)  (2, -10.) 
row 2: (1, -10.)  (2, 21.)  (3, -10.) 
row 3: (2, -10.)  (3, 21.)  (4, -10.) 
row 4: (3, -10.)  (4, 21.)  (5, -10.) 
row 5: (4, -10.)  (5, 21.)  (6, -10.) 
row 6: (5, -10.)  (6, 21.)  (7, -10.) 
row 7: (6, -10.)  (7, 21.)  (8, -10.) 
row 8: (7, -10.)  (8, 21.)  (9, -10.) 
row 9: (8, -10.)  (9, 21.)  (10, -10.) 
row 10: (9, -10.)  (10, 21.)  (11, -10.) 
row 11: (10, -10.)  (11, 21.)  (12, -10.) 
row 12: (11, -10.)  (12, 21.)  (13, -10.) 
row 13: (12, -10.)  (13, 21.)  (14, -10.) 
row 14: (13, -10.)  (14, 21.)  (15, -10.) 
row 15: (14, -10.)  (15, 21.)  (16, -10.) 
row 16: (15, -10.)  (16, 21.)  (17, -10.) 
row 17: (16, -10.)  (17, 21.)  (18, -10.) 
row 18: (17, -10.)  (18, 21.)  (19, -10.) 
row 19: (18, -10.)  (19, 21.)  (20, -10.) 
row 20: (19, -10.)  (20, 21.)  (21, -10.) 
row 21: (20, -10.)  (21, 21.)  (22, -10.) 
row 22: (21, -10.)  (22, 21.)  (23, -10.) 
row 23: (22, -10.)  (23, 21.)  (24, -10.) 
row 24: (23, -10.)  (24, 21.)  (25, -10.) 
row 25: (24, -10.)  (25, 21.)  (26, -10.) 
row 26: (25, -10.)  (26, 21.)  (27, -10.) 
row 27: (26, -10.)  (27, 21.)  (28, -10.) 
row 28: (27, -10.)  (28, 21.)  (29, -10.) 
row 29: (28, -10.)  (29, 21.)  (30, -10.) 
row 30: (29, -10.)  (30, 21.)  (31, -10.) 
row 31: (30, -10.)  (31, 21.)  (32, -10.) 
row 32: (31, -10.)  (32, 21.)  (33, -10.) 
row 33: (32, -10.)  (33, 21.)  (34, -10.) 
row 34: (33, -10.)  (34, 21.)  (35, -10.) 
row 35: (34, -10.)  (35, 21.)  (36, -10.) 
row 36: (35, -10.)  (36, 21.)  (37, -10.) 
row 37: (36, -10.)  (37, 21.)  (38, -10.) 
row 38: (37, -10.)  (38, 21.)  (39, -10.) 
row 39: (38, -10.)  (39, 21.)  (40, -10.) 
row 40: (39, -10.)  (40, 21.)  (41, -10.) 
row 41: (40, -10.)  (41, 21.)  (42, -10.) 
row 42: (41, -10.)  (42, 21.)  (43, -10.) 
row 43: (42, -10.)  (43, 21.)  (44, -10.) 
row 44: (43, -10.)  (44, 21.)  (45, -10.) 
row 45: (44, -10.)  (45, 21.)  (46, -10.) 
row 46: (45, -10.)  (46, 21.)  (47, -10.) 
row 47: (46, -10.)  (47, 21.)  (48, -10.) 
row 48: (47, -10.)  (48, 21.)  (49, -10.) 
row 49: (48, -10.)  (49, 21.)  (50, -10.) 
row 50: (49, -10.)  (50, 21.)  (51, -10.) 
row 51: (50, -10.)  (51, 21.)  (52, -10.) 
row 52: (51, -10.)  (52, 21.)  (53, -10.) 
row 53: (52, -10.)  (53, 21.)  (54, -10.) 
row 54: (53, -10.)  (54, 21.)  (55, -10.) 
row 55: (54, -10.)  (55, 21.)  (56, -10.) 
row 56: (55, -10.)  (56, 21.)  (57, -10.) 
row 57: (56, -10.)  (57, 21.)  (58, -10.) 
row 58: (57, -10.)  (58, 21.)  (59, -10.) 
row 59: (58, -10.)  (59, 21.)  (60, -10.) 
row 60: (59, -10.)  (60, 21.)  (61, -10.) 
row 61: (60, -10.)  (61, 21.)  (62, -10.) 
row 62: (61, -10.)  (62, 21.)  (63, -10.) 
row 63: (62, -10.)  (63, 21.)  (64, -10.) 
row 64: (63, -10.)  (64, 21.)  (65, -10.) 
row 65: (64, -10.)  (65, 21.)  (66, -10.) 
row 66: (65, -10.)  (66, 21.)  (67, -10.) 
row 67: (66, -10.)  (67, 21.)  (68, -10.) 
row 68: (67, -10.)  (68, 21.)  (69, -10.) 
row 69: (68, -10.)  (69, 21.)  (70, -10.) 
row 70: (69, -10.)  (70, 21.)  (71, -10.) 
row 71: (70, -10.)  (71, 21.)  (72, -10.) 
row 72: (71, -10.)  (72, 21.)  (73, -10.) 
row 73: (72, -10.)  (73, 21.)  (74, -10.) 
row 74: (73, -10.)  (74, 21.)  (75, -10.) 
row 75: (74, -10.)  (75, 21.)  (76, -10.) 
row 76: (75, -10.)  (76, 21.)  (77, -10.) 
row 77: (76, -10.)  (77, 21.)  (78, -10.) 
row 78: (77, -10.)  (78, 21.)  (79, -10.) 
row 79: (78, -10.)  (79, 21.)  (80, -10.) 
row 80: (79, -10.)  (80, 21.)  (81, -10.) 
row 81: (80, -10.)  (81, 21.)  (82, -10.) 
row 82: (81, -10.)  (82, 21.)  (83, -10.) 
row 83: (82, -10.)  (83, 21.)  (84, -10.) 
row 84: (83, -10.)  (84, 21.)  (85, -10.) 
row 85: (84, -10.)  (85, 21.)  (86, -10.) 
row 86: (85, -10.)  (86, 21.)  (87, -10.) 
row 87: (86, -10.)  (87, 21.)  (88, -10.) 
row 88: (87, -10.)  (88, 21.)  (89, -10.) 
row 89: (88, -10.)  (89, 21.)  (90, -10.) 
row 90: (89, -10.)  (90, 21.)  (91, -10.) 
row 91: (90, -10.)  (91, 21.)  (92, -10.) 
row 92: (91, -10.)  (92, 21.)  (93, -10.) 
row 93: (92, -10.)  (93, 21.)  (94, -10.) 
row 94: (93, -10.)  (94, 21.)  (95, -10.) 
row 95: (94, -10.)  (95, 21.)  (96, -10.) 
row 96: (95, -10.)  (96, 21.)  (97, -10.) 
row 97: (96, -10.)  (97, 21.)  (98, -10.) 
row 98: (97, -10.)  (98, 21.)  (99, -10.) 
row 99: (98, -10.)  (99, 21.)  (100, -10.) 
row 100: (99, -10.)  (100, 21.)  (101, -10.) 
row 101: (100, -10.)  (101, 21.)  (102, -10.) 
row 102: (101, -10.)  (102, 21.)  (103, -10.) 
row 103: (102, -10.)  (103, 21.)  (104, -10.) 
row 104: (103, -10.)  (104, 21.)  (105, -10.) 
row 105: (104, -10.)  (105, 21.)  (106, -10.) 
row 106: (105, -10.)  (106, 21.)  (107, -10.) 
row 107: (106, -10.)  (107, 21.)  (108, -10.) 
row 108: (107, -10.)  (108, 21.)  (109, -10.) 
row 109: (108, -10.)  (109, 21.)  (110, -10.) 
row 110: (109, -10.)  (110, 21.)  (111, -10.) 
row 111: (110, -10.)  (111, 21.)  (112, -10.) 
row 112: (111, -10.)  (112, 21.)  (113, -10.) 
row 113: (112, -10.)  (113, 21.)  (114, -10.) 
row 114: (113, -10.)  (114, 21.)  (115, -10.) 
row 115: (114, -10.)  (115, 21.)  (116, -10.) 
row 116: (115, -10.)  (116, 21.)  (117, -10.) 
row 117: (116, -10.)  (117, 21.)  (118, -10.) 
row 118: (117, -10.)  (118, 21.)  (119, -10.) 
row 119: (118, -10.)  (119, 21.)  (120, -10.) 
row 120: (119, -10.)  (120, 21.)  (121, -10.) 
row 121: (120, -10.)  (121, 21.)  (122, -10.) 
row 122: (121, -10.)  (122, 21.)  (123, -10.) 
row 123: (122, -10.)  (123, 21.)  (124, -10.) 
row 124: (123, -10.)  (124, 21.)  (125, -10.) 
row 125: (124, -10.)  (125, 21.)  (126, -10.) 
row 126: (125, -10.)  (126, 21.)  (127, -10.) 
row 127: (126, -10.)  (127, 21.)  (128, -10.) 
row 128: (127, -10.)  (128, 21.)  (129, -10.) 
row 129: (128, -10.)  (129, 21.)  (130, -10.) 
row 130: (129, -10.)  (130, 21.)  (131, -10.) 
row 131: (130, -10.)  (131, 21.)  (132, -10.) 
row 132: (131, -10.)  (132, 21.)  (133, -10.) 
row 133: (132, -10.)  (133, 21.)  (134, -10.) 
row 134: (133, -10.)  (134, 21.)  (135, -10.) 
row 135: (134, -10.)  (135, 21.)  (136, -10.) 
row 136: (135, -10.)  (136, 21.)  (137, -10.) 
row 137: (136, -10.)  (137, 21.)  (138, -10.) 
row 138: (137, -10.)  (138, 21.)  (139, -10.) 
row 139: (138, -10.)  (139, 21.)  (140, -10.) 
row 140: (139, -10.)  (140, 21.)  (141, -10.) 
row 141: (140, -10.)  (141, 21.)  (142, -10.) 
row 142: (141, -10.)  (142, 21.)  (143, -10.) 
row 143: (142, -10.)  (143, 21.)  (144, -10.) 
row 144: (143, -10.)  (144, 21.)  (145, -10.) 
row 145: (144, -10.)  (145, 21.)  (146, -10.) 
row 146: (145, -10.)  (146, 21.)  (147, -10.) 
row 147: (146, -10.)  (147, 21.)  (148, -10.) 
row 148: (147, -10.)  (148, 21.)  (149, -10.) 
row 149: (148, -10.)  (149, 21.)  (150, -10.) 
row 150: (149, -10.)  (150, 21.)  (151, -10.) 
row 151: (150, -10.)  (151, 21.)  (152, -10.) 
row 152: (151, -10.)  (152, 21.)  (153, -10.) 
row 153: (152, -10.)  (153, 21.)  (154, -10.) 
row 154: (153, -10.)  (154, 21.)  (155, -10.) 
row 155: (154, -10.)  (155, 21.)  (156, -10.) 
row 156: (155, -10.)  (156, 21.)  (157, -10.) 
row 157: (156, -10.)  (157, 21.)  (158, -10.) 
row 158: (157, -10.)  (158, 21.)  (159, -10.) 
row 159: (158, -10.)  (159, 21.)  (160, -10.) 
row 160: (159, -10.)  (160, 21.)  (161, -10.) 
row 161: (160, -10.)  (161, 21.)  (162, -10.) 
row 162: (161, -10.)  (162, 21.)  (163, -10.) 
row 163: (162, -10.)  (163, 21.)  (164, -10.) 
row 164: (163, -10.)  (164, 21.)  (165, -10.) 
row 165: (164, -10.)  (165, 21.)  (166, -10.) 
row 166: (165, -10.)  (166, 21.)  (167, -10.) 
row 167: (166, -10.)  (167, 21.)  (168, -10.) 
row 168: (167, -10.)  (168, 21.)  (169, -10.) 
row 169: (168, -10.)  (169, 21.)  (170, -10.) 
row 170: (169, -10.)  (170, 21.)  (171, -10.) 
row 171: (170, -10.)  (171, 21.)  (172, -10.) 
row 172: (171, -10.)  (172, 21.)  (173, -10.) 
row 173: (172, -10.)  (173, 21.)  (174, -10.) 
row 174: (173, -10.)  (174, 21.)  (175, -10.) 
row 175: (174, -10.)  (175, 21.)  (176, -10.) 
row 176: (175, -10.)  (176, 21.)  (177, -10.) 
row 177: (176, -10.)  (177, 21.)  (178, -10.) 
row 178: (177, -10.)  (178, 21.)  (179, -10.) 
row 179: (178, -10.)  (179, 21.)  (180, -10.) 
row 180: (179, -10.)  (180, 21.)  (181, -10.) 
row 181: (180, -10.)  (181, 21.)  (182, -10.) 
row 182: (181, -10.)  (182, 21.)  (183, -10.) 
row 183: (182, -10.)  (183, 21.)  (184, -10.) 
row 184: (183, -10.)  (184, 21.)  (185, -10.) 
row 185: (184, -10.)  (185, 21.)  (186, -10.) 
row 186: (185, -10.)  (186, 21.)  (187, -10.) 
row 187: (186, -10.)  (187, 21.)  (188, -10.) 
row 188: (187, -10.)  (188, 21.)  (189, -10.) 
row 189: (188, -10.)  (189, 21.)  (190, -10.) 
row 190: (189, -10.)  (190, 21.)  (191, -10.) 
row 191: (190, -10.)  (191, 21.)  (192, -10.) 
row 192: (191, -10.)  (192, 21.)  (193, -10.) 
row 193: (192, -10.)  (193, 21.)  (194, -10.) 
row 194: (193, -10.)  (194, 21.)  (195, -10.) 
row 195: (194, -10.)  (195, 21.)  (196, -10.) 
row 196: (195, -10.)  (196, 21.)  (197, -10.) 
row 197: (196, -10.)  (197, 21.)  (198, -10.) 
row 198: (197, -10.)  (198, 21.)  (199, -10.) 
row 199: (198, -10.)  (199, 21.)  (200, -10.) 
row 200: (199, -10.)  (200, 21.)  (201, -10.) 
row 201: (200, -10.)  (201, 21.)  (202, -10.) 
row 202: (201, -10.)  (202, 21.)  (203, -10.) 
row 203: (202, -10.)  (203, 21.)  (204, -10.) 
row 204: (203, -10.)  (204, 21.)  (205, -10.) 
row 205: (204, -10.)  (205, 21.)  (206, -10.) 
row 206: (205, -10.)  (206, 21.)  (207, -10.) 
row 207: (206, -10.)  (207, 21.)  (208, -10.) 
row 208: (207, -10.)  (208, 21.)  (209, -10.) 
row 209: (208, -10.)  (209, 21.)  (210, -10.) 
row 210: (209, -10.)  (210, 21.)  (211, -10.) 
row 211: (210, -10.)  (211, 21.)  (212, -10.) 
row 212: (211, -10.)  (212, 21.)  (213, -10.) 
row 213: (212, -10.)  (213, 21.)  (214, -10.) 
row 214: (213, -10.)  (214, 21.)  (215, -10.) 
row 215: (214, -10.)  (215, 21.)  (216, -10.) 
row 216: (215, -10.)  (216, 21.)  (217, -10.) 
row 217: (216, -10.)  (217, 21.)  (218, -10.) 
row 218: (217, -10.)  (218, 21.)  (219, -10.) 
row 219: (218, -10.)  (219, 21.)  (220, -10.) 
row 220: (219, -10.)  (220, 21.)  (221, -10.) 
row 221: (220, -10.)  (221, 21.)  (222, -10.) 
row 222: (221, -10.)  (222, 21.)  (223, -10.) 
row 223: (222, -10.)  (223, 21.)  (224, -10.) 
row 224: (223, -10.)  (224, 21.)  (225, -10.) 
row 225: (224, -10.)  (225, 21.)  (226, -10.) 
row 226: (225, -10.)  (226, 21.)  (227, -10.) 
row 227: (226, -10.)  (227, 21.)  (228, -10.) 
row 228: (227, -10.)  (228, 21.)  (229, -10.) 
row 229: (228, -10.)  (229, 21.)  (230, -10.) 
row 230: (229, -10.)  (230, 21.)  (231, -10.) 
row 231: (230, -10.)  (231, 21.)  (232, -10.) 
row 232: (231, -10.)  (232, 21.)  (233, -10.) 
row 233: (232, -10.)  (233, 21.)  (234, -10.) 
row 234: (233, -10.)  (234, 21.)  (235, -10.) 
row 235: (234, -10.)  (235, 21.)  (236, -10.) 
row 236: (235, -10.)  (236, 21.)  (237, -10.) 
row 237: (236, -10.)  (237, 21.)  (238, -10.) 
row 238: (237, -10.)  (238, 21.)  (239, -10.) 
row 239: (238, -10.)  (239, 21.)  (240, -10.) 
row 240: (239, -10.)  (240, 21.)  (241, -10.) 
row 241: (240, -10.)  (241, 21.)  (242, -10.) 
row 242: (241, -10.)  (242, 21.)  (243, -10.) 
row 243: (242, -10.)  (243, 21.)  (244, -10.) 
row 244: (243, -10.)  (244, 21.)  (245, -10.) 
row 245: (244, -10.)  (245, 21.)  (246, -10.) 
row 246: (245, -10.)  (246, 21.)  (247, -10.) 
row 247: (246, -10.)  (247, 21.)  (248, -10.) 
row 248: (247, -10.)  (248, 21.)  (249, -10.) 
row 249: (248, -10.)  (249, 21.)  (250, -10.) 
row 250: (249, -10.)  (250, 21.)  (251, -10.) 
row 251: (250, -10.)  (251, 21.)  (252, -10.) 
row 252: (251, -10.)  (252, 21.)  (253, -10.) 
row 253: (252, -10.)  (253, 21.)  (254, -10.) 
row 254: (253, -10.)  (254, 21.)  (255, -10.) 
row 255: (254, -10.)  (255, 21.)  (256, -10.) 
row 256: (255, -10.)  (256, 21.)  (257, -10.) 
row 257: (256, -10.)  (257, 21.)  (258, -10.) 
row 258: (257, -10.)  (258, 21.)  (259, -10.) 
row 259: (258, -10.)  (259, 21.)  (260, -10.) 
row 260: (259, -10.)  (260, 21.)  (261, -10.) 
row 261: (260, -10.)  (261, 21.)  (262, -10.) 
row 262: (261, -10.)  (262, 21.)  (263, -10.) 
row 263: (262, -10.)  (263, 21.)  (264, -10.) 
row 264: (263, -10.)  (264, 21.)  (265, -10.) 
row 265: (264, -10.)  (265, 21.)  (266, -10.) 
row 266: (265, -10.)  (266, 21.)  (267, -10.) 
row 267: (266, -10.)  (267, 21.)  (268, -10.) 
row 268: (267, -10.)  (268, 21.)  (269, -10.) 
row 269: (268, -10.)  (269, 21.)  (270, -10.) 
row 270: (269, -10.)  (270, 21.)  (271, -10.) 
row 271: (270, -10.)  (271, 21.)  (272, -10.) 
row 272: (271, -10.)  (272, 21.)  (273, -10.) 
row 273: (272, -10.)  (273, 21.)  (274, -10.) 
row 274: (273, -10.)  (274, 21.)  (275, -10.) 
row 275: (274, -10.)  (275, 21.)  (276, -10.) 
row 276: (275, -10.)  (276, 21.)  (277, -10.) 
row 277: (276, -10.)  (277, 21.)  (278, -10.) 
row 278: (277, -10.)  (278, 21.)  (279, -10.) 
row 279: (278, -10.)  (279, 21.)  (280, -10.) 
row 280: (279, -10.)  (280, 21.)  (281, -10.) 
row 281: (280, -10.)  (281, 21.)  (282, -10.) 
row 282: (281, -10.)  (282, 21.)  (283, -10.) 
row 283: (282, -10.)  (283, 21.)  (284, -10.) 
row 284: (283, -10.)  (284, 21.)  (285, -10.) 
row 285: (284, -10.)  (285, 21.)  (286, -10.) 
row 286: (285, -10.)  (286, 21.)  (287, -10.) 
row 287: (286, -10.)  (287, 21.)  (288, -10.) 
row 288: (287, -10.)  (288, 21.)  (289, -10.) 
row 289: (288, -10.)  (289, 21.)  (290, -10.) 
row 290: (289, -10.)  (290, 21.)  (291, -10.) 
row 291: (290, -10.)  (291, 21.)  (292, -10.) 
row 292: (291, -10.)  (292, 21.)  (293, -10.) 
row 293: (292, -10.)  (293, 21.)  (294, -10.) 
row 294: (293, -10.)  (294, 21.)  (295, -10.) 
row 295: (294, -10.)  (295, 21.)  (296, -10.) 
row 296: (295, -10.)  (296, 21.)  (297, -10.) 
row 297: (296, -10.)  (297, 21.)  (298, -10.) 
row 298: (297, -10.)  (298, 21.)  (299, -10.) 
row 299: (298, -10.)  (299, 21.)  (300, -10.) 
row 300: (299, -10.)  (300, 21.)  (301, -10.) 
row 301: (300, -10.)  (301, 21.)  (302, -10.) 
row 302: (301, -10.)  (302, 21.)  (303, -10.) 
row 303: (302, -10.)  (303, 21.)  (304, -10.) 
row 304: (303, -10.)  (304, 21.)  (305, -10.) 
row 305: (304, -10.)  (305, 21.)  (306, -10.) 
row 306: (305, -10.)  (306, 21.)  (307, -10.) 
row 307: (306, -10.)  (307, 21.)  (308, -10.) 
row 308: (307, -10.)  (308, 21.)  (309, -10.) 
row 309: (308, -10.)  (309, 21.)  (310, -10.) 
row 310: (309, -10.)  (310, 21.)  (311, -10.) 
row 311: (310, -10.)  (311, 21.)  (312, -10.) 
row 312: (311, -10.)  (312, 21.)  (313, -10.) 
row 313: (312, -10.)  (313, 21.)  (314, -10.) 
row 314: (313, -10.)  (314, 21.)  (315, -10.) 
row 315: (314, -10.)  (315, 21.)  (316, -10.) 
row 316: (315, -10.)  (316, 21.)  (317, -10.) 
row 317: (316, -10.)  (317, 21.)  (318, -10.) 
row 318: (317, -10.)  (318, 21.)  (319, -10.) 
row 319: (318, -10.)  (319, 21.)  (320, -10.) 
row 320: (319, -10.)  (320, 21.)  (321, -10.) 
row 321: (320, -10.)  (321, 21.)  (322, -10.) 
row 322: (321, -10.)  (322, 21.)  (323, -10.) 
row 323: (322, -10.)  (323, 21.)  (324, -10.) 
row 324: (323, -10.)  (324, 21.)  (325, -10.) 
row 325: (324, -10.)  (325, 21.)  (326, -10.) 
row 326: (325, -10.)  (326, 21.)  (327, -10.) 
row 327: (326, -10.)  (327, 21.)  (328, -10.) 
row 328: (327, -10.)  (328, 21.)  (329, -10.) 
row 329: (328, -10.)  (329, 21.)  (330, -10.) 
row 330: (329, -10.)  (330, 21.)  (331, -10.) 
row 331: (330, -10.)  (331, 21.)  (332, -10.) 
row 332: (331, -10.)  (332, 21.)  (333, -10.) 
row 333: (332, -10.)  (333, 21.)  (334, -10.) 
row 334: (333, -10.)  (334, 21.)  (335, -10.) 
row 335: (334, -10.)  (335, 21.)  (336, -10.) 
row 336: (335, -10.)  (336, 21.)  (337, -10.) 
row 337: (336, -10.)  (337, 21.)  (338, -10.) 
row 338: (337, -10.)  (338, 21.)  (339, -10.) 
row 339: (338, -10.)  (339, 21.)  (340, -10.) 
row 340: (339, -10.)  (340, 21.)  (341, -10.) 
row 341: (340, -10.)  (341, 21.)  (342, -10.) 
row 342: (341, -10.)  (342, 21.)  (343, -10.) 
row 343: (342, -10.)  (343, 21.)  (344, -10.) 
row 344: (343, -10.)  (344, 21.)  (345, -10.) 
row 345: (344, -10.)  (345, 21.)  (346, -10.) 
row 346: (345, -10.)  (346, 21.)  (347, -10.) 
row 347: (346, -10.)  (347, 21.)  (348, -10.) 
row 348: (347, -10.)  (348, 21.)  (349, -10.) 
row 349: (348, -10.)  (349, 21.)  (350, -10.) 
row 350: (349, -10.)  (350, 21.)  (351, -10.) 
row 351: (350, -10.)  (351, 21.)  (352, -10.) 
row 352: (351, -10.)  (352, 21.)  (353, -10.) 
row 353: (352, -10.)  (353, 21.)  (354, -10.) 
row 354: (353, -10.)  (354, 21.)  (355, -10.) 
row 355: (354, -10.)  (355, 21.)  (356, -10.) 
row 356: (355, -10.)  (356, 21.)  (357, -10.) 
row 357: (356, -10.)  (357, 21.)  (358, -10.) 
row 358: (357, -10.)  (358, 21.)  (359, -10.) 
row 359: (358, -10.)  (359, 21.)  (360, -10.) 
row 360: (359, -10.)  (360, 21.)  (361, -10.) 
row 361: (360, -10.)  (361, 21.)  (362, -10.) 
row 362: (361, -10.)  (362, 21.)  (363, -10.) 
row 363: (362, -10.)  (363, 21.)  (364, -10.) 
row 364: (363, -10.)  (364, 21.)  (365, -10.) 
row 365: (364, -10.)  (365, 21.)  (366, -10.) 
row 366: (365, -10.)  (366, 21.)  (367, -10.) 
row 367: (366, -10.)  (367, 21.)  (368, -10.) 
row 368: (367, -10.)  (368, 21.)  (369, -10.) 
row 369: (368, -10.)  (369, 21.)  (370, -10.) 
row 370: (369, -10.)  (370, 21.)  (371, -10.) 
row 371: (370, -10.)  (371, 21.)  (372, -10.) 
row 372: (371, -10.)  (372, 21.)  (373, -10.) 
row 373: (372, -10.)  (373, 21.)  (374, -10.) 
row 374: (373, -10.)  (374, 21.)  (375, -10.) 
row 375: (374, -10.)  (375, 21.)  (376, -10.) 
row 376: (375, -10.)  (376, 21.)  (377, -10.) 
row 377: (376, -10.)  (377, 21.)  (378, -10.) 
row 378: (377, -10.)  (378, 21.)  (379, -10.) 
row 379: (378, -10.)  (379, 21.)  (380, -10.) 
row 380: (379, -10.)  (380, 21.)  (381, -10.) 
row 381: (380, -10.)  (381, 21.)  (382, -10.) 
row 382: (381, -10.)  (382, 21.)  (383, -10.) 
row 383: (382, -10.)  (383, 21.)  (384, -10.) 
row 384: (383, -10.)  (384, 21.)  (385, -10.) 
row 385: (384, -10.)  (385, 21.)  (386, -10.) 
row 386: (385, -10.)  (386, 21.)  (387, -10.) 
row 387: (386, -10.)  (387, 21.)  (388, -10.) 
row 388: (387, -10.)  (388, 21.)  (389, -10.) 
row 389: (388, -10.)  (389, 21.)  (390, -10.) 
row 390: (389, -10.)  (390, 21.)  (391, -10.) 
row 391: (390, -10.)  (391, 21.)  (392, -10.) 
row 392: (391, -10.)  (392, 21.)  (393, -10.) 
row 393: (392, -10.)  (393, 21.)  (394, -10.) 
row 394: (393, -10.)  (394, 21.)  (395, -10.) 
row 395: (394, -10.)  (395, 21.)  (396, -10.) 
row 396: (395, -10.)  (396, 21.)  (397, -10.) 
row 397: (396, -10.)  (397, 21.)  (398, -10.) 
row 398: (397, -10.)  (398, 21.)  (399, -10.) 
row 399: (398, -10.)  (399, 21.)  (400, -10.) 
row 400: (399, -10.)  (400, 21.)  (401, -10.) 
row 401: (400, -10.)  (401, 21.)  (402, -10.) 
row 402: (401, -10.)  (402, 21.)  (403, -10.) 
row 403: (402, -10.)  (403, 21.)  (404, -10.) 
row 404: (403, -10.)  (404, 21.)  (405, -10.) 
row 405: (404, -10.)  (405, 21.)  (406, -10.) 
row 406: (405, -10.)  (406, 21.)  (407, -10.) 
row 407: (406, -10.)  (407, 21.)  (408, -10.) 
row 408: (407, -10.)  (408, 21.)  (409, -10.) 
row 409: (408, -10.)  (409, 21.)  (410, -10.) 
row 410: (409, -10.)  (410, 21.)  (411, -10.) 
row 411: (410, -10.)  (411, 21.)  (412, -10.) 
row 412: (411, -10.)  (412, 21.)  (413, -10.) 
row 413: (412, -10.)  (413, 21.)  (414, -10.) 
row 414: (413, -10.)  (414, 21.)  (415, -10.) 
row 415: (414, -10.)  (415, 21.)  (416, -10.) 
row 416: (415, -10.)  (416, 21.)  (417, -10.) 
row 417: (416, -10.)  (417, 21.)  (418, -10.) 
row 418: (417, -10.)  (418, 21.)  (419, -10.) 
row 419: (418, -10.)  (419, 21.)  (420, -10.) 
row 420: (419, -10.)  (420, 21.)  (421, -10.) 
row 421: (420, -10.)  (421, 21.)  (422, -10.) 
row 422: (421, -10.)  (422, 21.)  (423, -10.) 
row 423: (422, -10.)  (423, 21.)  (424, -10.) 
row 424: (423, -10.)  (424, 21.)  (425, -10.) 
row 425: (424, -10.)  (425, 21.)  (426, -10.) 
row 426: (425, -10.)  (426, 21.)  (427, -10.) 
row 427: (426, -10.)  (427, 21.)  (428, -10.) 
row 428: (427, -10.)  (428, 21.)  (429, -10.) 
row 429: (428, -10.)  (429, 21.)  (430, -10.) 
row 430: (429, -10.)  (430, 21.)  (431, -10.) 
row 431: (430, -10.)  (431, 21.)  (432, -10.) 
row 432: (431, -10.)  (432, 21.)  (433, -10.) 
row 433: (432, -10.)  (433, 21.)  (434, -10.) 
row 434: (433, -10.)  (434, 21.)  (435, -10.) 
row 435: (434, -10.)  (435, 21.)  (436, -10.) 
row 436: (435, -10.)  (436, 21.)  (437, -10.) 
row 437: (436, -10.)  (437, 21.)  (438, -10.) 
row 438: (437, -10.)  (438, 21.)  (439, -10.) 
row 439: (438, -10.)  (439, 21.)  (440, -10.) 
row 440: (439, -10.)  (440, 21.)  (441, -10.) 
row 441: (440, -10.)  (441, 21.)  (442, -10.) 
row 442: (441, -10.)  (442, 21.)  (443, -10.) 
row 443: (442, -10.)  (443, 21.)  (444, -10.) 
row 444: (443, -10.)  (444, 21.)  (445, -10.) 
row 445: (444, -10.)  (445, 21.)  (446, -10.) 
row 446: (445, -10.)  (446, 21.)  (447, -10.) 
row 447: (446, -10.)  (447, 21.)  (448, -10.) 
row 448: (447, -10.)  (448, 21.)  (449, -10.) 
row 449: (448, -10.)  (449, 21.)  (450, -10.) 
row 450: (449, -10.)  (450, 21.)  (451, -10.) 
row 451: (450, -10.)  (451, 21.)  (452, -10.) 
row 452: (451, -10.)  (452, 21.)  (453, -10.) 
row 453: (452, -10.)  (453, 21.)  (454, -10.) 
row 454: (453, -10.)  (454, 21.)  (455, -10.) 
row 455: (454, -10.)  (455, 21.)  (456, -10.) 
row 456: (455, -10.)  (456, 21.)  (457, -10.) 
row 457: (456, -10.)  (457, 21.)  (458, -10.) 
row 458: (457, -10.)  (458, 21.)  (459, -10.) 
row 459: (458, -10.)  (459, 21.)  (460, -10.) 
row 460: (459, -10.)  (460, 21.)  (461, -10.) 
row 461: (460, -10.)  (461, 21.)  (462, -10.) 
row 462: (461, -10.)  (462, 21.)  (463, -10.) 
row 463: (462, -10.)  (463, 21.)  (464, -10.) 
row 464: (463, -10.)  (464, 21.)  (465, -10.) 
row 465: (464, -10.)  (465, 21.)  (466, -10.) 
row 466: (465, -10.)  (466, 21.)  (467, -10.) 
row 467: (466, -10.)  (467, 21.)  (468, -10.) 
row 468: (467, -10.)  (468, 21.)  (469, -10.) 
row 469: (468, -10.)  (469, 21.)  (470, -10.) 
row 470: (469, -10.)  (470, 21.)  (471, -10.) 
row 471: (470, -10.)  (471, 21.)  (472, -10.) 
row 472: (471, -10.)  (472, 21.)  (473, -10.) 
row 473: (472, -10.)  (473, 21.)  (474, -10.) 
row 474: (473, -10.)  (474, 21.)  (475, -10.) 
row 475: (474, -10.)  (475, 21.)  (476, -10.) 
row 476: (475, -10.)  (476, 21.)  (477, -10.) 
row 477: (476, -10.)  (477, 21.)  (478, -10.) 
row 478: (477, -10.)  (478, 21.)  (479, -10.) 
row 479: (478, -10.)  (479, 21.)  (480, -10.) 
row 480: (479, -10.)  (480, 21.)  (481, -10.) 
row 481: (480, -10.)  (481, 21.)  (482, -10.) 
row 482: (481, -10.)  (482, 21.)  (483, -10.) 
row 483: (482, -10.)  (483, 21.)  (484, -10.) 
row 484: (483, -10.)  (484, 21.)  (485, -10.) 
row 485: (484, -10.)  (485, 21.)  (486, -10.) 
row 486: (485, -10.)  (486, 21.)  (487, -10.) 
row 487: (486, -10.)  (487, 21.)  (488, -10.) 
row 488: (487, -10.)  (488, 21.)  (489, -10.) 
row 489: (488, -10.)  (489, 21.)  (490, -10.) 
row 490: (489, -10.)  (490, 21.)  (491, -10.) 
row 491: (490, -10.)  (491, 21.)  (492, -10.) 
row 492: (491, -10.)  (492, 21.)  (493, -10.) 
row 493: (492, -10.)  (493, 21.)  (494, -10.) 
row 494: (493, -10.)  (494, 21.)  (495, -10.) 
row 495: (494, -10.)  (495, 21.)  (496, -10.) 
row 496: (495, -10.)  (496, 21.)  (497, -10.) 
row 497: (496, -10.)  (497, 21.)  (498, -10.) 
row 498: (497, -10.)  (498, 21.)  (499, -10.) 
row 499: (498, -10.)  (499, 21.)  (500, -10.) 
row 500: (499, -10.)  (500, 21.)  (501, -10.) 
row 501: (500, -10.)  (501, 21.)  (502, -10.) 
row 502: (501, -10.)  (502, 21.)  (503, -10.) 
row 503: (502, -10.)  (503, 21.)  (504, -10.) 
row 504: (503, -10.)  (504, 21.)  (505, -10.) 
row 505: (504, -10.)  (505, 21.)  (506, -10.) 
row 506: (505, -10.)  (506, 21.)  (507, -10.) 
row 507: (506, -10.)  (507, 21.)  (508, -10.) 
row 508: (507, -10.)  (508, 21.)  (509, -10.) 
row 509: (508, -10.)  (509, 21.)  (510, -10.) 
row 510: (509, -10.)  (510, 21.)  (511, -10.) 
row 511: (510, -10.)  (511, 21.)  (512, -10.) 
row 512: (511, -10.)  (512, 21.)  (513, -10.) 
row 513: (512, -10.)  (513, 21.)  (514, -10.) 
row 514: (513, -10.)  (514, 21.)  (515, -10.) 
row 515: (514, -10.)  (515, 21.)  (516, -10.) 
row 516: (515, -10.)  (516, 21.)  (517, -10.) 
row 517: (516, -10.)  (517, 21.)  (518, -10.) 
row 518: (517, -10.)  (518, 21.)  (519, -10.) 
row 519: (518, -10.)  (519, 21.)  (520, -10.) 
row 520: (519, -10.)  (520, 21.)  (521, -10.) 
row 521: (520, -10.)  (521, 21.)  (522, -10.) 
row 522: (521, -10.)  (522, 21.)  (523, -10.) 
row 523: (522, -10.)  (523, 21.)  (524, -10.) 
row 524: (523, -10.)  (524, 21.)  (525, -10.) 
row 525: (524, -10.)  (525, 21.)  (526, -10.) 
row 526: (525, -10.)  (526, 21.)  (527, -10.) 
row 527: (526, -10.)  (527, 21.)  (528, -10.) 
row 528: (527, -10.)  (528, 21.)  (529, -10.) 
row 529: (528, -10.)  (529, 21.)  (530, -10.) 
row 530: (529, -10.)  (530, 21.)  (531, -10.) 
row 531: (530, -10.)  (531, 21.)  (532, -10.) 
row 532: (531, -10.)  (532, 21.)  (533, -10.) 
row 533: (532, -10.)  (533, 21.)  (534, -10.) 
row 534: (533, -10.)  (534, 21.)  (535, -10.) 
row 535: (534, -10.)  (535, 21.)  (536, -10.) 
row 536: (535, -10.)  (536, 21.)  (537, -10.) 
row 537: (536, -10.)  (537, 21.)  (538, -10.) 
row 538: (537, -10.)  (538, 21.)  (539, -10.) 
row 539: (538, -10.)  (539, 21.)  (540, -10.) 
row 540: (539, -10.)  (540, 21.)  (541, -10.) 
row 541: (540, -10.)  (541, 21.)  (542, -10.) 
row 542: (541, -10.)  (542, 21.)  (543, -10.) 
row 543: (542, -10.)  (543, 21.)  (544, -10.) 
row 544: (543, -10.)  (544, 21.)  (545, -10.) 
row 545: (544, -10.)  (545, 21.)  (546, -10.) 
row 546: (545, -10.)  (546, 21.)  (547, -10.) 
row 547: (546, -10.)  (547, 21.)  (548, -10.) 
row 548: (547, -10.)  (548, 21.)  (549, -10.) 
row 549: (548, -10.)  (549, 21.)  (550, -10.) 
row 550: (549, -10.)  (550, 21.)  (551, -10.) 
row 551: (550, -10.)  (551, 21.)  (552, -10.) 
row 552: (551, -10.)  (552, 21.)  (553, -10.) 
row 553: (552, -10.)  (553, 21.)  (554, -10.) 
row 554: (553, -10.)  (554, 21.)  (555, -10.) 
row 555: (554, -10.)  (555, 21.)  (556, -10.) 
row 556: (555, -10.)  (556, 21.)  (557, -10.) 
row 557: (556, -10.)  (557, 21.)  (558, -10.) 
row 558: (557, -10.)  (558, 21.)  (559, -10.) 
row 559: (558, -10.)  (559, 21.)  (560, -10.) 
row 560: (559, -10.)  (560, 21.)  (561, -10.) 
row 561: (560, -10.)  (561, 21.)  (562, -10.) 
row 562: (561, -10.)  (562, 21.)  (563, -10.) 
row 563: (562, -10.)  (563, 21.)  (564, -10.) 
row 564: (563, -10.)  (564, 21.)  (565, -10.) 
row 565: (564, -10.)  (565, 21.)  (566, -10.) 
row 566: (565, -10.)  (566, 21.)  (567, -10.) 
row 567: (566, -10.)  (567, 21.)  (568, -10.) 
row 568: (567, -10.)  (568, 21.)  (569, -10.) 
row 569: (568, -10.)  (569, 21.)  (570, -10.) 
row 570: (569, -10.)  (570, 21.)  (571, -10.) 
row 571: (570, -10.)  (571, 21.)  (572, -10.) 
row 572: (571, -10.)  (572, 21.)  (573, -10.) 
row 573: (572, -10.)  (573, 21.)  (574, -10.) 
row 574: (573, -10.)  (574, 21.)  (575, -10.) 
row 575: (574, -10.)  (575, 21.)  (576, -10.) 
row 576: (575, -10.)  (576, 21.)  (577, -10.) 
row 577: (576, -10.)  (577, 21.)  (578, -10.) 
row 578: (577, -10.)  (578, 21.)  (579, -10.) 
row 579: (578, -10.)  (579, 21.)  (580, -10.) 
row 580: (579, -10.)  (580, 21.)  (581, -10.) 
row 581: (580, -10.)  (581, 21.)  (582, -10.) 
row 582: (581, -10.)  (582, 21.)  (583, -10.) 
row 583: (582, -10.)  (583, 21.)  (584, -10.) 
row 584: (583, -10.)  (584, 21.)  (585, -10.) 
row 585: (584, -10.)  (585, 21.)  (586, -10.) 
row 586: (585, -10.)  (586, 21.)  (587, -10.) 
row 587: (586, -10.)  (587, 21.)  (588, -10.) 
row 588: (587, -10.)  (588, 21.)  (589, -10.) 
row 589: (588, -10.)  (589, 21.)  (590, -10.) 
row 590: (589, -10.)  (590, 21.)  (591, -10.) 
row 591: (590, -10.)  (591, 21.)  (592, -10.) 
row 592: (591, -10.)  (592, 21.)  (593, -10.) 
row 593: (592, -10.)  (593, 21.)  (594, -10.) 
row 594: (593, -10.)  (594, 21.)  (595, -10.) 
row 595: (594, -10.)  (595, 21.)  (596, -10.) 
row 596: (595, -10.)  (596, 21.)  (597, -10.) 
row 597: (596, -10.)  (597, 21.)  (598, -10.) 
row 598: (597, -10.)  (598, 21.)  (599, -10.) 
row 599: (598, -10.)  (599, 21.)  (600, -10.) 
row 600: (599, -10.)  (600, 21.)  (601, -10.) 
row 601: (600, -10.)  (601, 21.)  (602, -10.) 
row 602: (601, -10.)  (602, 21.)  (603, -10.) 
row 603: (602, -10.)  (603, 21.)  (604, -10.) 
row 604: (603, -10.)  (604, 21.)  (605, -10.) 
row 605: (604, -10.)  (605, 21.)  (606, -10.) 
row 606: (605, -10.)  (606, 21.)  (607, -10.) 
row 607: (606, -10.)  (607, 21.)  (608, -10.) 
row 608: (607, -10.)  (608, 21.)  (609, -10.) 
row 609: (608, -10.)  (609, 21.)  (610, -10.) 
row 610: (609, -10.)  (610, 21.)  (611, -10.) 
row 611: (610, -10.)  (611, 21.)  (612, -10.) 
row 612: (611, -10.)  (612, 21.)  (613, -10.) 
row 613: (612, -10.)  (613, 21.)  (614, -10.) 
row 614: (613, -10.)  (614, 21.)  (615, -10.) 
row 615: (614, -10.)  (615, 21.)  (616, -10.) 
row 616: (615, -10.)  (616, 21.)  (617, -10.) 
row 617: (616, -10.)  (617, 21.)  (618, -10.) 
row 618: (617, -10.)  (618, 21.)  (619, -10.) 
row 619: (618, -10.)  (619, 21.)  (620, -10.) 
row 620: (619, -10.)  (620, 21.)  (621, -10.) 
row 621: (620, -10.)  (621, 21.)  (622, -10.) 
row 622: (621, -10.)  (622, 21.)  (623, -10.) 
row 623: (622, -10.)  (623, 21.)  (624, -10.) 
row 624: (623, -10.)  (624, 21.)  (625, -10.) 
row 625: (624, -10.)  (625, 21.)  (626, -10.) 
row 626: (625, -10.)  (626, 21.)  (627, -10.) 
row 627: (626, -10.)  (627, 21.)  (628, -10.) 
row 628: (627, -10.)  (628, 21.)  (629, -10.) 
row 629: (628, -10.)  (629, 21.)  (630, -10.) 
row 630: (629, -10.)  (630, 21.)  (631, -10.) 
row 631: (630, -10.)  (631, 21.)  (632, -10.) 
row 632: (631, -10.)  (632, 21.)  (633, -10.) 
row 633: (632, -10.)  (633, 21.)  (634, -10.) 
row 634: (633, -10.)  (634, 21.)  (635, -10.) 
row 635: (634, -10.)  (635, 21.)  (636, -10.) 
row 636: (635, -10.)  (636, 21.)  (637, -10.) 
row 637: (636, -10.)  (637, 21.)  (638, -10.) 
row 638: (637, -10.)  (638, 21.)  (639, -10.) 
row 639: (638, -10.)  (639, 21.)  (640, -10.) 
row 640: (639, -10.)  (640, 21.)  (641, -10.) 
row 641: (640, -10.)  (641, 21.)  (642, -10.) 
row 642: (641, -10.)  (642, 21.)  (643, -10.) 
row 643: (642, -10.)  (643, 21.)  (644, -10.) 
row 644: (643, -10.)  (644, 21.)  (645, -10.) 
row 645: (644, -10.)  (645, 21.)  (646, -10.) 
row 646: (645, -10.)  (646, 21.)  (647, -10.) 
row 647: (646, -10.)  (647, 21.)  (648, -10.) 
row 648: (647, -10.)  (648, 21.)  (649, -10.) 
row 649: (648, -10.)  (649, 21.)  (650, -10.) 
row 650: (649, -10.)  (650, 21.)  (651, -10.) 
row 651: (650, -10.)  (651, 21.)  (652, -10.) 
row 652: (651, -10.)  (652, 21.)  (653, -10.) 
row 653: (652, -10.)  (653, 21.)  (654, -10.) 
row 654: (653, -10.)  (654, 21.)  (655, -10.) 
row 655: (654, -10.)  (655, 21.)  (656, -10.) 
row 656: (655, -10.)  (656, 21.)  (657, -10.) 
row 657: (656, -10.)  (657, 21.)  (658, -10.) 
row 658: (657, -10.)  (658, 21.)  (659, -10.) 
row 659: (658, -10.)  (659, 21.)  (660, -10.) 
row 660: (659, -10.)  (660, 21.)  (661, -10.) 
row 661: (660, -10.)  (661, 21.)  (662, -10.) 
row 662: (661, -10.)  (662, 21.)  (663, -10.) 
row 663: (662, -10.)  (663, 21.)  (664, -10.) 
row 664: (663, -10.)  (664, 21.)  (665, -10.) 
row 665: (664, -10.)  (665, 21.)  (666, -10.) 
row 666: (665, -10.)  (666, 21.)  (667, -10.) 
row 667: (666, -10.)  (667, 21.)  (668, -10.) 
row 668: (667, -10.)  (668, 21.)  (669, -10.) 
row 669: (668, -10.)  (669, 21.)  (670, -10.) 
row 670: (669, -10.)  (670, 21.)  (671, -10.) 
row 671: (670, -10.)  (671, 21.)  (672, -10.) 
row 672: (671, -10.)  (672, 21.)  (673, -10.) 
row 673: (672, -10.)  (673, 21.)  (674, -10.) 
row 674: (673, -10.)  (674, 21.)  (675, -10.) 
row 675: (674, -10.)  (675, 21.)  (676, -10.) 
row 676: (675, -10.)  (676, 21.)  (677, -10.) 
row 677: (676, -10.)  (677, 21.)  (678, -10.) 
row 678: (677, -10.)  (678, 21.)  (679, -10.) 
row 679: (678, -10.)  (679, 21.)  (680, -10.) 
row 680: (679, -10.)  (680, 21.)  (681, -10.) 
row 681: (680, -10.)  (681, 21.)  (682, -10.) 
row 682: (681, -10.)  (682, 21.)  (683, -10.) 
row 683: (682, -10.)  (683, 21.)  (684, -10.) 
row 684: (683, -10.)  (684, 21.)  (685, -10.) 
row 685: (684, -10.)  (685, 21.)  (686, -10.) 
row 686: (685, -10.)  (686, 21.)  (687, -10.) 
row 687: (686, -10.)  (687, 21.)  (688, -10.) 
row 688: (687, -10.)  (688, 21.)  (689, -10.) 
row 689: (688, -10.)  (689, 21.)  (690, -10.) 
row 690: (689, -10.)  (690, 21.)  (691, -10.) 
row 691: (690, -10.)  (691, 21.)  (692, -10.) 
row 692: (691, -10.)  (692, 21.)  (693, -10.) 
row 693: (692, -10.)  (693, 21.)  (694, -10.) 
row 694: (693, -10.)  (694, 21.)  (695, -10.) 
row 695: (694, -10.)  (695, 21.)  (696, -10.) 
row 696: (695, -10.)  (696, 21.)  (697, -10.) 
row 697: (696, -10.)  (697, 21.)  (698, -10.) 
row 698: (697, -10.)  (698, 21.)  (699, -10.) 
row 699: (698, -10.)  (699, 21.)  (700, -10.) 
row 700: (699, -10.)  (700, 21.)  (701, -10.) 
row 701: (700, -10.)  (701, 21.)  (702, -10.) 
row 702: (701, -10.)  (702, 21.)  (703, -10.) 
row 703: (702, -10.)  (703, 21.)  (704, -10.) 
row 704: (703, -10.)  (704, 21.)  (705, -10.) 
row 705: (704, -10.)  (705, 21.)  (706, -10.) 
row 706: (705, -10.)  (706, 21.)  (707, -10.) 
row 707: (706, -10.)  (707, 21.)  (708, -10.) 
row 708: (707, -10.)  (708, 21.)  (709, -10.) 
row 709: (708, -10.)  (709, 21.)  (710, -10.) 
row 710: (709, -10.)  (710, 21.)  (711, -10.) 
row 711: (710, -10.)  (711, 21.)  (712, -10.) 
row 712: (711, -10.)  (712, 21.)  (713, -10.) 
row 713: (712, -10.)  (713, 21.)  (714, -10.) 
row 714: (713, -10.)  (714, 21.)  (715, -10.) 
row 715: (714, -10.)  (715, 21.)  (716, -10.) 
row 716: (715, -10.)  (716, 21.)  (717, -10.) 
row 717: (716, -10.)  (717, 21.)  (718, -10.) 
row 718: (717, -10.)  (718, 21.)  (719, -10.) 
row 719: (718, -10.)  (719, 21.)  (720, -10.) 
row 720: (719, -10.)  (720, 21.)  (721, -10.) 
row 721: (720, -10.)  (721, 21.)  (722, -10.) 
row 722: (721, -10.)  (722, 21.)  (723, -10.) 
row 723: (722, -10.)  (723, 21.)  (724, -10.) 
row 724: (723, -10.)  (724, 21.)  (725, -10.) 
row 725: (724, -10.)  (725, 21.)  (726, -10.) 
row 726: (725, -10.)  (726, 21.)  (727, -10.) 
row 727: (726, -10.)  (727, 21.)  (728, -10.) 
row 728: (727, -10.)  (728, 21.)  (729, -10.) 
row 729: (728, -10.)  (729, 21.)  (730, -10.) 
row 730: (729, -10.)  (730, 21.)  (731, -10.) 
row 731: (730, -10.)  (731, 21.)  (732, -10.) 
row 732: (731, -10.)  (732, 21.)  (733, -10.) 
row 733: (732, -10.)  (733, 21.)  (734, -10.) 
row 734: (733, -10.)  (734, 21.)  (735, -10.) 
row 735: (734, -10.)  (735, 21.)  (736, -10.) 
row 736: (735, -10.)  (736, 21.)  (737, -10.) 
row 737: (736, -10.)  (737, 21.)  (738, -10.) 
row 738: (737, -10.)  (738, 21.)  (739, -10.) 
row 739: (738, -10.)  (739, 21.)  (740, -10.) 
row 740: (739, -10.)  (740, 21.)  (741, -10.) 
row 741: (740, -10.)  (741, 21.)  (742, -10.) 
row 742: (741, -10.)  (742, 21.)  (743, -10.) 
row 743: (742, -10.)  (743, 21.)  (744, -10.) 
row 744: (743, -10.)  (744, 21.)  (745, -10.) 
row 745: (744, -10.)  (745, 21.)  (746, -10.) 
row 746: (745, -10.)  (746, 21.)  (747, -10.) 
row 747: (746, -10.)  (747, 21.)  (748, -10.) 
row 748: (747, -10.)  (748, 21.)  (749, -10.) 
row 749: (748, -10.)  (749, 21.)  (750, -10.) 
row 750: (749, -10.)  (750, 21.)  (751, -10.) 
row 751: (750, -10.)  (751, 21.)  (752, -10.) 
row 752: (751, -10.)  (752, 21.)  (753, -10.) 
row 753: (752, -10.)  (753, 21.)  (754, -10.) 
row 754: (753, -10.)  (754, 21.)  (755, -10.) 
row 755: (754, -10.)  (755, 21.)  (756, -10.) 
row 756: (755, -10.)  (756, 21.)  (757, -10.) 
row 757: (756, -10.)  (757, 21.)  (758, -10.) 
row 758: (757, -10.)  (758, 21.)  (759, -10.) 
row 759: (758, -10.)  (759, 21.)  (760, -10.) 
row 760: (759, -10.)  (760, 21.)  (761, -10.) 
row 761: (760, -10.)  (761, 21.)  (762, -10.) 
row 762: (761, -10.)  (762, 21.)  (763, -10.) 
row 763: (762, -10.)  (763, 21.)  (764, -10.) 
row 764: (763, -10.)  (764, 21.)  (765, -10.) 
row 765: (764, -10.)  (765, 21.)  (766, -10.) 
row 766: (765, -10.)  (766, 21.)  (767, -10.) 
row 767: (766, -10.)  (767, 21.)  (768, -10.) 
row 768: (767, -10.)  (768, 21.)  (769, -10.) 
row 769: (768, -10.)  (769, 21.)  (770, -10.) 
row 770: (769, -10.)  (770, 21.)  (771, -10.) 
row 771: (770, -10.)  (771, 21.)  (772, -10.) 
row 772: (771, -10.)  (772, 21.)  (773, -10.) 
row 773: (772, -10.)  (773, 21.)  (774, -10.) 
row 774: (773, -10.)  (774, 21.)  (775, -10.) 
row 775: (774, -10.)  (775, 21.)  (776, -10.) 
row 776: (775, -10.)  (776, 21.)  (777, -10.) 
row 777: (776, -10.)  (777, 21.)  (778, -10.) 
row 778: (777, -10.)  (778, 21.)  (779, -10.) 
row 779: (778, -10.)  (779, 21.)  (780, -10.) 
row 780: (779, -10.)  (780, 21.)  (781, -10.) 
row 781: (780, -10.)  (781, 21.)  (782, -10.) 
row 782: (781, -10.)  (782, 21.)  (783, -10.) 
row 783: (782, -10.)  (783, 21.)  (784, -10.) 
row 784: (783, -10.)  (784, 21.)  (785, -10.) 
row 785: (784, -10.)  (785, 21.)  (786, -10.) 
row 786: (785, -10.)  (786, 21.)  (787, -10.) 
row 787: (786, -10.)  (787, 21.)  (788, -10.) 
row 788: (787, -10.)  (788, 21.)  (789, -10.) 
row 789: (788, -10.)  (789, 21.)  (790, -10.) 
row 790: (789, -10.)  (790, 21.)  (791, -10.) 
row 791: (790, -10.)  (791, 21.)  (792, -10.) 
row 792: (791, -10.)  (792, 21.)  (793, -10.) 
row 793: (792, -10.)  (793, 21.)  (794, -10.) 
row 794: (793, -10.)  (794, 21.)  (795, -10.) 
row 795: (794, -10.)  (795, 21.)  (796, -10.) 
row 796: (795, -10.)  (796, 21.)  (797, -10.) 
row 797: (796, -10.)  (797, 21.)  (798, -10.) 
row 798: (797, -10.)  (798, 21.)  (799, -10.) 
row 799: (798, -10.)  (799, 21.)  (800, -10.) 
row 800: (799, -10.)  (800, 21.)  (801, -10.) 
row 801: (800, -10.)  (801, 21.)  (802, -10.) 
row 802: (801, -10.)  (802, 21.)  (803, -10.) 
row 803: (802, -10.)  (803, 21.)  (804, -10.) 
row 804: (803, -10.)  (804, 21.)  (805, -10.) 
row 805: (804, -10.)  (805, 21.)  (806, -10.) 
row 806: (805, -10.)  (806, 21.)  (807, -10.) 
row 807: (806, -10.)  (807, 21.)  (808, -10.) 
row 808: (807, -10.)  (808, 21.)  (809, -10.) 
row 809: (808, -10.)  (809, 21.)  (810, -10.) 
row 810: (809, -10.)  (810, 21.)  (811, -10.) 
row 811: (810, -10.)  (811, 21.)  (812, -10.) 
row 812: (811, -10.)  (812, 21.)  (813, -10.) 
row 813: (812, -10.)  (813, 21.)  (814, -10.) 
row 814: (813, -10.)  (814, 21.)  (815, -10.) 
row 815: (814, -10.)  (815, 21.)  (816, -10.) 
row 816: (815, -10.)  (816, 21.)  (817, -10.) 
row 817: (816, -10.)  (817, 21.)  (818, -10.) 
row 818: (817, -10.)  (818, 21.)  (819, -10.) 
row 819: (818, -10.)  (819, 21.)  (820, -10.) 
row 820: (819, -10.)  (820, 21.)  (821, -10.) 
row 821: (820, -10.)  (821, 21.)  (822, -10.) 
row 822: (821, -10.)  (822, 21.)  (823, -10.) 
row 823: (822, -10.)  (823, 21.)  (824, -10.) 
row 824: (823, -10.)  (824, 21.)  (825, -10.) 
row 825: (824, -10.)  (825, 21.)  (826, -10.) 
row 826: (825, -10.)  (826, 21.)  (827, -10.) 
row 827: (826, -10.)  (827, 21.)  (828, -10.) 
row 828: (827, -10.)  (828, 21.)  (829, -10.) 
row 829: (828, -10.)  (829, 21.)  (830, -10.) 
row 830: (829, -10.)  (830, 21.)  (831, -10.) 
row 831: (830, -10.)  (831, 21.)  (832, -10.) 
row 832: (831, -10.)  (832, 21.)  (833, -10.) 
row 833: (832, -10.)  (833, 21.)  (834, -10.) 
row 834: (833, -10.)  (834, 21.)  (835, -10.) 
row 835: (834, -10.)  (835, 21.)  (836, -10.) 
row 836: (835, -10.)  (836, 21.)  (837, -10.) 
row 837: (836, -10.)  (837, 21.)  (838, -10.) 
row 838: (837, -10.)  (838, 21.)  (839, -10.) 
row 839: (838, -10.)  (839, 21.)  (840, -10.) 
row 840: (839, -10.)  (840, 21.)  (841, -10.) 
row 841: (840, -10.)  (841, 21.)  (842, -10.) 
row 842: (841, -10.)  (842, 21.)  (843, -10.) 
row 843: (842, -10.)  (843, 21.)  (844, -10.) 
row 844: (843, -10.)  (844, 21.)  (845, -10.) 
row 845: (844, -10.)  (845, 21.)  (846, -10.) 
row 846: (845, -10.)  (846, 21.)  (847, -10.) 
row 847: (846, -10.)  (847, 21.)  (848, -10.) 
row 848: (847, -10.)  (848, 21.)  (849, -10.) 
row 849: (848, -10.)  (849, 21.)  (850, -10.) 
row 850: (849, -10.)  (850, 21.)  (851, -10.) 
row 851: (850, -10.)  (851, 21.)  (852, -10.) 
row 852: (851, -10.)  (852, 21.)  (853, -10.) 
row 853: (852, -10.)  (853, 21.)  (854, -10.) 
row 854: (853, -10.)  (854, 21.)  (855, -10.) 
row 855: (854, -10.)  (855, 21.)  (856, -10.) 
row 856: (855, -10.)  (856, 21.)  (857, -10.) 
row 857: (856, -10.)  (857, 21.)  (858, -10.) 
row 858: (857, -10.)  (858, 21.)  (859, -10.) 
row 859: (858, -10.)  (859, 21.)  (860, -10.) 
row 860: (859, -10.)  (860, 21.)  (861, -10.) 
row 861: (860, -10.)  (861, 21.)  (862, -10.) 
row 862: (861, -10.)  (862, 21.)  (863, -10.) 
row 863: (862, -10.)  (863, 21.)  (864, -10.) 
row 864: (863, -10.)  (864, 21.)  (865, -10.) 
row 865: (864, -10.)  (865, 21.)  (866, -10.) 
row 866: (865, -10.)  (866, 21.)  (867, -10.) 
row 867: (866, -10.)  (867, 21.)  (868, -10.) 
row 868: (867, -10.)  (868, 21.)  (869, -10.) 
row 869: (868, -10.)  (869, 21.)  (870, -10.) 
row 870: (869, -10.)  (870, 21.)  (871, -10.) 
row 871: (870, -10.)  (871, 21.)  (872, -10.) 
row 872: (871, -10.)  (872, 21.)  (873, -10.) 
row 873: (872, -10.)  (873, 21.)  (874, -10.) 
row 874: (873, -10.)  (874, 21.)  (875, -10.) 
row 875: (874, -10.)  (875, 21.)  (876, -10.) 
row 876: (875, -10.)  (876, 21.)  (877, -10.) 
row 877: (876, -10.)  (877, 21.)  (878, -10.) 
row 878: (877, -10.)  (878, 21.)  (879, -10.) 
row 879: (878, -10.)  (879, 21.)  (880, -10.) 
row 880: (879, -10.)  (880, 21.)  (881, -10.) 
row 881: (880, -10.)  (881, 21.)  (882, -10.) 
row 882: (881, -10.)  (882, 21.)  (883, -10.) 
row 883: (882, -10.)  (883, 21.)  (884, -10.) 
row 884: (883, -10.)  (884, 21.)  (885, -10.) 
row 885: (884, -10.)  (885, 21.)  (886, -10.) 
row 886: (885, -10.)  (886, 21.)  (887, -10.) 
row 887: (886, -10.)  (887, 21.)  (888, -10.) 
row 888: (887, -10.)  (888, 21.)  (889, -10.) 
row 889: (888, -10.)  (889, 21.)  (890, -10.) 
row 890: (889, -10.)  (890, 21.)  (891, -10.) 
row 891: (890, -10.)  (891, 21.)  (892, -10.) 
row 892: (891, -10.)  (892, 21.)  (893, -10.) 
row 893: (892, -10.)  (893, 21.)  (894, -10.) 
row 894: (893, -10.)  (894, 21.)  (895, -10.) 
row 895: (894, -10.)  (895, 21.)  (896, -10.) 
row 896: (895, -10.)  (896, 21.)  (897, -10.) 
row 897: (896, -10.)  (897, 21.)  (898, -10.) 
row 898: (897, -10.)  (898, 21.)  (899, -10.) 
row 899: (898, -10.)  (899, 21.)  (900, -10.) 
row 900: (899, -10.)  (900, 21.)  (901, -10.) 
row 901: (900, -10.)  (901, 21.)  (902, -10.) 
row 902: (901, -10.)  (902, 21.)  (903, -10.) 
row 903: (902, -10.)  (903, 21.)  (904, -10.) 
row 904: (903, -10.)  (904, 21.)  (905, -10.) 
row 905: (904, -10.)  (905, 21.)  (906, -10.) 
row 906: (905, -10.)  (906, 21.)  (907, -10.) 
row 907: (906, -10.)  (907, 21.)  (908, -10.) 
row 908: (907, -10.)  (908, 21.)  (909, -10.) 
row 909: (908, -10.)  (909, 21.)  (910, -10.) 
row 910: (909, -10.)  (910, 21.)  (911, -10.) 
row 911: (910, -10.)  (911, 21.)  (912, -10.) 
row 912: (911, -10.)  (912, 21.)  (913, -10.) 
row 913: (912, -10.)  (913, 21.)  (914, -10.) 
row 914: (913, -10.)  (914, 21.)  (915, -10.) 
row 915: (914, -10.)  (915, 21.)  (916, -10.) 
row 916: (915, -10.)  (916, 21.)  (917, -10.) 
row 917: (916, -10.)  (917, 21.)  (918, -10.) 
row 918: (917, -10.)  (918, 21.)  (919, -10.) 
row 919: (918, -10.)  (919, 21.)  (920, -10.) 
row 920: (919, -10.)  (920, 21.)  (921, -10.) 
row 921: (920, -10.)  (921, 21.)  (922, -10.) 
row 922: (921, -10.)  (922, 21.)  (923, -10.) 
row 923: (922, -10.)  (923, 21.)  (924, -10.) 
row 924: (923, -10.)  (924, 21.)  (925, -10.) 
row 925: (924, -10.)  (925, 21.)  (926, -10.) 
row 926: (925, -10.)  (926, 21.)  (927, -10.) 
row 927: (926, -10.)  (927, 21.)  (928, -10.) 
row 928: (927, -10.)  (928, 21.)  (929, -10.) 
row 929: (928, -10.)  (929, 21.)  (930, -10.) 
row 930: (929, -10.)  (930, 21.)  (931, -10.) 
row 931: (930, -10.)  (931, 21.)  (932, -10.) 
row 932: (931, -10.)  (932, 21.)  (933, -10.) 
row 933: (932, -10.)  (933, 21.)  (934, -10.) 
row 934: (933, -10.)  (934, 21.)  (935, -10.) 
row 935: (934, -10.)  (935, 21.)  (936, -10.) 
row 936: (935, -10.)  (936, 21.)  (937, -10.) 
row 937: (936, -10.)  (937, 21.)  (938, -10.) 
row 938: (937, -10.)  (938, 21.)  (939, -10.) 
row 939: (938, -10.)  (939, 21.)  (940, -10.) 
row 940: (939, -10.)  (940, 21.)  (941, -10.) 
row 941: (940, -10.)  (941, 21.)  (942, -10.) 
row 942: (941, -10.)  (942, 21.)  (943, -10.) 
row 943: (942, -10.)  (943, 21.)  (944, -10.) 
row 944: (943, -10.)  (944, 21.)  (945, -10.) 
row 945: (944, -10.)  (945, 21.)  (946, -10.) 
row 946: (945, -10.)  (946, 21.)  (947, -10.) 
row 947: (946, -10.)  (947, 21.)  (948, -10.) 
row 948: (947, -10.)  (948, 21.)  (949, -10.) 
row 949: (948, -10.)  (949, 21.)  (950, -10.) 
row 950: (949, -10.)  (950, 21.)  (951, -10.) 
row 951: (950, -10.)  (951, 21.)  (952, -10.) 
row 952: (951, -10.)  (952, 21.)  (953, -10.) 
row 953: (952, -10.)  (953, 21.)  (954, -10.) 
row 954: (953, -10.)  (954, 21.)  (955, -10.) 
row 955: (954, -10.)  (955, 21.)  (956, -10.) 
row 956: (955, -10.)  (956, 21.)  (957, -10.) 
row 957: (956, -10.)  (957, 21.)  (958, -10.) 
row 958: (957, -10.)  (958, 21.)  (959, -10.) 
row 959: (958, -10.)  (959, 21.)  (960, -10.) 
row 960: (959, -10.)  (960, 21.)  (961, -10.) 
row 961: (960, -10.)  (961, 21.)  (962, -10.) 
row 962: (961, -10.)  (962, 21.)  (963, -10.) 
row 963: (962, -10.)  (963, 21.)  (964, -10.) 
row 964: (963, -10.)  (964, 21.)  (965, -10.) 
row 965: (964, -10.)  (965, 21.)  (966, -10.) 
row 966: (965, -10.)  (966, 21.)  (967, -10.) 
row 967: (966, -10.)  (967, 21.)  (968, -10.) 
row 968: (967, -10.)  (968, 21.)  (969, -10.) 
row 969: (968, -10.)  (969, 21.)  (970, -10.) 
row 970: (969, -10.)  (970, 21.)  (971, -10.) 
row 971: (970, -10.)  (971, 21.)  (972, -10.) 
row 972: (971, -10.)  (972, 21.)  (973, -10.) 
row 973: (972, -10.)  (973, 21.)  (974, -10.) 
row 974: (973, -10.)  (974, 21.)  (975, -10.) 
row 975: (974, -10.)  (975, 21.)  (976, -10.) 
row 976: (975, -10.)  (976, 21.)  (977, -10.) 
row 977: (976, -10.)  (977, 21.)  (978, -10.) 
row 978: (977, -10.)  (978, 21.)  (979, -10.) 
row 979: (978, -10.)  (979, 21.)  (980, -10.) 
row 980: (979, -10.)  (980, 21.)  (981, -10.) 
row 981: (980, -10.)  (981, 21.)  (982, -10.) 
row 982: (981, -10.)  (982, 21.)  (983, -10.) 
row 983: (982, -10.)  (983, 21.)  (984, -10.) 
row 984: (983, -10.)  (984, 21.)  (985, -10.) 
row 985: (984, -10.)  (985, 21.)  (986, -10.) 
row 986: (985, -10.)  (986, 21.)  (987, -10.) 
row 987: (986, -10.)  (987, 21.)  (988, -10.) 
row 988: (987, -10.)  (988, 21.)  (989, -10.) 
row 989: (988, -10.)  (989, 21.)  (990, -10.) 
row 990: (989, -10.)  (990, 21.)  (991, -10.) 
row 991: (990, -10.)  (991, 21.)  (992, -10.) 
row 992: (991, -10.)  (992, 21.)  (993, -10.) 
row 993: (992, -10.)  (993, 21.)  (994, -10.) 
row 994: (993, -10.)  (994, 21.)  (995, -10.) 
row 995: (994, -10.)  (995, 21.)  (996, -10.) 
row 996: (995, -10.)  (996, 21.)  (997, -10.) 
row 997: (996, -10.)  (997, 21.)  (998, -10.) 
row 998: (997, -10.)  (998, 21.)  (999, -10.) 
row 999: (998, -10.)  (999, 21.)  (1000, -10.) 
row 1000: (999, -10.)  (1000, 21.) 
Vec Object: 1 MPI processes
  type: seq
0.
3.14159e-08
6.28314e-08
9.42464e-08
1.2566e-07
1.57073e-07
1.88484e-07
2.19894e-07
2.51301e-07
2.82706e-07
3.14108e-07
3.45506e-07
3.76902e-07
4.08294e-07
4.39681e-07
4.71065e-07
5.02443e-07
5.33817e-07
5.65185e-07
5.96548e-07
6.27905e-07
6.59256e-07
6.906e-07
7.21938e-07
7.53268e-07
7.84591e-07
8.15906e-07
8.47213e-07
8.78512e-07
9.09802e-07
9.41083e-07
9.72355e-07
1.00362e-06
1.03487e-06
1.06611e-06
1.09734e-06
1.12856e-06
1.15977e-06
1.19097e-06
1.22216e-06
1.25333e-06
1.28449e-06
1.31564e-06
1.34678e-06
1.3779e-06
1.40901e-06
1.44011e-06
1.47119e-06
1.50226e-06
1.53331e-06
1.56434e-06
1.59537e-06
1.62637e-06
1.65736e-06
1.68833e-06
1.71929e-06
1.75023e-06
1.78115e-06
1.81206e-06
1.84294e-06
1.87381e-06
1.90466e-06
1.93549e-06
1.96631e-06
1.9971e-06
2.02787e-06
2.05863e-06
2.08936e-06
2.12007e-06
2.15076e-06
2.18143e-06
2.21208e-06
2.24271e-06
2.27331e-06
2.30389e-06
2.33445e-06
2.36499e-06
2.3955e-06
2.42599e-06
2.45646e-06
2.4869e-06
2.51732e-06
2.54771e-06
2.57807e-06
2.60842e-06
2.63873e-06
2.66902e-06
2.69928e-06
2.72952e-06
2.75973e-06
2.78991e-06
2.82007e-06
2.85019e-06
2.88029e-06
2.91036e-06
2.9404e-06
2.97042e-06
3.0004e-06
3.03035e-06
3.06028e-06
3.09017e-06
3.12003e-06
3.14987e-06
3.17967e-06
3.20944e-06
3.23917e-06
3.26888e-06
3.29855e-06
3.3282e-06
3.3578e-06
3.38738e-06
3.41692e-06
3.44643e-06
3.4759e-06
3.50534e-06
3.53475e-06
3.56412e-06
3.59345e-06
3.62275e-06
3.65202e-06
3.68125e-06
3.71044e-06
3.73959e-06
3.76871e-06
3.79779e-06
3.82683e-06
3.85584e-06
3.88481e-06
3.91374e-06
3.94263e-06
3.97148e-06
4.00029e-06
4.02906e-06
4.0578e-06
4.08649e-06
4.11514e-06
4.14376e-06
4.17233e-06
4.20086e-06
4.22935e-06
4.25779e-06
4.2862e-06
4.31456e-06
4.34288e-06
4.37116e-06
4.39939e-06
4.42758e-06
4.45573e-06
4.48383e-06
4.51189e-06
4.5399e-06
4.56787e-06
4.5958e-06
4.62368e-06
4.65151e-06
4.6793e-06
4.70704e-06
4.73473e-06
4.76238e-06
4.78998e-06
4.81754e-06
4.84504e-06
4.8725e-06
4.89991e-06
4.92727e-06
4.95459e-06
4.98185e-06
5.00907e-06
5.03623e-06
5.06335e-06
5.09041e-06
5.11743e-06
5.1444e-06
5.17131e-06
5.19817e-06
5.22499e-06
5.25175e-06
5.27846e-06
5.30511e-06
5.33172e-06
5.35827e-06
5.38477e-06
5.41121e-06
5.4376e-06
5.46394e-06
5.49023e-06
5.51646e-06
5.54263e-06
5.56876e-06
5.59482e-06
5.62083e-06
5.64679e-06
5.67269e-06
5.69853e-06
5.72432e-06
5.75005e-06
5.77573e-06
5.80134e-06
5.8269e-06
5.85241e-06
5.87785e-06
5.90324e-06
5.92857e-06
5.95384e-06
5.97905e-06
6.0042e-06
6.0293e-06
6.05433e-06
6.0793e-06
6.10422e-06
6.12907e-06
6.15386e-06
6.1786e-06
6.20327e-06
6.22788e-06
6.25243e-06
6.27691e-06
6.30134e-06
6.3257e-06
6.35e-06
6.37424e-06
6.39841e-06
6.42253e-06
6.44657e-06
6.47056e-06
6.49448e-06
6.51834e-06
6.54213e-06
6.56586e-06
6.58952e-06
6.61312e-06
6.63665e-06
6.66012e-06
6.68352e-06
6.70686e-06
6.73013e-06
6.75333e-06
6.77646e-06
6.79953e-06
6.82254e-06
6.84547e-06
6.86834e-06
6.89114e-06
6.91387e-06
6.93653e-06
6.95913e-06
6.98165e-06
7.00411e-06
7.0265e-06
7.04882e-06
7.07107e-06
7.09325e-06
7.11536e-06
7.1374e-06
7.15936e-06
7.18126e-06
7.20309e-06
7.22485e-06
7.24653e-06
7.26814e-06
7.28969e-06
7.31116e-06
7.33255e-06
7.35388e-06
7.37513e-06
7.39631e-06
7.41742e-06
7.43845e-06
7.45941e-06
7.4803e-06
7.50111e-06
7.52185e-06
7.54251e-06
7.5631e-06
7.58362e-06
7.60406e-06
7.62443e-06
7.64472e-06
7.66493e-06
7.68507e-06
7.70513e-06
7.72512e-06
7.74503e-06
7.76487e-06
7.78462e-06
7.8043e-06
7.82391e-06
7.84343e-06
7.86288e-06
7.88226e-06
7.90155e-06
7.92077e-06
7.9399e-06
7.95896e-06
7.97794e-06
7.99685e-06
8.01567e-06
8.03441e-06
8.05308e-06
8.07166e-06
8.09017e-06
8.1086e-06
8.12694e-06
8.14521e-06
8.16339e-06
8.1815e-06
8.19952e-06
8.21746e-06
8.23533e-06
8.25311e-06
8.27081e-06
8.28842e-06
8.30596e-06
8.32341e-06
8.34078e-06
8.35807e-06
8.37528e-06
8.3924e-06
8.40945e-06
8.4264e-06
8.44328e-06
8.46007e-06
8.47678e-06
8.4934e-06
8.50994e-06
8.5264e-06
8.54277e-06
8.55906e-06
8.57527e-06
8.59139e-06
8.60742e-06
8.62337e-06
8.63923e-06
8.65501e-06
8.67071e-06
8.68632e-06
8.70184e-06
8.71727e-06
8.73262e-06
8.74789e-06
8.76307e-06
8.77816e-06
8.79316e-06
8.80808e-06
8.82291e-06
8.83766e-06
8.85231e-06
8.86688e-06
8.88136e-06
8.89576e-06
8.91007e-06
8.92428e-06
8.93841e-06
8.95246e-06
8.96641e-06
8.98028e-06
8.99405e-06
9.00774e-06
9.02134e-06
9.03485e-06
9.04827e-06
9.0616e-06
9.07484e-06
9.088e-06
9.10106e-06
9.11403e-06
9.12692e-06
9.13971e-06
9.15241e-06
9.16502e-06
9.17755e-06
9.18998e-06
9.20232e-06
9.21457e-06
9.22673e-06
9.2388e-06
9.25077e-06
9.26266e-06
9.27445e-06
9.28615e-06
9.29776e-06
9.30928e-06
9.32071e-06
9.33205e-06
9.34329e-06
9.35444e-06
9.3655e-06
9.37646e-06
9.38734e-06
9.39812e-06
9.40881e-06
9.4194e-06
9.42991e-06
9.44031e-06
9.45063e-06
9.46085e-06
9.47098e-06
9.48102e-06
9.49096e-06
9.50081e-06
9.51057e-06
9.52023e-06
9.52979e-06
9.53927e-06
9.54865e-06
9.55793e-06
9.56712e-06
9.57622e-06
9.58522e-06
9.59412e-06
9.60294e-06
9.61165e-06
9.62028e-06
9.6288e-06
9.63724e-06
9.64557e-06
9.65382e-06
9.66196e-06
9.67001e-06
9.67797e-06
9.68583e-06
9.6936e-06
9.70127e-06
9.70884e-06
9.71632e-06
9.7237e-06
9.73099e-06
9.73817e-06
9.74527e-06
9.75227e-06
9.75917e-06
9.76597e-06
9.77268e-06
9.77929e-06
9.78581e-06
9.79223e-06
9.79855e-06
9.80478e-06
9.81091e-06
9.81694e-06
9.82287e-06
9.82871e-06
9.83445e-06
9.8401e-06
9.84564e-06
9.85109e-06
9.85645e-06
9.8617e-06
9.86686e-06
9.87192e-06
9.87688e-06
9.88175e-06
9.88652e-06
9.89119e-06
9.89576e-06
9.90024e-06
9.90461e-06
9.90889e-06
9.91308e-06
9.91716e-06
9.92115e-06
9.92504e-06
9.92883e-06
9.93252e-06
9.93611e-06
9.93961e-06
9.94301e-06
9.94631e-06
9.94951e-06
9.95261e-06
9.95562e-06
9.95853e-06
9.96134e-06
9.96405e-06
9.96666e-06
9.96917e-06
9.97159e-06
9.97391e-06
9.97613e-06
9.97825e-06
9.98027e-06
9.98219e-06
9.98402e-06
9.98574e-06
9.98737e-06
9.9889e-06
9.99033e-06
9.99166e-06
9.99289e-06
9.99403e-06
9.99507e-06
9.996e-06
9.99684e-06
9.99758e-06
9.99822e-06
9.99877e-06
9.99921e-06
9.99956e-06
9.9998e-06
9.99995e-06
1e-05
9.99995e-06
9.9998e-06
9.99956e-06
9.99921e-06
9.99877e-06
9.99822e-06
9.99758e-06
9.99684e-06
9.996e-06
9.99507e-06
9.99403e-06
9.99289e-06
9.99166e-06
9.99033e-06
9.9889e-06
9.98737e-06
9.98574e-06
9.98402e-06
9.98219e-06
9.98027e-06
9.97825e-06
9.97613e-06
9.97391e-06
9.97159e-06
9.96917e-06
9.96666e-06
9.96405e-06
9.96134e-06
9.95853e-06
9.95562e-06
9.95261e-06
9.94951e-06
9.94631e-06
9.94301e-06
9.93961e-06
9.93611e-06
9.93252e-06
9.92883e-06
9.92504e-06
9.92115e-06
9.91716e-06
9.91308e-06
9.90889e-06
9.90461e-06
9.90024e-06
9.89576e-06
9.89119e-06
9.88652e-06
9.88175e-06
9.87688e-06
9.87192e-06
9.86686e-06
9.8617e-06
9.85645e-06
9.85109e-06
9.84564e-06
9.8401e-06
9.83445e-06
9.82871e-06
9.82287e-06
9.81694e-06
9.81091e-06
9.80478e-06
9.79855e-06
9.79223e-06
9.78581e-06
9.77929e-06
9.77268e-06
9.76597e-06
9.75917e-06
9.75227e-06
9.74527e-06
9.73817e-06
9.73099e-06
9.7237e-06
9.71632e-06
9.70884e-06
9.70127e-06
9.6936e-06
9.68583e-06
9.67797e-06
9.67001e-06
9.66196e-06
9.65382e-06
9.64557e-06
9.63724e-06
9.6288e-06
9.62028e-06
9.61165e-06
9.60294e-06
9.59412e-06
9.58522e-06
9.57622e-06
9.56712e-06
9.55793e-06
9.54865e-06
9.53927e-06
9.52979e-06
9.52023e-06
9.51057e-06
9.50081e-06
9.49096e-06
9.48102e-06
9.47098e-06
9.46085e-06
9.45063e-06
9.44031e-06
9.42991e-06
9.4194e-06
9.40881e-06
9.39812e-06
9.38734e-06
9.37646e-06
9.3655e-06
9.35444e-06
9.34329e-06
9.33205e-06
9.32071e-06
9.30928e-06
9.29776e-06
9.28615e-06
9.27445e-06
9.26266e-06
9.25077e-06
9.2388e-06
9.22673e-06
9.21457e-06
9.20232e-06
9.18998e-06
9.17755e-06
9.16502e-06
9.15241e-06
9.13971e-06
9.12692e-06
9.11403e-06
9.10106e-06
9.088e-06
9.07484e-06
9.0616e-06
9.04827e-06
9.03485e-06
9.02134e-06
9.00774e-06
8.99405e-06
8.98028e-06
8.96641e-06
8.95246e-06
8.93841e-06
8.92428e-06
8.91007e-06
8.89576e-06
8.88136e-06
8.86688e-06
8.85231e-06
8.83766e-06
8.82291e-06
8.80808e-06
8.79316e-06
8.77816e-06
8.76307e-06
8.74789e-06
8.73262e-06
8.71727e-06
8.70184e-06
8.68632e-06
8.67071e-06
8.65501e-06
8.63923e-06
8.62337e-06
8.60742e-06
8.59139e-06
8.57527e-06
8.55906e-06
8.54277e-06
8.5264e-06
8.50994e-06
8.4934e-06
8.47678e-06
8.46007e-06
8.44328e-06
8.4264e-06
8.40945e-06
8.3924e-06
8.37528e-06
8.35807e-06
8.34078e-06
8.32341e-06
8.30596e-06
8.28842e-06
8.27081e-06
8.25311e-06
8.23533e-06
8.21746e-06
8.19952e-06
8.1815e-06
8.16339e-06
8.14521e-06
8.12694e-06
8.1086e-06
8.09017e-06
8.07166e-06
8.05308e-06
8.03441e-06
8.01567e-06
7.99685e-06
7.97794e-06
7.95896e-06
7.9399e-06
7.92077e-06
7.90155e-06
7.88226e-06
7.86288e-06
7.84343e-06
7.82391e-06
7.8043e-06
7.78462e-06
7.76487e-06
7.74503e-06
7.72512e-06
7.70513e-06
7.68507e-06
7.66493e-06
7.64472e-06
7.62443e-06
7.60406e-06
7.58362e-06
7.5631e-06
7.54251e-06
7.52185e-06
7.50111e-06
7.4803e-06
7.45941e-06
7.43845e-06
7.41742e-06
7.39631e-06
7.37513e-06
7.35388e-06
7.33255e-06
7.31116e-06
7.28969e-06
7.26814e-06
7.24653e-06
7.22485e-06
7.20309e-06
7.18126e-06
7.15936e-06
7.1374e-06
7.11536e-06
7.09325e-06
7.07107e-06
7.04882e-06
7.0265e-06
7.00411e-06
6.98165e-06
6.95913e-06
6.93653e-06
6.91387e-06
6.89114e-06
6.86834e-06
6.84547e-06
6.82254e-06
6.79953e-06
6.77646e-06
6.75333e-06
6.73013e-06
6.70686e-06
6.68352e-06
6.66012e-06
6.63665e-06
6.61312e-06
6.58952e-06
6.56586e-06
6.54213e-06
6.51834e-06
6.49448e-06
6.47056e-06
6.44657e-06
6.42253e-06
6.39841e-06
6.37424e-06
6.35e-06
6.3257e-06
6.30134e-06
6.27691e-06
6.25243e-06
6.22788e-06
6.20327e-06
6.1786e-06
6.15386e-06
6.12907e-06
6.10422e-06
6.0793e-06
6.05433e-06
6.0293e-06
6.0042e-06
5.97905e-06
5.95384e-06
5.92857e-06
5.90324e-06
5.87785e-06
5.85241e-06
5.8269e-06
5.80134e-06
5.77573e-06
5.75005e-06
5.72432e-06
5.69853e-06
5.67269e-06
5.64679e-06
5.62083e-06
5.59482e-06
5.56876e-06
5.54263e-06
5.51646e-06
5.49023e-06
5.46394e-06
5.4376e-06
5.41121e-06
5.38477e-06
5.35827e-06
5.33172e-06
5.30511e-06
5.27846e-06
5.25175e-06
5.22499e-06
5.19817e-06
5.17131e-06
5.1444e-06
5.11743e-06
5.09041e-06
5.06335e-06
5.03623e-06
5.00907e-06
4.98185e-06
4.95459e-06
4.92727e-06
4.89991e-06
4.8725e-06
4.84504e-06
4.81754e-06
4.78998e-06
4.76238e-06
4.73473e-06
4.70704e-06
4.6793e-06
4.65151e-06
4.62368e-06
4.5958e-06
4.56787e-06
4.5399e-06
4.51189e-06
4.48383e-06
4.45573e-06
4.42758e-06
4.39939e-06
4.37116e-06
4.34288e-06
4.31456e-06
4.2862e-06
4.25779e-06
4.22935e-06
4.20086e-06
4.17233e-06
4.14376e-06
4.11514e-06
4.08649e-06
4.0578e-06
4.02906e-06
4.00029e-06
3.97148e-06
3.94263e-06
3.91374e-06
3.88481e-06
3.85584e-06
3.82683e-06
3.79779e-06
3.76871e-06
3.73959e-06
3.71044e-06
3.68125e-06
3.65202e-06
3.62275e-06
3.59345e-06
3.56412e-06
3.53475e-06
3.50534e-06
3.4759e-06
3.44643e-06
3.41692e-06
3.38738e-06
3.3578e-06
3.3282e-06
3.29855e-06
3.26888e-06
3.23917e-06
3.20944e-06
3.17967e-06
3.14987e-06
3.12003e-06
3.09017e-06
3.06028e-06
3.03035e-06
3.0004e-06
2.97042e-06
2.9404e-06
2.91036e-06
2.88029e-06
2.85019e-06
2.82007e-06
2.78991e-06
2.75973e-06
2.72952e-06
2.69928e-06
2.66902e-06
2.63873e-06
2.60842e-06
2.57807e-06
2.54771e-06
2.51732e-06
2.4869e-06
2.45646e-06
2.42599e-06
2.3955e-06
2.36499e-06
2.33445e-06
2.30389e-06
2.27331e-06
2.24271e-06
2.21208e-06
2.18143e-06
2.15076e-06
2.12007e-06
2.08936e-06
2.05863e-06
2.02787e-06
1.9971e-06
1.96631e-06
1.93549e-06
1.90466e-06
1.87381e-06
1.84294e-06
1.81206e-06
1.78115e-06
1.75023e-06
1.71929e-06
1.68833e-06
1.65736e-06
1.62637e-06
1.59537e-06
1.56434e-06
1.53331e-06
1.50226e-06
1.47119e-06
1.44011e-06
1.40901e-06
1.3779e-06
1.34678e-06
1.31564e-06
1.28449e-06
1.25333e-06
1.22216e-06
1.19097e-06
1.15977e-06
1.12856e-06
1.09734e-06
1.06611e-06
1.03487e-06
1.00362e-06
9.72355e-07
9.41083e-07
9.09802e-07
8.78512e-07
8.47213e-07
8.15906e-07
7.84591e-07
7.53268e-07
7.21938e-07
6.906e-07
6.59256e-07
6.27905e-07
5.96548e-07
5.65185e-07
5.33817e-07
5.02443e-07
4.71065e-07
4.39681e-07
4.08294e-07
3.76902e-07
3.45506e-07
3.14108e-07
2.82706e-07
2.51301e-07
2.19894e-07
1.88484e-07
1.57073e-07
1.2566e-07
9.42464e-08
6.28314e-08
3.14159e-08
0.
Vec Object: 1 MPI processes
  type: seq
0.
0.000607682
0.000925988
0.00124429
0.00156258
0.00188086
0.00219912
0.00251736
0.00283559
0.00315378
0.00347195
0.00379009
0.00410819
0.00442625
0.00474428
0.00506226
0.00538019
0.00569807
0.0060159
0.00633367
0.00665139
0.00696904
0.00728662
0.00760414
0.00792158
0.00823895
0.00855624
0.00887344
0.00919057
0.0095076
0.00982454
0.0101414
0.0104581
0.0107748
0.0110913
0.0114078
0.0117241
0.0120403
0.0123564
0.0126724
0.0129883
0.013304
0.0136196
0.0139351
0.0142505
0.0145657
0.0148807
0.0151956
0.0155104
0.015825
0.0161395
0.0164538
0.016768
0.017082
0.0173958
0.0177094
0.0180229
0.0183362
0.0186494
0.0189623
0.0192751
0.0195877
0.0199
0.0202122
0.0205242
0.020836
0.0211476
0.021459
0.0217702
0.0220812
0.0223919
0.0227025
0.0230128
0.0233229
0.0236327
0.0239424
0.0242517
0.0245609
0.0248698
0.0251785
0.0254869
0.0257951
0.0261031
0.0264107
0.0267182
0.0270253
0.0273322
0.0276388
0.0279452
0.0282513
0.0285571
0.0288626
0.0291679
0.0294728
0.0297775
0.0300819
0.030386
0.0306898
0.0309933
0.0312965
0.0315994
0.0319019
0.0322042
0.0325062
0.0328078
0.0331091
0.0334101
0.0337107
0.0340111
0.0343111
0.0346107
0.03491
0.035209
0.0355077
0.035806
0.0361039
0.0364015
0.0366987
0.0369956
0.0372921
0.0375882
0.037884
0.0381794
0.0384744
0.0387691
0.0390633
0.0393572
0.0396507
0.0399438
0.0402366
0.0405289
0.0408208
0.0411124
0.0414035
0.0416942
0.0419845
0.0422744
0.0425639
0.042853
0.0431416
0.0434299
0.0437177
0.044005
0.044292
0.0445785
0.0448646
0.0451502
0.0454354
0.0457201
0.0460044
0.0462883
0.0465717
0.0468546
0.0471371
0.0474191
0.0477006
0.0479817
0.0482623
0.0485424
0.0488221
0.0491013
0.04938
0.0496582
0.0499359
0.0502131
0.0504899
0.0507661
0.0510419
0.0513171
0.0515919
0.0518661
0.0521398
0.052413
0.0526857
0.0529579
0.0532296
0.0535007
0.0537713
0.0540414
0.054311
0.05458
0.0548485
0.0551165
0.0553839
0.0556507
0.0559171
0.0561828
0.056448
0.0567127
0.0569768
0.0572404
0.0575034
0.0577658
0.0580276
0.0582889
0.0585496
0.0588098
0.0590693
0.0593283
0.0595867
0.0598445
0.0601017
0.0603584
0.0606144
0.0608699
0.0611247
0.061379
0.0616326
0.0618856
0.0621381
0.0623899
0.0626411
0.0628917
0.0631417
0.063391
0.0636397
0.0638879
0.0641353
0.0643822
0.0646284
0.064874
0.0651189
0.0653632
0.0656069
0.0658499
0.0660923
0.066334
0.0665751
0.0668155
0.0670552
0.0672943
0.0675328
0.0677705
0.0680076
0.0682441
0.0684799
0.0687149
0.0689494
0.0691831
0.0694162
0.0696486
0.0698802
0.0701113
0.0703416
0.0705712
0.0708001
0.0710284
0.0712559
0.0714828
0.0717089
0.0719343
0.0721591
0.0723831
0.0726064
0.072829
0.0730508
0.073272
0.0734924
0.0737121
0.0739311
0.0741494
0.0743669
0.0745837
0.0747998
0.0750151
0.0752297
0.0754436
0.0756567
0.0758691
0.0760807
0.0762916
0.0765017
0.0767111
0.0769197
0.0771276
0.0773347
0.077541
0.0777466
0.0779514
0.0781555
0.0783588
0.0785613
0.078763
0.078964
0.0791642
0.0793636
0.0795622
0.07976
0.0799571
0.0801534
0.0803489
0.0805436
0.0807375
0.0809306
0.0811229
0.0813144
0.0815052
0.0816951
0.0818842
0.0820725
0.08226
0.0824467
0.0826326
0.0828176
0.0830019
0.0831853
0.083368
0.0835498
0.0837307
0.0839109
0.0840902
0.0842687
0.0844464
0.0846232
0.0847993
0.0849744
0.0851488
0.0853223
0.0854949
0.0856668
0.0858377
0.0860079
0.0861772
0.0863456
0.0865132
0.08668
0.0868458
0.0870109
0.0871751
0.0873384
0.0875008
0.0876624
0.0878232
0.0879831
0.0881421
0.0883002
0.0884575
0.0886139
0.0887694
0.0889241
0.0890779
0.0892308
0.0893828
0.089534
0.0896842
0.0898336
0.0899821
0.0901298
0.0902765
0.0904223
0.0905673
0.0907113
0.0908545
0.0909968
0.0911382
0.0912787
0.0914183
0.0915569
0.0916947
0.0918316
0.0919676
0.0921027
0.0922368
0.0923701
0.0925025
0.0926339
0.0927644
0.0928941
0.0930228
0.0931506
0.0932774
0.0934034
0.0935284
0.0936525
0.0937757
0.093898
0.0940194
0.0941398
0.0942593
0.0943779
0.0944955
0.0946122
0.094728
0.0948428
0.0949568
0.0950697
0.0951818
0.0952929
0.0954031
0.0955123
0.0956206
0.095728
0.0958344
0.0959398
0.0960444
0.0961479
0.0962506
0.0963523
0.096453
0.0965528
0.0966516
0.0967495
0.0968464
0.0969424
0.0970375
0.0971315
0.0972247
0.0973168
0.097408
0.0974983
0.0975875
0.0976759
0.0977632
0.0978496
0.0979351
0.0980196
0.0981031
0.0981856
0.0982672
0.0983478
0.0984274
0.0985061
0.0985838
0.0986606
0.0987363
0.0988111
0.0988849
0.0989578
0.0990297
0.0991006
0.0991705
0.0992394
0.0993074
0.0993744
0.0994404
0.0995055
0.0995695
0.0996326
0.0996947
0.0997558
0.099816
0.0998751
0.0999333
0.0999905
0.100047
0.100102
0.100156
0.100209
0.100262
0.100313
0.100363
0.100413
0.100461
0.100508
0.100554
0.1006
0.100644
0.100688
0.10073
0.100771
0.100812
0.100851
0.100889
0.100927
0.100963
0.100999
0.101033
0.101067
0.101099
0.101131
0.101161
0.10119
0.101219
0.101246
0.101273
0.101298
0.101323
0.101346
0.101369
0.10139
0.101411
0.10143
0.101449
0.101466
0.101483
0.101498
0.101513
0.101526
0.101539
0.10155
0.101561
0.10157
0.101579
0.101586
0.101593
0.101598
0.101603
0.101606
0.101609
0.10161
0.101611
0.10161
0.101609
0.101606
0.101603
0.101598
0.101593
0.101586
0.101579
0.10157
0.101561
0.10155
0.101539
0.101526
0.101513
0.101498
0.101483
0.101466
0.101449
0.10143
0.101411
0.10139
0.101369
0.101346
0.101323
0.101298
0.101273
0.101246
0.101219
0.10119
0.101161
0.101131
0.101099
0.101067
0.101033
0.100999
0.100963
0.100927
0.100889
0.100851
0.100812
0.100771
0.10073
0.100688
0.100644
0.1006
0.100554
0.100508
0.100461
0.100413
0.100363
0.100313
0.100262
0.100209
0.100156
0.100102
0.100047
0.0999905
0.0999333
0.0998751
0.099816
0.0997558
0.0996947
0.0996326
0.0995695
0.0995055
0.0994404
0.0993744
0.0993074
0.0992394
0.0991705
0.0991006
0.0990297
0.0989578
0.0988849
0.0988111
0.0987363
0.0986606
0.0985838
0.0985061
0.0984274
0.0983478
0.0982672
0.0981856
0.0981031
0.0980196
0.0979351
0.0978496
0.0977632
0.0976759
0.0975875
0.0974983
0.097408
0.0973168
0.0972247
0.0971315
0.0970375
0.0969424
0.0968464
0.0967495
0.0966516
0.0965528
0.096453
0.0963523
0.0962506
0.0961479
0.0960444
0.0959398
0.0958344
0.095728
0.0956206
0.0955123
0.0954031
0.0952929
0.0951818
0.0950697
0.0949568
0.0948428
0.094728
0.0946122
0.0944955
0.0943779
0.0942593
0.0941398
0.0940194
0.093898
0.0937757
0.0936525
0.0935284
0.0934034
0.0932774
0.0931506
0.0930228
0.0928941
0.0927644
0.0926339
0.0925025
0.0923701
0.0922368
0.0921027
0.0919676
0.0918316
0.0916947
0.0915569
0.0914183
0.0912787
0.0911382
0.0909968
0.0908545
0.0907113
0.0905673
0.0904223
0.0902765
0.0901298
0.0899821
0.0898336
0.0896842
0.089534
0.0893828
0.0892308
0.0890779
0.0889241
0.0887694
0.0886139
0.0884575
0.0883002
0.0881421
0.0879831
0.0878232
0.0876624
0.0875008
0.0873384
0.0871751
0.0870109
0.0868458
0.08668
0.0865132
0.0863456
0.0861772
0.0860079
0.0858377
0.0856668
0.0854949
0.0853223
0.0851488
0.0849744
0.0847993
0.0846232
0.0844464
0.0842687
0.0840902
0.0839109
0.0837307
0.0835498
0.083368
0.0831853
0.0830019
0.0828176
0.0826326
0.0824467
0.08226
0.0820725
0.0818842
0.0816951
0.0815052
0.0813144
0.0811229
0.0809306
0.0807375
0.0805436
0.0803489
0.0801534
0.0799571
0.07976
0.0795622
0.0793636
0.0791642
0.078964
0.078763
0.0785613
0.0783588
0.0781555
0.0779514
0.0777466
0.077541
0.0773347
0.0771276
0.0769197
0.0767111
0.0765017
0.0762916
0.0760807
0.0758691
0.0756567
0.0754436
0.0752297
0.0750151
0.0747998
0.0745837
0.0743669
0.0741494
0.0739311
0.0737121
0.0734924
0.073272
0.0730508
0.072829
0.0726064
0.0723831
0.0721591
0.0719343
0.0717089
0.0714828
0.0712559
0.0710284
0.0708001
0.0705712
0.0703416
0.0701113
0.0698802
0.0696486
0.0694162
0.0691831
0.0689494
0.0687149
0.0684799
0.0682441
0.0680076
0.0677705
0.0675328
0.0672943
0.0670552
0.0668155
0.0665751
0.066334
0.0660923
0.0658499
0.0656069
0.0653632
0.0651189
0.064874
0.0646284
0.0643822
0.0641353
0.0638879
0.0636397
0.063391
0.0631417
0.0628917
0.0626411
0.0623899
0.0621381
0.0618856
0.0616326
0.061379
0.0611247
0.0608699
0.0606144
0.0603584
0.0601017
0.0598445
0.0595867
0.0593283
0.0590693
0.0588098
0.0585496
0.0582889
0.0580276
0.0577658
0.0575034
0.0572404
0.0569768
0.0567127
0.056448
0.0561828
0.0559171
0.0556507
0.0553839
0.0551165
0.0548485
0.05458
0.054311
0.0540414
0.0537713
0.0535007
0.0532296
0.0529579
0.0526857
0.052413
0.0521398
0.0518661
0.0515919
0.0513171
0.0510419
0.0507661
0.0504899
0.0502131
0.0499359
0.0496582
0.04938
0.0491013
0.0488221
0.0485424
0.0482623
0.0479817
0.0477006
0.0474191
0.0471371
0.0468546
0.0465717
0.0462883
0.0460044
0.0457201
0.0454354
0.0451502
0.0448646
0.0445785
0.044292
0.044005
0.0437177
0.0434299
0.0431416
0.042853
0.0425639
0.0422744
0.0419845
0.0416942
0.0414035
0.0411124
0.0408208
0.0405289
0.0402366
0.0399438
0.0396507
0.0393572
0.0390633
0.0387691
0.0384744
0.0381794
0.037884
0.0375882
0.0372921
0.0369956
0.0366987
0.0364015
0.0361039
0.035806
0.0355077
0.035209
0.03491
0.0346107
0.0343111
0.0340111
0.0337107
0.0334101
0.0331091
0.0328078
0.0325062
0.0322042
0.0319019
0.0315994
0.0312965
0.0309933
0.0306898
0.030386
0.0300819
0.0297775
0.0294728
0.0291679
0.0288626
0.0285571
0.0282513
0.0279452
0.0276388
0.0273322
0.0270253
0.0267182
0.0264107
0.0261031
0.0257951
0.0254869
0.0251785
0.0248698
0.0245609
0.0242517
0.0239424
0.0236327
0.0233229
0.0230128
0.0227025
0.0223919
0.0220812
0.0217702
0.021459
0.0211476
0.020836
0.0205242
0.0202122
0.0199
0.0195877
0.0192751
0.0189623
0.0186494
0.0183362
0.0180229
0.0177094
0.0173958
0.017082
0.016768
0.0164538
0.0161395
0.015825
0.0155104
0.0151956
0.0148807
0.0145657
0.0142505
0.0139351
0.0136196
0.013304
0.0129883
0.0126724
0.0123564
0.0120403
0.0117241
0.0114078
0.0110913
0.0107748
0.0104581
0.0101414
0.00982454
0.0095076
0.00919057
0.00887344
0.00855624
0.00823895
0.00792158
0.00760414
0.00728662
0.00696904
0.00665139
0.00633367
0.0060159
0.00569807
0.00538019
0.00506226
0.00474428
0.00442625
0.00410819
0.00379009
0.00347195
0.00315378
0.00283559
0.00251736
0.00219912
0.00188086
0.00156258
0.00124429
0.000925988
0.000607682
0.
************************************************************************************************************************
***             WIDEN YOUR WINDOW TO 120 CHARACTERS.  Use 'enscript -r -fCourier9' to print this document            ***
************************************************************************************************************************

---------------------------------------------- PETSc Performance Summary: ----------------------------------------------



      ##########################################################
      #                                                        #
      #                       WARNING!!!                       #
      #                                                        #
      #   This code was compiled with a debugging option.      #
      #   To get timing results run ./configure                #
      #   using --with-debugging=no, the performance will      #
      #   be generally two or three times faster.              #
      #                                                        #
      ##########################################################


./implicit_heat.out on a  named r01n17 with 1 processor, by mae-lizj Thu Jun  9 00:32:21 2022
Using Petsc Release Version 3.16.6, Mar 30, 2022 

                         Max       Max/Min     Avg       Total
Time (sec):           5.858e+02     1.000   5.858e+02
Objects:              5.000e+01     1.000   5.000e+01
Flop:                 9.303e+11     1.000   9.303e+11  9.303e+11
Flop/sec:             1.588e+09     1.000   1.588e+09  1.588e+09
Memory:               7.800e+05     1.000   7.800e+05  7.800e+05
MPI Messages:         0.000e+00     0.000   0.000e+00  0.000e+00
MPI Message Lengths:  0.000e+00     0.000   0.000e+00  0.000e+00
MPI Reductions:       0.000e+00     0.000

Flop counting convention: 1 flop = 1 real number operation of type (multiply/divide/add/subtract)
                            e.g., VecAXPY() for real vectors of length N --> 2N flop
                            and VecAXPY() for complex vectors of length N --> 8N flop

Summary of Stages:   ----- Time ------  ----- Flop ------  --- Messages ---  -- Message Lengths --  -- Reductions --
                        Avg     %Total     Avg     %Total    Count   %Total     Avg         %Total    Count   %Total
 0:      Main Stage: 5.8575e+02 100.0%  9.3034e+11 100.0%  0.000e+00   0.0%  0.000e+00        0.0%  0.000e+00   0.0%

------------------------------------------------------------------------------------------------------------------------
See the 'Profiling' chapter of the users' manual for details on interpreting output.
Phase summary info:
   Count: number of times phase was executed
   Time and Flop: Max - maximum over all processors
                  Ratio - ratio of maximum to minimum over all processors
   Mess: number of messages sent
   AvgLen: average message length (bytes)
   Reduct: number of global reductions
   Global: entire computation
   Stage: stages of a computation. Set stages with PetscLogStagePush() and PetscLogStagePop().
      %T - percent time in this phase         %F - percent flop in this phase
      %M - percent messages in this phase     %L - percent message lengths in this phase
      %R - percent reductions in this phase
   Total Mflop/s: 10e-6 * (sum of flop over all processors)/(max time over all processors)
------------------------------------------------------------------------------------------------------------------------


      ##########################################################
      #                                                        #
      #                       WARNING!!!                       #
      #                                                        #
      #   This code was compiled with a debugging option.      #
      #   To get timing results run ./configure                #
      #   using --with-debugging=no, the performance will      #
      #   be generally two or three times faster.              #
      #                                                        #
      ##########################################################


Event                Count      Time (sec)     Flop                              --- Global ---  --- Stage ----  Total
                   Max Ratio  Max     Ratio   Max  Ratio  Mess   AvgLen  Reduct  %T %F %M %L %R  %T %F %M %L %R Mflop/s
------------------------------------------------------------------------------------------------------------------------

--- Event Stage 0: Main Stage

VecView                3 1.0 9.1579e-03 1.0 0.00e+00 0.0 0.0e+00 0.0e+00 0.0e+00  0  0  0  0  0   0  0  0  0  0     0
VecDot           191224693 1.0 9.9321e+01 1.0 3.83e+11 1.0 0.0e+00 0.0e+00 0.0e+00 17 41  0  0  0  17 41  0  0  0  3853
VecNorm          15021625 1.0 6.3322e+00 1.0 3.01e+10 1.0 0.0e+00 0.0e+00 0.0e+00  1  3  0  0  0   1  3  0  0  0  4747
VecScale         15021625 1.0 6.6931e+00 1.0 1.50e+10 1.0 0.0e+00 0.0e+00 0.0e+00  1  2  0  0  0   1  2  0  0  0  2247
VecCopy           900013 1.0 6.6776e-01 1.0 0.00e+00 0.0 0.0e+00 0.0e+00 0.0e+00  0  0  0  0  0   0  0  0  0  0     0
VecSet            900053 1.0 6.1010e-01 1.0 0.00e+00 0.0 0.0e+00 0.0e+00 0.0e+00  0  0  0  0  0   0  0  0  0  0     0
VecAXPY          192343506 1.0 9.1520e+01 1.0 3.85e+11 1.0 0.0e+00 0.0e+00 0.0e+00 16 41  0  0  0  16 41  0  0  0  4208
VecMAXPY          600013 1.0 6.7381e+00 1.0 2.89e+10 1.0 0.0e+00 0.0e+00 0.0e+00  1  3  0  0  0   1  3  0  0  0  4285
VecAssemblyBegin  300002 1.0 5.1328e-02 1.0 0.00e+00 0.0 0.0e+00 0.0e+00 0.0e+00  0  0  0  0  0   0  0  0  0  0     0
VecAssemblyEnd    300002 1.0 5.0733e-02 1.0 0.00e+00 0.0 0.0e+00 0.0e+00 0.0e+00  0  0  0  0  0   0  0  0  0  0     0
VecPointwiseMult 15021625 1.0 1.2081e+01 1.0 1.50e+10 1.0 0.0e+00 0.0e+00 0.0e+00  2  2  0  0  0   2  2  0  0  0  1245
VecNormalize     15021625 1.0 2.1933e+01 1.0 4.51e+10 1.0 0.0e+00 0.0e+00 0.0e+00  4  5  0  0  0   4  5  0  0  0  2056
MatMult          14721625 1.0 1.0732e+02 1.0 7.36e+10 1.0 0.0e+00 0.0e+00 0.0e+00 18  8  0  0  0  18  8  0  0  0   686
MatAssemblyBegin       1 1.0 9.5367e-07 1.0 0.00e+00 0.0 0.0e+00 0.0e+00 0.0e+00  0  0  0  0  0   0  0  0  0  0     0
MatAssemblyEnd         1 1.0 7.9155e-05 1.0 0.00e+00 0.0 0.0e+00 0.0e+00 0.0e+00  0  0  0  0  0   0  0  0  0  0     0
MatView                1 1.0 7.7169e-03 1.0 0.00e+00 0.0 0.0e+00 0.0e+00 0.0e+00  0  0  0  0  0   0  0  0  0  0     0
KSPSetUp               1 1.0 2.0909e-04 1.0 0.00e+00 0.0 0.0e+00 0.0e+00 0.0e+00  0  0  0  0  0   0  0  0  0  0     0
KSPSolve          300000 1.0 5.8388e+02 1.0 9.30e+11 1.0 0.0e+00 0.0e+00 0.0e+00100100  0  0  0 100100  0  0  0  1592
KSPGMRESOrthog   14421612 1.0 3.7669e+02 1.0 7.65e+11 1.0 0.0e+00 0.0e+00 0.0e+00 64 82  0  0  0  64 82  0  0  0  2032
PCSetUp                1 1.0 1.4067e-05 1.0 0.00e+00 0.0 0.0e+00 0.0e+00 0.0e+00  0  0  0  0  0   0  0  0  0  0     0
PCApply          15021625 1.0 1.9445e+01 1.0 1.50e+10 1.0 0.0e+00 0.0e+00 0.0e+00  3  2  0  0  0   3  2  0  0  0   773
------------------------------------------------------------------------------------------------------------------------

Memory usage is given in bytes:

Object Type          Creations   Destructions     Memory  Descendants' Mem.
Reports information only for process 0.

--- Event Stage 0: Main Stage

              Vector    38              1         9632     0.
              Matrix     1              0            0     0.
              Viewer     4              2         1680     0.
       Krylov Solver     1              0            0     0.
      Preconditioner     1              0            0     0.
    Distributed Mesh     1              0            0     0.
   Star Forest Graph     2              0            0     0.
     Discrete System     1              0            0     0.
           Weak Form     1              0            0     0.
========================================================================================================================
Average time to get PetscTime(): 0.
#PETSc Option Table entries:
-ksp_atol 1.0e-50
-ksp_gmres_modifiedgramschmidt
-ksp_gmres_restart 30
-ksp_max_it 1500
-ksp_rtol 1.0e-10
-ksp_type gmres
-log_view
-pc_type jacobi
#End of PETSc Option Table entries
Compiled without FORTRAN kernels
Compiled with full precision matrices (default)
sizeof(short) 2 sizeof(int) 4 sizeof(long) 8 sizeof(void*) 8 sizeof(PetscScalar) 8 sizeof(PetscInt) 4
Configure options: --prefix=/work/mae-lizj/lib/petsc-3.16.6 --with-blaslapack-dir=/share/intel/2018u4/compilers_and_libraries_2018.5.274/linux/mkl --with- debugging=no --download-hypre --download-metis --download-hdf5=/work/mae-lizj/HPC_testing/homework4/hdf5-1.12.1.tar.gz --with-mpi-dir=/share/intel/2018u4/compilers_and_libraries_2018.5.274/linux/mpi/intel64 COPTFLAGS="-O3 -march=native -mtune=native" CXXPTFLAGS="-O3 -march=native - mtune=native" FOPTFLAGS="-O3 -march=native -mtune=native"
-----------------------------------------
Libraries compiled on 2022-05-08 14:25:15 on login03 
Machine characteristics: Linux-3.10.0-862.el7.x86_64-x86_64-with-redhat-7.5-Maipo
Using PETSc directory: /work/mae-lizj/lib/petsc-3.16.6
Using PETSc arch: 
-----------------------------------------

Using C compiler: /share/intel/2018u4/compilers_and_libraries_2018.5.274/linux/mpi/intel64/bin/mpiicc  -fPIC -wd1572 -Wno-unknown-pragmas -O3 -march=native -mtune=native  -std=c99 
Using Fortran compiler: /share/intel/2018u4/compilers_and_libraries_2018.5.274/linux/mpi/intel64/bin/mpiifort  -fPIC -O3 -march=native -mtune=native     -std=c99
-----------------------------------------

Using include paths: -I/work/mae-lizj/lib/petsc-3.16.6/include -I/share/intel/2018u4/compilers_and_libraries_2018.5.274/linux/mpi/intel64/include
-----------------------------------------

Using C linker: /share/intel/2018u4/compilers_and_libraries_2018.5.274/linux/mpi/intel64/bin/mpiicc
Using Fortran linker: /share/intel/2018u4/compilers_and_libraries_2018.5.274/linux/mpi/intel64/bin/mpiifort
Using libraries: -Wl,-rpath,/work/mae-lizj/lib/petsc-3.16.6/lib -L/work/mae-lizj/lib/petsc-3.16.6/lib -lpetsc -Wl,-rpath,/work/mae-lizj/lib/petsc-3.16.6/lib -L/work/mae-lizj/lib/petsc-3.16.6/lib -Wl,-rpath,/share/intel/2018u4/compilers_and_libraries_2018.5.274/linux/mkl/lib/intel64 -L/share/intel/2018u4/compilers_and_libraries_2018.5.274/linux/mkl/lib/intel64 -Wl,-rpath,/share/intel/2018u4/compilers_and_libraries_2018.5.274/linux/mpi/intel64/lib/release_mt -L/share/intel/2018u4/compilers_and_libraries_2018.5.274/linux/mpi/intel64/lib/release_mt -Wl,-rpath,/share/intel/2018u4/compilers_and_libraries_2018.5.274/linux/mpi/intel64/lib -L/share/intel/2018u4/compilers_and_libraries_2018.5.274/linux/mpi/intel64/lib -Wl,-rpath,/share/intel/2018u4/compilers_and_libraries_2018.5.274/linux/tbb/lib/intel64_lin/gcc4.4 -L/share/intel/2018u4/compilers_and_libraries_2018.5.274/linux/tbb/lib/intel64_lin/gcc4.4 -Wl,-rpath,/share/intel/2018u4/compilers_and_libraries_2018.5.274/linux/daal/lib/intel64_lin -L/share/intel/2018u4/compilers_and_libraries_2018.5.274/linux/daal/lib/intel64_lin -Wl,-rpath,/share/intel/2018u4/compilers_and_libraries_2018.5.274/linux/tbb/lib/intel64/gcc4.4 -L/share/intel/2018u4/compilers_and_libraries_2018.5.274/linux/tbb/lib/intel64/gcc4.4 -Wl,-rpath,/share/intel/2018u4/compilers_and_libraries_2018.5.274/linux/compiler/lib/intel64 -L/share/intel/2018u4/compilers_and_libraries_2018.5.274/linux/compiler/lib/intel64 -Wl,-rpath,/share/intel/2018u4/compilers_and_libraries_2018.5.274/linux/ipp/lib/intel64 -L/share/intel/2018u4/compilers_and_libraries_2018.5.274/linux/ipp/lib/intel64 -Wl,-rpath,/share/intel/2018u4/compilers_and_libraries_2018.5.274/linux/compiler/lib/intel64_lin -L/share/intel/2018u4/compilers_and_libraries_2018.5.274/linux/compiler/lib/intel64_lin -Wl,-rpath,/usr/lib/gcc/x86_64-redhat-linux/4.8.5 -L/usr/lib/gcc/x86_64-redhat-linux/4.8.5 -Wl,-rpath,/opt/intel/mpi-rt/2017.0.0/intel64/lib/release_mt -Wl,-rpath,/opt/intel/mpi-rt/2017.0.0/intel64/lib -lHYPRE -lmkl_intel_lp64 -lmkl_core -lmkl_sequential -lpthread -lhdf5_hl -lhdf5 -lmetis -lX11 -lstdc++ -ldl -lmpifort -lmpi -lmpigi -lrt -lpthread -lifport -lifcoremt_pic -limf -lsvml -lm -lipgo -lirc -lgcc_s -lirc_s -lquadmath -lstdc++ -ldl
-----------------------------------------



      ##########################################################
      #                                                        #
      #                       WARNING!!!                       #
      #                                                        #
      #   This code was compiled with a debugging option.      #
      #   To get timing results run ./configure                #
      #   using --with-debugging=no, the performance will      #
      #   be generally two or three times faster.              #
      #                                                        #
      ##########################################################


